Log file open, 03/25/19 21:33:23
LogWindows: Failed to load 'aqProf.dll' (GetLastError=126)
LogWindows: File 'aqProf.dll' does not exist
LogWindows: Failed to load 'VtuneApi.dll' (GetLastError=126)
LogWindows: File 'VtuneApi.dll' does not exist
LogWindows: Failed to load 'VtuneApi32e.dll' (GetLastError=126)
LogWindows: File 'VtuneApi32e.dll' does not exist
LogConsoleResponse: Display: Failed to find resolution value strings in scalability ini. Falling back to default.
LogInit: Display: Running engine for game: SetchOnLegs
LogPakFile: Registered encryption key '00000000000000000000000000000000': 0 pak files mounted, 0 remain pending
LogPlatformFile: Not using cached read wrapper
LogTaskGraph: Started task graph with 5 named threads and 14 total threads with 3 sets of task threads.
LogStats: Stats thread started at 1.725294
LogD3D11RHI: Loaded GFSDK_Aftermath_Lib.x64.dll
LogICUInternationalization: ICU TimeZone Detection - Raw Offset: +0:00, Platform Override: ''
LogPluginManager: Mounting plugin Paper2D
LogPluginManager: Mounting plugin AISupport
LogPluginManager: Mounting plugin LightPropagationVolume
LogPluginManager: Mounting plugin ActorLayerUtilities
LogPluginManager: Mounting plugin CLionSourceCodeAccess
LogPluginManager: Mounting plugin CodeLiteSourceCodeAccess
LogPluginManager: Mounting plugin GitSourceControl
LogPluginManager: Mounting plugin KDevelopSourceCodeAccess
LogPluginManager: Mounting plugin NullSourceCodeAccess
LogPluginManager: Mounting plugin PerforceSourceControl
LogPluginManager: Mounting plugin SubversionSourceControl
LogPluginManager: Mounting plugin UObjectPlugin
LogPluginManager: Mounting plugin VisualStudioCodeSourceCodeAccess
LogPluginManager: Mounting plugin VisualStudioSourceCodeAccess
LogPluginManager: Mounting plugin XCodeSourceCodeAccess
LogPluginManager: Mounting plugin AssetManagerEditor
LogPluginManager: Mounting plugin CryptoKeys
LogPluginManager: Mounting plugin DataValidation
LogPluginManager: Mounting plugin FacialAnimation
LogPluginManager: Mounting plugin GameplayTagsEditor
LogPluginManager: Mounting plugin MacGraphicsSwitching
LogPluginManager: Mounting plugin MeshEditor
LogPluginManager: Mounting plugin MobileLauncherProfileWizard
LogPluginManager: Mounting plugin PluginBrowser
LogPluginManager: Mounting plugin SpeedTreeImporter
LogPluginManager: Mounting plugin DatasmithContent
LogPluginManager: Mounting plugin VariantManagerContent
LogPluginManager: Mounting plugin AlembicImporter
LogPluginManager: Mounting plugin AppleImageUtils
LogPluginManager: Mounting plugin AppleVision
LogPluginManager: Mounting plugin BackChannel
LogPluginManager: Mounting plugin CharacterAI
LogPluginManager: Mounting plugin GeometryCache
LogPluginManager: Mounting plugin HTML5Networking
LogPluginManager: Mounting plugin ProxyLODPlugin
LogPluginManager: Mounting plugin MagicLeap
LogPluginManager: Mounting plugin MagicLeapMedia
LogPluginManager: Mounting plugin AndroidMedia
LogPluginManager: Mounting plugin AvfMedia
LogPluginManager: Mounting plugin ImgMedia
LogPluginManager: Mounting plugin LinearTimecode
LogPluginManager: Mounting plugin MediaCompositing
LogPluginManager: Mounting plugin MediaPlayerEditor
LogPluginManager: Mounting plugin WebMMedia
LogPluginManager: Mounting plugin WmfMedia
LogPluginManager: Mounting plugin TcpMessaging
LogPluginManager: Mounting plugin UdpMessaging
LogPluginManager: Mounting plugin ActorSequence
LogPluginManager: Mounting plugin LevelSequenceEditor
LogPluginManager: Mounting plugin MatineeToLevelSequence
LogPluginManager: Mounting plugin NetcodeUnitTest
LogPluginManager: Mounting plugin NUTUnrealEngine4
LogPluginManager: Mounting plugin OnlineSubsystemGooglePlay
LogPluginManager: Mounting plugin OnlineSubsystemIOS
LogPluginManager: Mounting plugin OnlineSubsystem
LogPluginManager: Mounting plugin OnlineSubsystemNull
LogPluginManager: Mounting plugin OnlineSubsystemUtils
LogPluginManager: Mounting plugin LauncherChunkInstaller
LogPluginManager: Mounting plugin AndroidDeviceProfileSelector
LogPluginManager: Mounting plugin AndroidMoviePlayer
LogPluginManager: Mounting plugin AndroidPermission
LogPluginManager: Mounting plugin AppleMoviePlayer
LogPluginManager: Mounting plugin ArchVisCharacter
LogPluginManager: Mounting plugin AudioCapture
LogPluginManager: Mounting plugin CableComponent
LogPluginManager: Mounting plugin CustomMeshComponent
LogPluginManager: Mounting plugin EditableMesh
LogPluginManager: Mounting plugin ExampleDeviceProfileSelector
LogPluginManager: Mounting plugin Firebase
LogPluginManager: Mounting plugin GoogleCloudMessaging
LogPluginManager: Mounting plugin IOSDeviceProfileSelector
LogPluginManager: Mounting plugin LinuxDeviceProfileSelector
LogPluginManager: Mounting plugin LocationServicesBPLibrary
LogPluginManager: Mounting plugin MobilePatchingUtils
LogPluginManager: Mounting plugin OculusVR
LogPluginManager: Mounting plugin PhysXVehicles
LogPluginManager: Mounting plugin ProceduralMeshComponent
LogPluginManager: Mounting plugin RuntimePhysXCooking
LogPluginManager: Mounting plugin SteamVR
LogPluginManager: Mounting plugin WebMMoviePlayer
LogPluginManager: Mounting plugin WindowsMoviePlayer
LogStreaming: Display: Took  0.118s to configure plugins.
LogInit: Using libcurl 7.55.1-DEV
LogInit:  - built for x86_64-pc-win32
LogInit:  - supports SSL with OpenSSL/1.0.2h
LogInit:  - supports HTTP deflate (compression) using libz 1.2.8
LogInit:  - other features:
LogInit:      CURL_VERSION_SSL
LogInit:      CURL_VERSION_LIBZ
LogInit:      CURL_VERSION_IPV6
LogInit:      CURL_VERSION_ASYNCHDNS
LogInit:      CURL_VERSION_LARGEFILE
LogInit:      CURL_VERSION_IDN
LogInit:  CurlRequestOptions (configurable via config and command line):
LogInit:  - bVerifyPeer = true  - Libcurl will verify peer certificate
LogInit:  - bUseHttpProxy = false  - Libcurl will NOT use HTTP proxy
LogInit:  - bDontReuseConnections = false  - Libcurl will reuse connections
LogInit:  - MaxHostConnections = 16  - Libcurl will limit the number of connections to a host
LogInit:  - LocalHostAddr = Default
LogInit:  - BufferSize = 65536
LogInit: WinSock: version 1.1 (2.2), MaxSocks=32767, MaxUdp=65467
LogInit: Build: ++UE4+Release-4.21-CL-4613538
LogInit: Engine Version: 4.21.1-4613538+++UE4+Release-4.21
LogInit: Compatible Engine Version: 4.21.0-4541578+++UE4+Release-4.21
LogInit: Net CL: 4541578
LogInit: OS: Windows 10 (), CPU: Intel(R) Core(TM) i5-6500 CPU @ 3.20GHz, GPU: NVIDIA GeForce GTX 1060 3GB
LogInit: Compiled (64-bit): Nov 30 2018 04:13:25
LogInit: Compiled with Visual C++: 19.13.26129.00
LogInit: Build Configuration: Development
LogInit: Branch Name: ++UE4+Release-4.21
LogInit: Command Line:  /Game/SetchOnLegs/Levels/GreasyGrove/GreasyGroveBoss -game -PIEVIACONSOLE -ResX=1280 -ResY=720 -Multiprocess -messaging -SessionName="Play in Standalone Game" -windowed
LogInit: Base Directory: S:/Program Files/Epic Games/UE_4.21/Engine/Binaries/Win64/
LogInit: Installed Engine Build: 1
LogDevObjectVersion: Number of dev versions registered: 22
LogDevObjectVersion:   Dev-Blueprints (B0D832E4-1F89-4F0D-ACCF-7EB736FD4AA2): 10
LogDevObjectVersion:   Dev-Build (E1C64328-A22C-4D53-A36C-8E866417BD8C): 0
LogDevObjectVersion:   Dev-Core (375EC13C-06E4-48FB-B500-84F0262A717E): 2
LogDevObjectVersion:   Dev-Editor (E4B068ED-F494-42E9-A231-DA0B2E46BB41): 26
LogDevObjectVersion:   Dev-Framework (CFFC743F-43B0-4480-9391-14DF171D2073): 34
LogDevObjectVersion:   Dev-Mobile (B02B49B5-BB20-44E9-A304-32B752E40360): 2
LogDevObjectVersion:   Dev-Networking (A4E4105C-59A1-49B5-A7C5-40C4547EDFEE): 0
LogDevObjectVersion:   Dev-Online (39C831C9-5AE6-47DC-9A44-9C173E1C8E7C): 0
LogDevObjectVersion:   Dev-Physics (78F01B33-EBEA-4F98-B9B4-84EACCB95AA2): 0
LogDevObjectVersion:   Dev-Platform (6631380F-2D4D-43E0-8009-CF276956A95A): 0
LogDevObjectVersion:   Dev-Rendering (12F88B9F-8875-4AFC-A67C-D90C383ABD29): 27
LogDevObjectVersion:   Dev-Sequencer (7B5AE74C-D270-4C10-A958-57980B212A5A): 9
LogDevObjectVersion:   Dev-VR (D7296918-1DD6-4BDD-9DE2-64A83CC13884): 2
LogDevObjectVersion:   Dev-LoadTimes (C2A15278-BFE7-4AFE-6C17-90FF531DF755): 1
LogDevObjectVersion:   Private-Geometry (6EACA3D4-40EC-4CC1-B786-8BED09428FC5): 3
LogDevObjectVersion:   Dev-AnimPhys (29E575DD-E0A3-4627-9D10-D276232CDCEA): 17
LogDevObjectVersion:   Dev-Anim (AF43A65D-7FD3-4947-9873-3E8ED9C1BB05): 2
LogDevObjectVersion:   Dev-ReflectionCapture (6B266CEC-1EC7-4B8F-A30B-E4D90942FC07): 1
LogDevObjectVersion:   Dev-Automation (0DF73D61-A23F-47EA-B727-89E90C41499A): 1
LogDevObjectVersion:   FortniteMain (601D1886-AC64-4F84-AA16-D3DE0DEAC7D6): 17
LogDevObjectVersion:   Dev-Enterprise (9DFFBCD6-494F-0158-E221-12823C92A888): 4
LogDevObjectVersion:   Dev-Niagara (F2AED0AC-9AFE-416F-8664-AA7FFA26D6FC): 1
LogStreaming: Display: Took  0.011s to delete old logs.
LogInit: Presizing for max 8388607 objects, including 0 objects not considered by GC, pre-allocating 0 bytes for permanent pool.
LogInit: Object subsystem initialized
LogConfig: Setting CVar [[con.DebugEarlyDefault:1]]
LogConfig: Setting CVar [[r.setres:1280x720]]
[2019.03.25-21.33.24:986][  0]LogConfig: Setting CVar [[con.DebugEarlyDefault:1]]
[2019.03.25-21.33.24:986][  0]LogConfig: Setting CVar [[r.setres:1280x720]]
[2019.03.25-21.33.24:986][  0]LogConfig: Applying CVar settings from Section [/Script/Engine.RendererSettings] File [C:/Users/scott/Documents/SetchOnLegs/SetchOnLegs/Saved/Config/Windows/Engine.ini]
[2019.03.25-21.33.24:986][  0]LogConfig: Setting CVar [[r.GPUCrashDebugging:0]]
[2019.03.25-21.33.24:986][  0]LogConfig: Setting CVar [[r.MobileHDR:1]]
[2019.03.25-21.33.24:986][  0]LogConfig: Setting CVar [[r.Mobile.DisableVertexFog:1]]
[2019.03.25-21.33.24:986][  0]LogConfig: Setting CVar [[r.Shadow.CSM.MaxMobileCascades:2]]
[2019.03.25-21.33.24:986][  0]LogConfig: Setting CVar [[r.MobileMSAA:1]]
[2019.03.25-21.33.24:986][  0]LogConfig: Setting CVar [[r.Mobile.UseLegacyShadingModel:0]]
[2019.03.25-21.33.24:986][  0]LogConfig: Setting CVar [[r.Mobile.AllowDitheredLODTransition:0]]
[2019.03.25-21.33.24:986][  0]LogConfig: Setting CVar [[r.Mobile.AllowSoftwareOcclusion:0]]
[2019.03.25-21.33.24:986][  0]LogConfig: Setting CVar [[r.DiscardUnusedQuality:0]]
[2019.03.25-21.33.24:986][  0]LogConfig: Setting CVar [[r.AllowOcclusionQueries:1]]
[2019.03.25-21.33.24:986][  0]LogConfig: Setting CVar [[r.MinScreenRadiusForLights:0.030000]]
[2019.03.25-21.33.24:986][  0]LogConfig: Setting CVar [[r.MinScreenRadiusForDepthPrepass:0.030000]]
[2019.03.25-21.33.24:986][  0]LogConfig: Setting CVar [[r.MinScreenRadiusForCSMDepth:0.010000]]
[2019.03.25-21.33.24:986][  0]LogConfig: Setting CVar [[r.PrecomputedVisibilityWarning:0]]
[2019.03.25-21.33.24:986][  0]LogConfig: Setting CVar [[r.TextureStreaming:1]]
[2019.03.25-21.33.24:986][  0]LogConfig: Setting CVar [[Compat.UseDXT5NormalMaps:0]]
[2019.03.25-21.33.24:986][  0]LogConfig: Setting CVar [[r.ClearCoatNormal:0]]
[2019.03.25-21.33.24:986][  0]LogConfig: Setting CVar [[r.ReflectionCaptureResolution:128]]
[2019.03.25-21.33.24:986][  0]LogConfig: Setting CVar [[r.ReflectionEnvironmentLightmapMixBasedOnRoughness:1]]
[2019.03.25-21.33.24:986][  0]LogConfig: Setting CVar [[r.ForwardShading:0]]
[2019.03.25-21.33.24:986][  0]LogConfig: Setting CVar [[r.VertexFoggingForOpaque:1]]
[2019.03.25-21.33.24:986][  0]LogConfig: Setting CVar [[r.AllowStaticLighting:1]]
[2019.03.25-21.33.24:986][  0]LogConfig: Setting CVar [[r.NormalMapsForStaticLighting:0]]
[2019.03.25-21.33.24:986][  0]LogConfig: Setting CVar [[r.GenerateMeshDistanceFields:0]]
[2019.03.25-21.33.24:986][  0]LogConfig: Setting CVar [[r.DistanceFieldBuild.EightBit:0]]
[2019.03.25-21.33.24:986][  0]LogConfig: Setting CVar [[r.GenerateLandscapeGIData:0]]
[2019.03.25-21.33.24:986][  0]LogConfig: Setting CVar [[r.DistanceFieldBuild.Compress:0]]
[2019.03.25-21.33.24:986][  0]LogConfig: Setting CVar [[r.TessellationAdaptivePixelsPerTriangle:48.000000]]
[2019.03.25-21.33.24:986][  0]LogConfig: Setting CVar [[r.SeparateTranslucency:1]]
[2019.03.25-21.33.24:986][  0]LogConfig: Setting CVar [[r.TranslucentSortPolicy:0]]
[2019.03.25-21.33.24:986][  0]LogConfig: Setting CVar [[r.CustomDepth:1]]
[2019.03.25-21.33.24:986][  0]LogConfig: Setting CVar [[r.CustomDepthTemporalAAJitter:1]]
[2019.03.25-21.33.24:986][  0]LogConfig: Setting CVar [[r.PostProcessing.PropagateAlpha:0]]
[2019.03.25-21.33.24:986][  0]LogConfig: Setting CVar [[r.DOF.Algorithm:1]]
[2019.03.25-21.33.24:986][  0]LogConfig: Setting CVar [[r.DefaultFeature.Bloom:1]]
[2019.03.25-21.33.24:986][  0]LogConfig: Setting CVar [[r.DefaultFeature.AmbientOcclusion:1]]
[2019.03.25-21.33.24:986][  0]LogConfig: Setting CVar [[r.DefaultFeature.AmbientOcclusionStaticFraction:1]]
[2019.03.25-21.33.24:986][  0]LogConfig: Setting CVar [[r.DefaultFeature.AutoExposure:1]]
[2019.03.25-21.33.24:986][  0]LogConfig: Setting CVar [[r.DefaultFeature.AutoExposure.Method:0]]
[2019.03.25-21.33.24:986][  0]LogConfig: Setting CVar [[r.DefaultFeature.AutoExposure.ExtendDefaultLuminanceRange:0]]
[2019.03.25-21.33.24:986][  0]LogConfig: Setting CVar [[r.UsePreExposure:0]]
[2019.03.25-21.33.24:986][  0]LogConfig: Setting CVar [[r.DefaultFeature.MotionBlur:1]]
[2019.03.25-21.33.24:986][  0]LogConfig: Setting CVar [[r.DefaultFeature.LensFlare:0]]
[2019.03.25-21.33.24:986][  0]LogConfig: Setting CVar [[r.TemporalAA.Upsampling:0]]
[2019.03.25-21.33.24:986][  0]LogConfig: Setting CVar [[r.DefaultFeature.AntiAliasing:2]]
[2019.03.25-21.33.24:986][  0]LogConfig: Setting CVar [[r.DefaultFeature.LightUnits:1]]
[2019.03.25-21.33.24:986][  0]LogConfig: Setting CVar [[r.DefaultBackBufferPixelFormat:4]]
[2019.03.25-21.33.24:986][  0]LogConfig: Setting CVar [[r.Shadow.UnbuiltPreviewInGame:1]]
[2019.03.25-21.33.24:986][  0]LogConfig: Setting CVar [[r.StencilForLODDither:0]]
[2019.03.25-21.33.24:986][  0]LogConfig: Setting CVar [[r.EarlyZPass:3]]
[2019.03.25-21.33.24:987][  0]LogConfig: Setting CVar [[r.EarlyZPassMovable:1]]
[2019.03.25-21.33.24:987][  0]LogConfig: Setting CVar [[r.EarlyZPassOnlyMaterialMasking:0]]
[2019.03.25-21.33.24:987][  0]LogConfig: Setting CVar [[r.DBuffer:1]]
[2019.03.25-21.33.24:987][  0]LogConfig: Setting CVar [[r.ClearSceneMethod:1]]
[2019.03.25-21.33.24:987][  0]LogConfig: Setting CVar [[r.BasePassOutputsVelocity:0]]
[2019.03.25-21.33.24:987][  0]LogConfig: Setting CVar [[r.SelectiveBasePassOutputs:0]]
[2019.03.25-21.33.24:987][  0]LogConfig: Setting CVar [[fx.GPUSimulationTextureSizeX:1024]]
[2019.03.25-21.33.24:987][  0]LogConfig: Setting CVar [[fx.GPUSimulationTextureSizeY:1024]]
[2019.03.25-21.33.24:987][  0]LogConfig: Setting CVar [[r.AllowGlobalClipPlane:0]]
[2019.03.25-21.33.24:987][  0]LogConfig: Setting CVar [[r.GBufferFormat:1]]
[2019.03.25-21.33.24:987][  0]LogConfig: Setting CVar [[r.MorphTarget.Mode:1]]
[2019.03.25-21.33.24:987][  0]LogConfig: Setting CVar [[vr.InstancedStereo:0]]
[2019.03.25-21.33.24:987][  0]LogConfig: Setting CVar [[vr.MultiView:0]]
[2019.03.25-21.33.24:987][  0]LogConfig: Setting CVar [[vr.MobileMultiView:0]]
[2019.03.25-21.33.24:987][  0]LogConfig: Setting CVar [[vr.MobileMultiView.Direct:0]]
[2019.03.25-21.33.24:987][  0]LogConfig: Setting CVar [[vr.MonoscopicFarField:0]]
[2019.03.25-21.33.24:987][  0]LogConfig: Setting CVar [[vr.RoundRobinOcclusion:0]]
[2019.03.25-21.33.24:987][  0]LogConfig: Setting CVar [[vr.ODSCapture:0]]
[2019.03.25-21.33.24:987][  0]LogConfig: Setting CVar [[r.WireframeCullThreshold:5.000000]]
[2019.03.25-21.33.24:987][  0]LogConfig: Setting CVar [[r.SupportStationarySkylight:1]]
[2019.03.25-21.33.24:987][  0]LogConfig: Setting CVar [[r.SupportLowQualityLightmaps:1]]
[2019.03.25-21.33.24:987][  0]LogConfig: Setting CVar [[r.SupportPointLightWholeSceneShadows:1]]
[2019.03.25-21.33.24:987][  0]LogConfig: Setting CVar [[r.SupportAtmosphericFog:1]]
[2019.03.25-21.33.24:987][  0]LogConfig: Setting CVar [[r.SkinCache.CompileShaders:0]]
[2019.03.25-21.33.24:987][  0]LogConfig: Setting CVar [[r.Mobile.EnableStaticAndCSMShadowReceivers:1]]
[2019.03.25-21.33.24:987][  0]LogConfig: Setting CVar [[r.Mobile.EnableMovableLightCSMShaderCulling:1]]
[2019.03.25-21.33.24:987][  0]LogConfig: Setting CVar [[r.Mobile.AllowDistanceFieldShadows:1]]
[2019.03.25-21.33.24:987][  0]LogConfig: Setting CVar [[r.Mobile.AllowMovableDirectionalLights:1]]
[2019.03.25-21.33.24:987][  0]LogConfig: Setting CVar [[r.MobileNumDynamicPointLights:4]]
[2019.03.25-21.33.24:987][  0]LogConfig: Setting CVar [[r.MobileDynamicPointLightsUseStaticBranch:1]]
[2019.03.25-21.33.24:987][  0]LogConfig: Setting CVar [[r.SkinCache.SceneMemoryLimitInMB:128.000000]]
[2019.03.25-21.33.24:987][  0]LogConfig: Setting CVar [[r.GPUSkin.Limit2BoneInfluences:0]]
[2019.03.25-21.33.24:987][  0]LogConfig: Setting CVar [[r.SupportDepthOnlyIndexBuffers:1]]
[2019.03.25-21.33.24:987][  0]LogConfig: Setting CVar [[r.SupportReversedIndexBuffers:1]]
[2019.03.25-21.33.24:987][  0]LogConfig: Setting CVar [[r.SupportMaterialLayers:0]]
[2019.03.25-21.33.24:987][  0]LogConfig: Applying CVar settings from Section [/Script/Engine.RendererOverrideSettings] File [C:/Users/scott/Documents/SetchOnLegs/SetchOnLegs/Saved/Config/Windows/Engine.ini]
[2019.03.25-21.33.24:987][  0]LogConfig: Applying CVar settings from Section [/Script/Engine.StreamingSettings] File [C:/Users/scott/Documents/SetchOnLegs/SetchOnLegs/Saved/Config/Windows/Engine.ini]
[2019.03.25-21.33.24:987][  0]LogConfig: Setting CVar [[s.MinBulkDataSizeForAsyncLoading:131072]]
[2019.03.25-21.33.24:987][  0]LogConfig: Setting CVar [[s.AsyncLoadingThreadEnabled:0]]
[2019.03.25-21.33.24:987][  0]LogConfig: Setting CVar [[s.EventDrivenLoaderEnabled:1]]
[2019.03.25-21.33.24:987][  0]LogConfig: Setting CVar [[s.WarnIfTimeLimitExceeded:0]]
[2019.03.25-21.33.24:987][  0]LogConfig: Setting CVar [[s.TimeLimitExceededMultiplier:1.5]]
[2019.03.25-21.33.24:987][  0]LogConfig: Setting CVar [[s.TimeLimitExceededMinTime:0.005]]
[2019.03.25-21.33.24:987][  0]LogConfig: Setting CVar [[s.UseBackgroundLevelStreaming:1]]
[2019.03.25-21.33.24:987][  0]LogConfig: Setting CVar [[s.PriorityAsyncLoadingExtraTime:15.0]]
[2019.03.25-21.33.24:987][  0]LogConfig: Setting CVar [[s.LevelStreamingActorsUpdateTimeLimit:5.0]]
[2019.03.25-21.33.24:987][  0]LogConfig: Setting CVar [[s.PriorityLevelStreamingActorsUpdateExtraTime:5.0]]
[2019.03.25-21.33.24:987][  0]LogConfig: Setting CVar [[s.LevelStreamingComponentsRegistrationGranularity:10]]
[2019.03.25-21.33.24:987][  0]LogConfig: Setting CVar [[s.UnregisterComponentsTimeLimit:1.0]]
[2019.03.25-21.33.24:987][  0]LogConfig: Setting CVar [[s.LevelStreamingComponentsUnregistrationGranularity:5]]
[2019.03.25-21.33.24:987][  0]LogConfig: Applying CVar settings from Section [/Script/Engine.GarbageCollectionSettings] File [C:/Users/scott/Documents/SetchOnLegs/SetchOnLegs/Saved/Config/Windows/Engine.ini]
[2019.03.25-21.33.24:987][  0]LogConfig: Setting CVar [[gc.MaxObjectsNotConsideredByGC:1]]
[2019.03.25-21.33.24:987][  0]LogConfig: Setting CVar [[gc.SizeOfPermanentObjectPool:0]]
[2019.03.25-21.33.24:987][  0]LogConfig: Setting CVar [[gc.FlushStreamingOnGC:0]]
[2019.03.25-21.33.24:987][  0]LogConfig: Setting CVar [[gc.NumRetriesBeforeForcingGC:10]]
[2019.03.25-21.33.24:987][  0]LogConfig: Setting CVar [[gc.AllowParallelGC:1]]
[2019.03.25-21.33.24:987][  0]LogConfig: Setting CVar [[gc.TimeBetweenPurgingPendingKillObjects:61.1]]
[2019.03.25-21.33.24:987][  0]LogConfig: Setting CVar [[gc.MaxObjectsInEditor:8388607]]
[2019.03.25-21.33.24:987][  0]LogConfig: Setting CVar [[gc.IncrementalBeginDestroyEnabled:1]]
[2019.03.25-21.33.24:987][  0]LogConfig: Setting CVar [[gc.CreateGCClusters:1]]
[2019.03.25-21.33.24:987][  0]LogConfig: Setting CVar [[gc.MergeGCClusters:0]]
[2019.03.25-21.33.24:987][  0]LogConfig: Setting CVar [[gc.MinGCClusterSize:5]]
[2019.03.25-21.33.24:987][  0]LogConfig: Setting CVar [[gc.ActorClusteringEnabled:0]]
[2019.03.25-21.33.24:987][  0]LogConfig: Setting CVar [[gc.BlueprintClusteringEnabled:0]]
[2019.03.25-21.33.24:987][  0]LogConfig: Setting CVar [[gc.UseDisregardForGCOnDedicatedServers:0]]
[2019.03.25-21.33.24:987][  0]LogConfig: Applying CVar settings from Section [/Script/Engine.NetworkSettings] File [C:/Users/scott/Documents/SetchOnLegs/SetchOnLegs/Saved/Config/Windows/Engine.ini]
[2019.03.25-21.33.24:987][  0]LogConfig: Applying CVar settings from Section [/Script/UnrealEd.CookerSettings] File [C:/Users/scott/Documents/SetchOnLegs/SetchOnLegs/Saved/Config/Windows/Engine.ini]
[2019.03.25-21.33.25:003][  0]LogConfig: Applying CVar settings from Section [ViewDistanceQuality@3] File [C:/Users/scott/Documents/SetchOnLegs/SetchOnLegs/Saved/Config/Windows/Scalability.ini]
[2019.03.25-21.33.25:003][  0]LogConfig: Setting CVar [[r.SkeletalMeshLODBias:0]]
[2019.03.25-21.33.25:003][  0]LogConfig: Setting CVar [[r.ViewDistanceScale:1.0]]
[2019.03.25-21.33.25:003][  0]LogConfig: Applying CVar settings from Section [AntiAliasingQuality@3] File [C:/Users/scott/Documents/SetchOnLegs/SetchOnLegs/Saved/Config/Windows/Scalability.ini]
[2019.03.25-21.33.25:003][  0]LogConfig: Setting CVar [[r.PostProcessAAQuality:4]]
[2019.03.25-21.33.25:003][  0]LogConfig: Applying CVar settings from Section [ShadowQuality@3] File [C:/Users/scott/Documents/SetchOnLegs/SetchOnLegs/Saved/Config/Windows/Scalability.ini]
[2019.03.25-21.33.25:003][  0]LogConfig: Setting CVar [[r.LightFunctionQuality:1]]
[2019.03.25-21.33.25:003][  0]LogConfig: Setting CVar [[r.ShadowQuality:5]]
[2019.03.25-21.33.25:003][  0]LogConfig: Setting CVar [[r.Shadow.CSM.MaxCascades:10]]
[2019.03.25-21.33.25:003][  0]LogConfig: Setting CVar [[r.Shadow.MaxResolution:2048]]
[2019.03.25-21.33.25:003][  0]LogConfig: Setting CVar [[r.Shadow.MaxCSMResolution:2048]]
[2019.03.25-21.33.25:003][  0]LogConfig: Setting CVar [[r.Shadow.RadiusThreshold:0.01]]
[2019.03.25-21.33.25:003][  0]LogConfig: Setting CVar [[r.Shadow.DistanceScale:1.0]]
[2019.03.25-21.33.25:003][  0]LogConfig: Setting CVar [[r.Shadow.CSM.TransitionScale:1.0]]
[2019.03.25-21.33.25:003][  0]LogConfig: Setting CVar [[r.Shadow.PreShadowResolutionFactor:1.0]]
[2019.03.25-21.33.25:003][  0]LogConfig: Setting CVar [[r.DistanceFieldShadowing:1]]
[2019.03.25-21.33.25:003][  0]LogConfig: Setting CVar [[r.DistanceFieldAO:1]]
[2019.03.25-21.33.25:003][  0]LogConfig: Setting CVar [[r.AOQuality:2]]
[2019.03.25-21.33.25:003][  0]LogConfig: Setting CVar [[r.VolumetricFog:1]]
[2019.03.25-21.33.25:003][  0]LogConfig: Setting CVar [[r.VolumetricFog.GridPixelSize:8]]
[2019.03.25-21.33.25:003][  0]LogConfig: Setting CVar [[r.VolumetricFog.GridSizeZ:128]]
[2019.03.25-21.33.25:003][  0]LogConfig: Setting CVar [[r.VolumetricFog.HistoryMissSupersampleCount:4]]
[2019.03.25-21.33.25:003][  0]LogConfig: Setting CVar [[r.LightMaxDrawDistanceScale:1]]
[2019.03.25-21.33.25:003][  0]LogConfig: Setting CVar [[r.CapsuleShadows:1]]
[2019.03.25-21.33.25:003][  0]LogConfig: Applying CVar settings from Section [PostProcessQuality@3] File [C:/Users/scott/Documents/SetchOnLegs/SetchOnLegs/Saved/Config/Windows/Scalability.ini]
[2019.03.25-21.33.25:003][  0]LogConfig: Setting CVar [[r.MotionBlurQuality:4]]
[2019.03.25-21.33.25:003][  0]LogConfig: Setting CVar [[r.AmbientOcclusionMipLevelFactor:0.4]]
[2019.03.25-21.33.25:003][  0]LogConfig: Setting CVar [[r.AmbientOcclusionMaxQuality:100]]
[2019.03.25-21.33.25:003][  0]LogConfig: Setting CVar [[r.AmbientOcclusionLevels:-1]]
[2019.03.25-21.33.25:003][  0]LogConfig: Setting CVar [[r.AmbientOcclusionRadiusScale:1.0]]
[2019.03.25-21.33.25:003][  0]LogConfig: Setting CVar [[r.DepthOfFieldQuality:2]]
[2019.03.25-21.33.25:003][  0]LogConfig: Setting CVar [[r.RenderTargetPoolMin:400]]
[2019.03.25-21.33.25:003][  0]LogConfig: Setting CVar [[r.LensFlareQuality:2]]
[2019.03.25-21.33.25:003][  0]LogConfig: Setting CVar [[r.SceneColorFringeQuality:1]]
[2019.03.25-21.33.25:003][  0]LogConfig: Setting CVar [[r.EyeAdaptationQuality:2]]
[2019.03.25-21.33.25:003][  0]LogConfig: Setting CVar [[r.BloomQuality:5]]
[2019.03.25-21.33.25:003][  0]LogConfig: Setting CVar [[r.FastBlurThreshold:100]]
[2019.03.25-21.33.25:003][  0]LogConfig: Setting CVar [[r.Upscale.Quality:3]]
[2019.03.25-21.33.25:003][  0]LogConfig: Setting CVar [[r.Tonemapper.GrainQuantization:1]]
[2019.03.25-21.33.25:003][  0]LogConfig: Setting CVar [[r.LightShaftQuality:1]]
[2019.03.25-21.33.25:003][  0]LogConfig: Setting CVar [[r.Filter.SizeScale:1]]
[2019.03.25-21.33.25:003][  0]LogConfig: Setting CVar [[r.Tonemapper.Quality:5]]
[2019.03.25-21.33.25:003][  0]LogConfig: Setting CVar [[r.DOF.Gather.AccumulatorQuality:1        ; higher gathering accumulator quality]]
[2019.03.25-21.33.25:003][  0]LogConfig: Setting CVar [[r.DOF.Gather.PostfilterMethod:1          ; Median3x3 postfilering method]]
[2019.03.25-21.33.25:003][  0]LogConfig: Setting CVar [[r.DOF.Gather.EnableBokehSettings:0       ; no bokeh simulation when gathering]]
[2019.03.25-21.33.25:003][  0]LogConfig: Setting CVar [[r.DOF.Gather.RingCount:4                 ; medium number of samples when gathering]]
[2019.03.25-21.33.25:003][  0]LogConfig: Setting CVar [[r.DOF.Scatter.ForegroundCompositing:1    ; additive foreground scattering]]
[2019.03.25-21.33.25:003][  0]LogConfig: Setting CVar [[r.DOF.Scatter.BackgroundCompositing:2    ; additive background scattering]]
[2019.03.25-21.33.25:003][  0]LogConfig: Setting CVar [[r.DOF.Scatter.EnableBokehSettings:1      ; bokeh simulation when scattering]]
[2019.03.25-21.33.25:003][  0]LogConfig: Setting CVar [[r.DOF.Scatter.MaxSpriteRatio:0.1         ; only a maximum of 10% of scattered bokeh]]
[2019.03.25-21.33.25:003][  0]LogConfig: Setting CVar [[r.DOF.Recombine.Quality:1                ; cheap slight out of focus]]
[2019.03.25-21.33.25:003][  0]LogConfig: Setting CVar [[r.DOF.Recombine.EnableBokehSettings:0    ; no bokeh simulation on slight out of focus]]
[2019.03.25-21.33.25:003][  0]LogConfig: Setting CVar [[r.DOF.TemporalAAQuality:1                ; more stable temporal accumulation]]
[2019.03.25-21.33.25:003][  0]LogConfig: Setting CVar [[r.DOF.Kernel.MaxForegroundRadius:0.025]]
[2019.03.25-21.33.25:004][  0]LogConfig: Setting CVar [[r.DOF.Kernel.MaxBackgroundRadius:0.025]]
[2019.03.25-21.33.25:004][  0]LogConfig: Applying CVar settings from Section [TextureQuality@3] File [C:/Users/scott/Documents/SetchOnLegs/SetchOnLegs/Saved/Config/Windows/Scalability.ini]
[2019.03.25-21.33.25:004][  0]LogConfig: Setting CVar [[r.Streaming.MipBias:0]]
[2019.03.25-21.33.25:004][  0]LogConfig: Setting CVar [[r.Streaming.AmortizeCPUToGPUCopy:0]]
[2019.03.25-21.33.25:004][  0]LogConfig: Setting CVar [[r.Streaming.MaxNumTexturesToStreamPerFrame:0]]
[2019.03.25-21.33.25:004][  0]LogConfig: Setting CVar [[r.Streaming.Boost:1]]
[2019.03.25-21.33.25:004][  0]LogConfig: Setting CVar [[r.MaxAnisotropy:8]]
[2019.03.25-21.33.25:004][  0]LogConfig: Setting CVar [[r.Streaming.LimitPoolSizeToVRAM:0]]
[2019.03.25-21.33.25:004][  0]LogConfig: Setting CVar [[r.Streaming.PoolSize:1000]]
[2019.03.25-21.33.25:004][  0]LogConfig: Setting CVar [[r.Streaming.MaxEffectiveScreenSize:0]]
[2019.03.25-21.33.25:004][  0]LogConfig: Applying CVar settings from Section [EffectsQuality@3] File [C:/Users/scott/Documents/SetchOnLegs/SetchOnLegs/Saved/Config/Windows/Scalability.ini]
[2019.03.25-21.33.25:004][  0]LogConfig: Setting CVar [[r.TranslucencyLightingVolumeDim:64]]
[2019.03.25-21.33.25:004][  0]LogConfig: Setting CVar [[r.RefractionQuality:2]]
[2019.03.25-21.33.25:004][  0]LogConfig: Setting CVar [[r.SSR.Quality:3]]
[2019.03.25-21.33.25:004][  0]LogConfig: Setting CVar [[r.SceneColorFormat:4]]
[2019.03.25-21.33.25:004][  0]LogConfig: Setting CVar [[r.DetailMode:2]]
[2019.03.25-21.33.25:004][  0]LogConfig: Setting CVar [[r.TranslucencyVolumeBlur:1]]
[2019.03.25-21.33.25:004][  0]LogConfig: Setting CVar [[r.MaterialQualityLevel:1 ; High quality]]
[2019.03.25-21.33.25:004][  0]LogConfig: Setting CVar [[r.SSS.Scale:1]]
[2019.03.25-21.33.25:004][  0]LogConfig: Setting CVar [[r.SSS.SampleSet:2]]
[2019.03.25-21.33.25:004][  0]LogConfig: Setting CVar [[r.SSS.Quality:1]]
[2019.03.25-21.33.25:004][  0]LogConfig: Setting CVar [[r.SSS.HalfRes:1]]
[2019.03.25-21.33.25:004][  0]LogConfig: Setting CVar [[r.EmitterSpawnRateScale:1.0]]
[2019.03.25-21.33.25:004][  0]LogConfig: Setting CVar [[r.ParticleLightQuality:2]]
[2019.03.25-21.33.25:004][  0]LogConfig: Applying CVar settings from Section [FoliageQuality@3] File [C:/Users/scott/Documents/SetchOnLegs/SetchOnLegs/Saved/Config/Windows/Scalability.ini]
[2019.03.25-21.33.25:004][  0]LogConfig: Setting CVar [[foliage.DensityScale:1.0]]
[2019.03.25-21.33.25:004][  0]LogConfig: Setting CVar [[grass.DensityScale:1.0]]
[2019.03.25-21.33.25:019][  0]LogInit: Selected Device Profile: [Windows]
[2019.03.25-21.33.25:020][  0]LogInit: Applying CVar settings loaded from the selected device profile: [Windows]
[2019.03.25-21.33.25:053][  0]LogHAL: Display: Platform has ~ 8 GB [8548388864 / 8589934592 / 8], which maps to Default [LargestMinGB=32, LargerMinGB=12, DefaultMinGB=8, SmallerMinGB=6, SmallestMinGB=0)
[2019.03.25-21.33.25:056][  0]LogConfig: Setting CVar [[r.Vulkan.UseRealUBs:1]]
[2019.03.25-21.33.25:056][  0]LogInit: Going up to parent DeviceProfile []
[2019.03.25-21.33.25:056][  0]LogConfig: Applying CVar settings from Section [ViewDistanceQuality@3] File [C:/Users/scott/Documents/SetchOnLegs/SetchOnLegs/Saved/Config/Windows/Scalability.ini]
[2019.03.25-21.33.25:056][  0]LogConfig: Setting CVar [[r.SkeletalMeshLODBias:0]]
[2019.03.25-21.33.25:056][  0]LogConfig: Setting CVar [[r.ViewDistanceScale:1.0]]
[2019.03.25-21.33.25:056][  0]LogConfig: Applying CVar settings from Section [AntiAliasingQuality@3] File [C:/Users/scott/Documents/SetchOnLegs/SetchOnLegs/Saved/Config/Windows/Scalability.ini]
[2019.03.25-21.33.25:056][  0]LogConfig: Setting CVar [[r.PostProcessAAQuality:4]]
[2019.03.25-21.33.25:056][  0]LogConfig: Applying CVar settings from Section [ShadowQuality@3] File [C:/Users/scott/Documents/SetchOnLegs/SetchOnLegs/Saved/Config/Windows/Scalability.ini]
[2019.03.25-21.33.25:056][  0]LogConfig: Setting CVar [[r.LightFunctionQuality:1]]
[2019.03.25-21.33.25:056][  0]LogConfig: Setting CVar [[r.ShadowQuality:5]]
[2019.03.25-21.33.25:056][  0]LogConfig: Setting CVar [[r.Shadow.CSM.MaxCascades:10]]
[2019.03.25-21.33.25:056][  0]LogConfig: Setting CVar [[r.Shadow.MaxResolution:2048]]
[2019.03.25-21.33.25:056][  0]LogConfig: Setting CVar [[r.Shadow.MaxCSMResolution:2048]]
[2019.03.25-21.33.25:056][  0]LogConfig: Setting CVar [[r.Shadow.RadiusThreshold:0.01]]
[2019.03.25-21.33.25:056][  0]LogConfig: Setting CVar [[r.Shadow.DistanceScale:1.0]]
[2019.03.25-21.33.25:056][  0]LogConfig: Setting CVar [[r.Shadow.CSM.TransitionScale:1.0]]
[2019.03.25-21.33.25:056][  0]LogConfig: Setting CVar [[r.Shadow.PreShadowResolutionFactor:1.0]]
[2019.03.25-21.33.25:056][  0]LogConfig: Setting CVar [[r.DistanceFieldShadowing:1]]
[2019.03.25-21.33.25:056][  0]LogConfig: Setting CVar [[r.DistanceFieldAO:1]]
[2019.03.25-21.33.25:056][  0]LogConfig: Setting CVar [[r.AOQuality:2]]
[2019.03.25-21.33.25:056][  0]LogConfig: Setting CVar [[r.VolumetricFog:1]]
[2019.03.25-21.33.25:056][  0]LogConfig: Setting CVar [[r.VolumetricFog.GridPixelSize:8]]
[2019.03.25-21.33.25:056][  0]LogConfig: Setting CVar [[r.VolumetricFog.GridSizeZ:128]]
[2019.03.25-21.33.25:056][  0]LogConfig: Setting CVar [[r.VolumetricFog.HistoryMissSupersampleCount:4]]
[2019.03.25-21.33.25:056][  0]LogConfig: Setting CVar [[r.LightMaxDrawDistanceScale:1]]
[2019.03.25-21.33.25:056][  0]LogConfig: Setting CVar [[r.CapsuleShadows:1]]
[2019.03.25-21.33.25:056][  0]LogConfig: Applying CVar settings from Section [PostProcessQuality@3] File [C:/Users/scott/Documents/SetchOnLegs/SetchOnLegs/Saved/Config/Windows/Scalability.ini]
[2019.03.25-21.33.25:056][  0]LogConfig: Setting CVar [[r.MotionBlurQuality:4]]
[2019.03.25-21.33.25:056][  0]LogConfig: Setting CVar [[r.AmbientOcclusionMipLevelFactor:0.4]]
[2019.03.25-21.33.25:056][  0]LogConfig: Setting CVar [[r.AmbientOcclusionMaxQuality:100]]
[2019.03.25-21.33.25:056][  0]LogConfig: Setting CVar [[r.AmbientOcclusionLevels:-1]]
[2019.03.25-21.33.25:056][  0]LogConfig: Setting CVar [[r.AmbientOcclusionRadiusScale:1.0]]
[2019.03.25-21.33.25:056][  0]LogConfig: Setting CVar [[r.DepthOfFieldQuality:2]]
[2019.03.25-21.33.25:056][  0]LogConfig: Setting CVar [[r.RenderTargetPoolMin:400]]
[2019.03.25-21.33.25:056][  0]LogConfig: Setting CVar [[r.LensFlareQuality:2]]
[2019.03.25-21.33.25:056][  0]LogConfig: Setting CVar [[r.SceneColorFringeQuality:1]]
[2019.03.25-21.33.25:056][  0]LogConfig: Setting CVar [[r.EyeAdaptationQuality:2]]
[2019.03.25-21.33.25:056][  0]LogConfig: Setting CVar [[r.BloomQuality:5]]
[2019.03.25-21.33.25:056][  0]LogConfig: Setting CVar [[r.FastBlurThreshold:100]]
[2019.03.25-21.33.25:056][  0]LogConfig: Setting CVar [[r.Upscale.Quality:3]]
[2019.03.25-21.33.25:056][  0]LogConfig: Setting CVar [[r.Tonemapper.GrainQuantization:1]]
[2019.03.25-21.33.25:056][  0]LogConfig: Setting CVar [[r.LightShaftQuality:1]]
[2019.03.25-21.33.25:056][  0]LogConfig: Setting CVar [[r.Filter.SizeScale:1]]
[2019.03.25-21.33.25:056][  0]LogConfig: Setting CVar [[r.Tonemapper.Quality:5]]
[2019.03.25-21.33.25:056][  0]LogConfig: Setting CVar [[r.DOF.Gather.AccumulatorQuality:1        ; higher gathering accumulator quality]]
[2019.03.25-21.33.25:056][  0]LogConfig: Setting CVar [[r.DOF.Gather.PostfilterMethod:1          ; Median3x3 postfilering method]]
[2019.03.25-21.33.25:056][  0]LogConfig: Setting CVar [[r.DOF.Gather.EnableBokehSettings:0       ; no bokeh simulation when gathering]]
[2019.03.25-21.33.25:056][  0]LogConfig: Setting CVar [[r.DOF.Gather.RingCount:4                 ; medium number of samples when gathering]]
[2019.03.25-21.33.25:056][  0]LogConfig: Setting CVar [[r.DOF.Scatter.ForegroundCompositing:1    ; additive foreground scattering]]
[2019.03.25-21.33.25:056][  0]LogConfig: Setting CVar [[r.DOF.Scatter.BackgroundCompositing:2    ; additive background scattering]]
[2019.03.25-21.33.25:056][  0]LogConfig: Setting CVar [[r.DOF.Scatter.EnableBokehSettings:1      ; bokeh simulation when scattering]]
[2019.03.25-21.33.25:056][  0]LogConfig: Setting CVar [[r.DOF.Scatter.MaxSpriteRatio:0.1         ; only a maximum of 10% of scattered bokeh]]
[2019.03.25-21.33.25:057][  0]LogConfig: Setting CVar [[r.DOF.Recombine.Quality:1                ; cheap slight out of focus]]
[2019.03.25-21.33.25:057][  0]LogConfig: Setting CVar [[r.DOF.Recombine.EnableBokehSettings:0    ; no bokeh simulation on slight out of focus]]
[2019.03.25-21.33.25:057][  0]LogConfig: Setting CVar [[r.DOF.TemporalAAQuality:1                ; more stable temporal accumulation]]
[2019.03.25-21.33.25:057][  0]LogConfig: Setting CVar [[r.DOF.Kernel.MaxForegroundRadius:0.025]]
[2019.03.25-21.33.25:057][  0]LogConfig: Setting CVar [[r.DOF.Kernel.MaxBackgroundRadius:0.025]]
[2019.03.25-21.33.25:057][  0]LogConfig: Applying CVar settings from Section [TextureQuality@3] File [C:/Users/scott/Documents/SetchOnLegs/SetchOnLegs/Saved/Config/Windows/Scalability.ini]
[2019.03.25-21.33.25:057][  0]LogConfig: Setting CVar [[r.Streaming.MipBias:0]]
[2019.03.25-21.33.25:057][  0]LogConfig: Setting CVar [[r.Streaming.AmortizeCPUToGPUCopy:0]]
[2019.03.25-21.33.25:057][  0]LogConfig: Setting CVar [[r.Streaming.MaxNumTexturesToStreamPerFrame:0]]
[2019.03.25-21.33.25:057][  0]LogConfig: Setting CVar [[r.Streaming.Boost:1]]
[2019.03.25-21.33.25:057][  0]LogConfig: Setting CVar [[r.MaxAnisotropy:8]]
[2019.03.25-21.33.25:057][  0]LogConfig: Setting CVar [[r.Streaming.LimitPoolSizeToVRAM:0]]
[2019.03.25-21.33.25:057][  0]LogConfig: Setting CVar [[r.Streaming.PoolSize:1000]]
[2019.03.25-21.33.25:057][  0]LogConfig: Setting CVar [[r.Streaming.MaxEffectiveScreenSize:0]]
[2019.03.25-21.33.25:057][  0]LogConfig: Applying CVar settings from Section [EffectsQuality@3] File [C:/Users/scott/Documents/SetchOnLegs/SetchOnLegs/Saved/Config/Windows/Scalability.ini]
[2019.03.25-21.33.25:057][  0]LogConfig: Setting CVar [[r.TranslucencyLightingVolumeDim:64]]
[2019.03.25-21.33.25:057][  0]LogConfig: Setting CVar [[r.RefractionQuality:2]]
[2019.03.25-21.33.25:057][  0]LogConfig: Setting CVar [[r.SSR.Quality:3]]
[2019.03.25-21.33.25:057][  0]LogConfig: Setting CVar [[r.SceneColorFormat:4]]
[2019.03.25-21.33.25:057][  0]LogConfig: Setting CVar [[r.DetailMode:2]]
[2019.03.25-21.33.25:057][  0]LogConfig: Setting CVar [[r.TranslucencyVolumeBlur:1]]
[2019.03.25-21.33.25:057][  0]LogConfig: Setting CVar [[r.MaterialQualityLevel:1 ; High quality]]
[2019.03.25-21.33.25:057][  0]LogConfig: Setting CVar [[r.SSS.Scale:1]]
[2019.03.25-21.33.25:057][  0]LogConfig: Setting CVar [[r.SSS.SampleSet:2]]
[2019.03.25-21.33.25:057][  0]LogConfig: Setting CVar [[r.SSS.Quality:1]]
[2019.03.25-21.33.25:057][  0]LogConfig: Setting CVar [[r.SSS.HalfRes:1]]
[2019.03.25-21.33.25:057][  0]LogConfig: Setting CVar [[r.EmitterSpawnRateScale:1.0]]
[2019.03.25-21.33.25:057][  0]LogConfig: Setting CVar [[r.ParticleLightQuality:2]]
[2019.03.25-21.33.25:057][  0]LogConfig: Applying CVar settings from Section [FoliageQuality@3] File [C:/Users/scott/Documents/SetchOnLegs/SetchOnLegs/Saved/Config/Windows/Scalability.ini]
[2019.03.25-21.33.25:057][  0]LogConfig: Setting CVar [[foliage.DensityScale:1.0]]
[2019.03.25-21.33.25:057][  0]LogConfig: Setting CVar [[grass.DensityScale:1.0]]
[2019.03.25-21.33.25:057][  0]LogConfig: Applying CVar settings from Section [Startup] File [../../../Engine/Config/ConsoleVariables.ini]
[2019.03.25-21.33.25:070][  0]LogConfig: Setting CVar [[net.UseAdaptiveNetUpdateFrequency:0]]
[2019.03.25-21.33.25:070][  0]LogConfig: Applying CVar settings from Section [ConsoleVariables] File [C:/Users/scott/Documents/SetchOnLegs/SetchOnLegs/Saved/Config/Windows/Engine.ini]
[2019.03.25-21.33.25:080][  0]LogInit: Computer: DESKTOP-A8N2MRH
[2019.03.25-21.33.25:080][  0]LogInit: User: scott
[2019.03.25-21.33.25:080][  0]LogInit: CPU Page size=4096, Cores=4
[2019.03.25-21.33.25:080][  0]LogInit: High frequency timer resolution =10.000000 MHz
[2019.03.25-21.33.25:081][  0]LogMemory: Memory total: Physical=8.0GB (8GB approx)
[2019.03.25-21.33.25:081][  0]LogMemory: Platform Memory Stats for Windows
[2019.03.25-21.33.25:081][  0]LogMemory: Process Physical Memory: 104.00 MB used, 104.00 MB peak
[2019.03.25-21.33.25:081][  0]LogMemory: Process Virtual Memory: 95.04 MB used, 95.04 MB peak
[2019.03.25-21.33.25:081][  0]LogMemory: Physical Memory: 5629.41 MB used,  2522.97 MB free, 8152.38 MB total
[2019.03.25-21.33.25:082][  0]LogMemory: Virtual Memory: 4640.55 MB used,  134213088.00 MB free, 134217728.00 MB total
[2019.03.25-21.33.25:504][  0]LogInit: Using OS detected language (en-GB).
[2019.03.25-21.33.25:504][  0]LogInit: Using OS detected locale (en-GB).
[2019.03.25-21.33.25:505][  0]LogTextLocalizationManager: No specific localization for 'en-GB' exists, so the 'en' localization will be used.
[2019.03.25-21.33.26:201][  0]LogStreaming: Display: Took  0.713s to InitEngineTextLocalization.
[2019.03.25-21.33.26:484][  0]LogSlate: New Slate User Created.  User Index 0, Is Virtual User: 0
[2019.03.25-21.33.26:484][  0]LogSlate: Slate User Registered.  User Index 0, Is Virtual User: 0
[2019.03.25-21.33.26:517][  0]LogHMD: Failed to initialize OpenVR with code 110
[2019.03.25-21.33.26:517][  0]LogD3D11RHI: D3D11 adapters:
[2019.03.25-21.33.26:564][  0]LogD3D11RHI:    0. 'NVIDIA GeForce GTX 1060 3GB' (Feature Level 11_0)
[2019.03.25-21.33.26:565][  0]LogD3D11RHI:       2997/0/4076 MB DedicatedVideo/DedicatedSystem/SharedSystem, Outputs:2, VendorId:0x10de
[2019.03.25-21.33.26:567][  0]LogD3D11RHI:    1. 'Microsoft Basic Render Driver' (Feature Level 11_0)
[2019.03.25-21.33.26:567][  0]LogD3D11RHI:       0/0/4076 MB DedicatedVideo/DedicatedSystem/SharedSystem, Outputs:0, VendorId:0x1414
[2019.03.25-21.33.26:567][  0]LogD3D11RHI: Chosen D3D11 Adapter: 0
[2019.03.25-21.33.26:575][  0]LogD3D11RHI: Creating new Direct3DDevice
[2019.03.25-21.33.26:575][  0]LogD3D11RHI:     GPU DeviceId: 0x1c02 (for the marketing name, search the web for "GPU Device Id")
[2019.03.25-21.33.26:575][  0]LogWindows: EnumDisplayDevices:
[2019.03.25-21.33.26:575][  0]LogWindows:    0. 'NVIDIA GeForce GTX 1060 3GB' (P:1 D:1)
[2019.03.25-21.33.26:581][  0]LogWindows:    1. 'NVIDIA GeForce GTX 1060 3GB' (P:0 D:1)
[2019.03.25-21.33.26:581][  0]LogWindows:    2. 'NVIDIA GeForce GTX 1060 3GB' (P:0 D:0)
[2019.03.25-21.33.26:581][  0]LogWindows:    3. 'NVIDIA GeForce GTX 1060 3GB' (P:0 D:0)
[2019.03.25-21.33.26:582][  0]LogWindows: DebugString: FoundDriverCount:4 
[2019.03.25-21.33.26:582][  0]LogD3D11RHI:     Adapter Name: NVIDIA GeForce GTX 1060 3GB
[2019.03.25-21.33.26:582][  0]LogD3D11RHI:   Driver Version: 388.13 (internal:23.21.13.8813, unified:388.13)
[2019.03.25-21.33.26:582][  0]LogD3D11RHI:      Driver Date: 10-27-2017
[2019.03.25-21.33.26:582][  0]LogRHI: Texture pool is 2097 MB (70% of 2997 MB)
[2019.03.25-21.33.26:617][  0]LogD3D11RHI: Async texture creation enabled
[2019.03.25-21.33.26:730][  0]LogD3D11RHI: GPU Timing Frequency: 1000.000000 (Debug: 2 1)
[2019.03.25-21.33.27:423][  0]LogTemp: Display: Loaded TP WindowsClientTargetPlatform
[2019.03.25-21.33.27:456][  0]LogTemp: Display: Loaded TP WindowsNoEditorTargetPlatform
[2019.03.25-21.33.27:487][  0]LogTemp: Display: Loaded TP WindowsServerTargetPlatform
[2019.03.25-21.33.27:508][  0]LogTemp: Display: Loaded TP WindowsTargetPlatform
[2019.03.25-21.33.27:508][  0]LogTargetPlatformManager: Display: Building Assets For Windows
[2019.03.25-21.33.28:039][  0]LogShaderCompilers: Guid format shader working directory is -3 characters bigger than the processId version (C:/Users/scott/Documents/SetchOnLegs/SetchOnLegs/Intermediate/Shaders/WorkingDirectory/14836/).
[2019.03.25-21.33.28:039][  0]LogShaderCompilers: Cleaned the shader compiler working directory 'C:/Users/scott/AppData/Local/Temp/UnrealShaderWorkingDir/3E892C2E4FFDF7E2F1264BBB7B6C86ED/'.
[2019.03.25-21.33.28:049][  0]LogXGEController: Cannot use XGE Controller as Incredibuild is not installed on this machine.
[2019.03.25-21.33.28:049][  0]LogShaderCompilers: Cannot use XGE Shader Compiler as Incredibuild is not installed on this machine.
[2019.03.25-21.33.28:049][  0]LogShaderCompilers: Display: Using Local Shader Compiler.
[2019.03.25-21.33.30:352][  0]LogDerivedDataCache: Display: Max Cache Size: 512 MB
[2019.03.25-21.33.30:540][  0]LogDerivedDataCache: Loaded boot cache 0.19s 71MB C:/Users/scott/AppData/Local/UnrealEngine/4.21/DerivedDataCache/Boot.ddc.
[2019.03.25-21.33.30:540][  0]LogDerivedDataCache: Display: Loaded Boot cache: C:/Users/scott/AppData/Local/UnrealEngine/4.21/DerivedDataCache/Boot.ddc
[2019.03.25-21.33.30:540][  0]LogDerivedDataCache: FDerivedDataBackendGraph:  Pak pak cache file C:/Users/scott/Documents/SetchOnLegs/SetchOnLegs/DerivedDataCache/DDC.ddp not found, will not use a pak cache.
[2019.03.25-21.33.30:540][  0]LogDerivedDataCache: Unable to find inner node Pak for hierarchical cache Hierarchy.
[2019.03.25-21.33.30:540][  0]LogDerivedDataCache: FDerivedDataBackendGraph:  CompressedPak pak cache file C:/Users/scott/Documents/SetchOnLegs/SetchOnLegs/DerivedDataCache/Compressed.ddp not found, will not use a pak cache.
[2019.03.25-21.33.30:540][  0]LogDerivedDataCache: Unable to find inner node CompressedPak for hierarchical cache Hierarchy.
[2019.03.25-21.33.30:581][  0]LogDerivedDataCache: Display: Pak cache opened for reading ../../../Engine/DerivedDataCache/Compressed.ddp.
[2019.03.25-21.33.30:581][  0]LogDerivedDataCache: FDerivedDataBackendGraph:  EnterprisePak pak cache file ../../../Enterprise/DerivedDataCache/Compressed.ddp not found, will not use a pak cache.
[2019.03.25-21.33.30:581][  0]LogDerivedDataCache: Unable to find inner node EnterprisePak for hierarchical cache Hierarchy.
[2019.03.25-21.33.30:593][  0]LogDerivedDataCache: Using Local data cache path C:/Users/scott/AppData/Local/UnrealEngine/Common/DerivedDataCache: Writable
[2019.03.25-21.33.30:593][  0]LogDerivedDataCache: Shared data cache path not found in *engine.ini, will not use an Shared cache.
[2019.03.25-21.33.30:593][  0]LogDerivedDataCache: Unable to find inner node Shared for hierarchical cache Hierarchy.
[2019.03.25-21.33.30:616][  0]LogMaterial: Verifying Global Shaders for PCD3D_SM5
[2019.03.25-21.33.30:647][  0]LogSlate: Using FreeType 2.6.0
[2019.03.25-21.33.30:708][  0]LogSlate: SlateFontServices - WITH_FREETYPE: 1, WITH_HARFBUZZ: 1
[2019.03.25-21.33.31:496][  0]LogInit: Using OS detected language (en-GB).
[2019.03.25-21.33.31:496][  0]LogInit: Using OS detected locale (en-GB).
[2019.03.25-21.33.31:496][  0]LogTextLocalizationManager: No localization for 'en-GB' exists, so 'en' will be used for the language.
[2019.03.25-21.33.31:496][  0]LogTextLocalizationManager: No localization for 'en-GB' exists, so 'en' will be used for the locale.
[2019.03.25-21.33.31:496][  0]LogSlate: FontCache flush requested. Reason: Culture for localization was changed
[2019.03.25-21.33.31:496][  0]LogSlate: FontCache flush requested. Reason: Culture for localization was changed
[2019.03.25-21.33.31:856][  0]LogStreaming: Display: Took  0.361s to InitGameTextLocalization.
[2019.03.25-21.33.31:880][  0]LogAssetRegistry: FAssetRegistry took 0.0116 seconds to start up
[2019.03.25-21.33.32:821][  0]LogPackageLocalizationCache: Processed 11 localized package path(s) for 1 prioritized culture(s) in 0.029659 seconds
[2019.03.25-21.33.32:988][  0]LogInit: Selected Device Profile: [Windows]
[2019.03.25-21.33.33:582][  0]LogSimplygon: Simplygon DLL not present - disabling.
[2019.03.25-21.33.33:688][  0]LogMeshReduction: Using SimplygonSwarm for distributed automatic mesh merging
[2019.03.25-21.33.33:688][  0]LogMeshReduction: Using ProxyLODMeshReduction for automatic mesh merging
[2019.03.25-21.33.33:705][  0]LogMeshReduction: Using QuadricMeshReduction for automatic static mesh reduction
[2019.03.25-21.33.33:705][  0]LogMeshReduction: No automatic skeletal mesh reduction module available
[2019.03.25-21.33.33:812][  0]LogNetVersion: SetchOnLegs 1.0.0, NetCL: 4541578, EngineNetVer: 5, GameNetVer: 0 (Checksum: 4021931193)
[2019.03.25-21.33.37:887][  0]LogMoviePlayer: Initializing movie player
