Log file open, 08/29/21 19:46:02
LogWindows: Failed to load 'aqProf.dll' (GetLastError=126)
LogWindows: File 'aqProf.dll' does not exist
LogWindows: Failed to load 'VtuneApi.dll' (GetLastError=126)
LogWindows: File 'VtuneApi.dll' does not exist
LogWindows: Failed to load 'VtuneApi32e.dll' (GetLastError=126)
LogWindows: File 'VtuneApi32e.dll' does not exist
LogConsoleResponse: Display: Failed to find resolution value strings in scalability ini. Falling back to default.
LogInit: Display: Running engine for game: SetchOnLegs
LogPakFile: Registered encryption key '00000000000000000000000000000000': 0 pak files mounted, 0 remain pending
LogPlatformFile: Not using cached read wrapper
LogTaskGraph: Started task graph with 5 named threads and 14 total threads with 3 sets of task threads.
LogStats: Stats thread started at 0.350113
LogD3D11RHI: Loaded GFSDK_Aftermath_Lib.x64.dll
LogICUInternationalization: ICU TimeZone Detection - Raw Offset: +0:00, Platform Override: ''
LogPluginManager: Mounting plugin Paper2D
LogPluginManager: Mounting plugin AISupport
LogPluginManager: Mounting plugin LightPropagationVolume
LogPluginManager: Mounting plugin ActorLayerUtilities
LogPluginManager: Mounting plugin CLionSourceCodeAccess
LogPluginManager: Mounting plugin CodeLiteSourceCodeAccess
LogPluginManager: Mounting plugin GitSourceControl
LogPluginManager: Mounting plugin KDevelopSourceCodeAccess
LogPluginManager: Mounting plugin NullSourceCodeAccess
LogPluginManager: Mounting plugin PerforceSourceControl
LogPluginManager: Mounting plugin SubversionSourceControl
LogPluginManager: Mounting plugin UObjectPlugin
LogPluginManager: Mounting plugin VisualStudioCodeSourceCodeAccess
LogPluginManager: Mounting plugin VisualStudioSourceCodeAccess
LogPluginManager: Mounting plugin XCodeSourceCodeAccess
LogPluginManager: Mounting plugin AssetManagerEditor
LogPluginManager: Mounting plugin CryptoKeys
LogPluginManager: Mounting plugin DataValidation
LogPluginManager: Mounting plugin FacialAnimation
LogPluginManager: Mounting plugin GameplayTagsEditor
LogPluginManager: Mounting plugin MacGraphicsSwitching
LogPluginManager: Mounting plugin MeshEditor
LogPluginManager: Mounting plugin MobileLauncherProfileWizard
LogPluginManager: Mounting plugin PluginBrowser
LogPluginManager: Mounting plugin SpeedTreeImporter
LogPluginManager: Mounting plugin DatasmithContent
LogPluginManager: Mounting plugin VariantManagerContent
LogPluginManager: Mounting plugin AlembicImporter
LogPluginManager: Mounting plugin AppleImageUtils
LogPluginManager: Mounting plugin AppleVision
LogPluginManager: Mounting plugin BackChannel
LogPluginManager: Mounting plugin CharacterAI
LogPluginManager: Mounting plugin GeometryCache
LogPluginManager: Mounting plugin HTML5Networking
LogPluginManager: Mounting plugin ProxyLODPlugin
LogPluginManager: Mounting plugin MagicLeap
LogPluginManager: Mounting plugin MagicLeapMedia
LogPluginManager: Mounting plugin AndroidMedia
LogPluginManager: Mounting plugin AvfMedia
LogPluginManager: Mounting plugin ImgMedia
LogPluginManager: Mounting plugin LinearTimecode
LogPluginManager: Mounting plugin MediaCompositing
LogPluginManager: Mounting plugin MediaPlayerEditor
LogPluginManager: Mounting plugin WebMMedia
LogPluginManager: Mounting plugin WmfMedia
LogPluginManager: Mounting plugin TcpMessaging
LogPluginManager: Mounting plugin UdpMessaging
LogPluginManager: Mounting plugin ActorSequence
LogPluginManager: Mounting plugin LevelSequenceEditor
LogPluginManager: Mounting plugin MatineeToLevelSequence
LogPluginManager: Mounting plugin NetcodeUnitTest
LogPluginManager: Mounting plugin NUTUnrealEngine4
LogPluginManager: Mounting plugin OnlineSubsystemGooglePlay
LogPluginManager: Mounting plugin OnlineSubsystemIOS
LogPluginManager: Mounting plugin OnlineSubsystem
LogPluginManager: Mounting plugin OnlineSubsystemNull
LogPluginManager: Mounting plugin OnlineSubsystemUtils
LogPluginManager: Mounting plugin LauncherChunkInstaller
LogPluginManager: Mounting plugin AndroidDeviceProfileSelector
LogPluginManager: Mounting plugin AndroidMoviePlayer
LogPluginManager: Mounting plugin AndroidPermission
LogPluginManager: Mounting plugin AppleMoviePlayer
LogPluginManager: Mounting plugin ArchVisCharacter
LogPluginManager: Mounting plugin AudioCapture
LogPluginManager: Mounting plugin CableComponent
LogPluginManager: Mounting plugin CustomMeshComponent
LogPluginManager: Mounting plugin EditableMesh
LogPluginManager: Mounting plugin ExampleDeviceProfileSelector
LogPluginManager: Mounting plugin Firebase
LogPluginManager: Mounting plugin GoogleCloudMessaging
LogPluginManager: Mounting plugin IOSDeviceProfileSelector
LogPluginManager: Mounting plugin LinuxDeviceProfileSelector
LogPluginManager: Mounting plugin LocationServicesBPLibrary
LogPluginManager: Mounting plugin MobilePatchingUtils
LogPluginManager: Mounting plugin OculusVR
LogPluginManager: Mounting plugin PhysXVehicles
LogPluginManager: Mounting plugin ProceduralMeshComponent
LogPluginManager: Mounting plugin RuntimePhysXCooking
LogPluginManager: Mounting plugin SteamVR
LogPluginManager: Mounting plugin WebMMoviePlayer
LogPluginManager: Mounting plugin WindowsMoviePlayer
LogStreaming: Display: Took  0.084s to configure plugins.
LogInit: Using libcurl 7.55.1-DEV
LogInit:  - built for x86_64-pc-win32
LogInit:  - supports SSL with OpenSSL/1.0.2h
LogInit:  - supports HTTP deflate (compression) using libz 1.2.8
LogInit:  - other features:
LogInit:      CURL_VERSION_SSL
LogInit:      CURL_VERSION_LIBZ
LogInit:      CURL_VERSION_IPV6
LogInit:      CURL_VERSION_ASYNCHDNS
LogInit:      CURL_VERSION_LARGEFILE
LogInit:      CURL_VERSION_IDN
LogInit:  CurlRequestOptions (configurable via config and command line):
LogInit:  - bVerifyPeer = true  - Libcurl will verify peer certificate
LogInit:  - bUseHttpProxy = false  - Libcurl will NOT use HTTP proxy
LogInit:  - bDontReuseConnections = false  - Libcurl will reuse connections
LogInit:  - MaxHostConnections = 16  - Libcurl will limit the number of connections to a host
LogInit:  - LocalHostAddr = Default
LogInit:  - BufferSize = 65536
LogInit: WinSock: version 1.1 (2.2), MaxSocks=32767, MaxUdp=65467
LogInit: Build: ++UE4+Release-4.21-CL-4613538
LogInit: Engine Version: 4.21.1-4613538+++UE4+Release-4.21
LogInit: Compatible Engine Version: 4.21.0-4541578+++UE4+Release-4.21
LogInit: Net CL: 4541578
LogInit: OS: Windows 10 (), CPU: Intel(R) Core(TM) i5-6500 CPU @ 3.20GHz, GPU: NVIDIA GeForce GTX 1060 3GB
LogInit: Compiled (64-bit): Nov 30 2018 04:13:25
LogInit: Compiled with Visual C++: 19.13.26129.00
LogInit: Build Configuration: Development
LogInit: Branch Name: ++UE4+Release-4.21
LogInit: Command Line: 
LogInit: Base Directory: S:/Program Files/Epic Games/UE_4.21/Engine/Binaries/Win64/
LogInit: Installed Engine Build: 1
LogDevObjectVersion: Number of dev versions registered: 22
LogDevObjectVersion:   Dev-Blueprints (B0D832E4-1F89-4F0D-ACCF-7EB736FD4AA2): 10
LogDevObjectVersion:   Dev-Build (E1C64328-A22C-4D53-A36C-8E866417BD8C): 0
LogDevObjectVersion:   Dev-Core (375EC13C-06E4-48FB-B500-84F0262A717E): 2
LogDevObjectVersion:   Dev-Editor (E4B068ED-F494-42E9-A231-DA0B2E46BB41): 26
LogDevObjectVersion:   Dev-Framework (CFFC743F-43B0-4480-9391-14DF171D2073): 34
LogDevObjectVersion:   Dev-Mobile (B02B49B5-BB20-44E9-A304-32B752E40360): 2
LogDevObjectVersion:   Dev-Networking (A4E4105C-59A1-49B5-A7C5-40C4547EDFEE): 0
LogDevObjectVersion:   Dev-Online (39C831C9-5AE6-47DC-9A44-9C173E1C8E7C): 0
LogDevObjectVersion:   Dev-Physics (78F01B33-EBEA-4F98-B9B4-84EACCB95AA2): 0
LogDevObjectVersion:   Dev-Platform (6631380F-2D4D-43E0-8009-CF276956A95A): 0
LogDevObjectVersion:   Dev-Rendering (12F88B9F-8875-4AFC-A67C-D90C383ABD29): 27
LogDevObjectVersion:   Dev-Sequencer (7B5AE74C-D270-4C10-A958-57980B212A5A): 9
LogDevObjectVersion:   Dev-VR (D7296918-1DD6-4BDD-9DE2-64A83CC13884): 2
LogDevObjectVersion:   Dev-LoadTimes (C2A15278-BFE7-4AFE-6C17-90FF531DF755): 1
LogDevObjectVersion:   Private-Geometry (6EACA3D4-40EC-4CC1-B786-8BED09428FC5): 3
LogDevObjectVersion:   Dev-AnimPhys (29E575DD-E0A3-4627-9D10-D276232CDCEA): 17
LogDevObjectVersion:   Dev-Anim (AF43A65D-7FD3-4947-9873-3E8ED9C1BB05): 2
LogDevObjectVersion:   Dev-ReflectionCapture (6B266CEC-1EC7-4B8F-A30B-E4D90942FC07): 1
LogDevObjectVersion:   Dev-Automation (0DF73D61-A23F-47EA-B727-89E90C41499A): 1
LogDevObjectVersion:   FortniteMain (601D1886-AC64-4F84-AA16-D3DE0DEAC7D6): 17
LogDevObjectVersion:   Dev-Enterprise (9DFFBCD6-494F-0158-E221-12823C92A888): 4
LogDevObjectVersion:   Dev-Niagara (F2AED0AC-9AFE-416F-8664-AA7FFA26D6FC): 1
LogStreaming: Display: Took  0.012s to delete old logs.
LogInit: Presizing for max 8388607 objects, including 0 objects not considered by GC, pre-allocating 0 bytes for permanent pool.
LogInit: Object subsystem initialized
LogConfig: Setting CVar [[con.DebugEarlyDefault:1]]
LogConfig: Setting CVar [[r.setres:1280x720]]
[2021.08.29-18.46.04:717][  0]LogConfig: Setting CVar [[r.VSync:0]]
[2021.08.29-18.46.04:717][  0]LogConfig: Setting CVar [[r.RHICmdBypass:0]]
[2021.08.29-18.46.04:717][  0]LogConfig: Applying CVar settings from Section [/Script/Engine.RendererSettings] File [S:/Unreal Projects/SetchOnLegs/SetchOnLegs/Saved/Config/Windows/Engine.ini]
[2021.08.29-18.46.04:717][  0]LogConfig: Setting CVar [[r.GPUCrashDebugging:0]]
[2021.08.29-18.46.04:717][  0]LogConfig: Setting CVar [[r.MobileHDR:1]]
[2021.08.29-18.46.04:717][  0]LogConfig: Setting CVar [[r.Mobile.DisableVertexFog:1]]
[2021.08.29-18.46.04:717][  0]LogConfig: Setting CVar [[r.Shadow.CSM.MaxMobileCascades:2]]
[2021.08.29-18.46.04:717][  0]LogConfig: Setting CVar [[r.MobileMSAA:1]]
[2021.08.29-18.46.04:717][  0]LogConfig: Setting CVar [[r.Mobile.UseLegacyShadingModel:0]]
[2021.08.29-18.46.04:717][  0]LogConfig: Setting CVar [[r.Mobile.AllowDitheredLODTransition:0]]
[2021.08.29-18.46.04:717][  0]LogConfig: Setting CVar [[r.Mobile.AllowSoftwareOcclusion:0]]
[2021.08.29-18.46.04:717][  0]LogConfig: Setting CVar [[r.DiscardUnusedQuality:0]]
[2021.08.29-18.46.04:717][  0]LogConfig: Setting CVar [[r.AllowOcclusionQueries:1]]
[2021.08.29-18.46.04:717][  0]LogConfig: Setting CVar [[r.MinScreenRadiusForLights:0.030000]]
[2021.08.29-18.46.04:718][  0]LogConfig: Setting CVar [[r.MinScreenRadiusForDepthPrepass:0.030000]]
[2021.08.29-18.46.04:718][  0]LogConfig: Setting CVar [[r.MinScreenRadiusForCSMDepth:0.010000]]
[2021.08.29-18.46.04:718][  0]LogConfig: Setting CVar [[r.PrecomputedVisibilityWarning:0]]
[2021.08.29-18.46.04:718][  0]LogConfig: Setting CVar [[r.TextureStreaming:1]]
[2021.08.29-18.46.04:718][  0]LogConfig: Setting CVar [[Compat.UseDXT5NormalMaps:0]]
[2021.08.29-18.46.04:718][  0]LogConfig: Setting CVar [[r.ClearCoatNormal:0]]
[2021.08.29-18.46.04:718][  0]LogConfig: Setting CVar [[r.ReflectionCaptureResolution:128]]
[2021.08.29-18.46.04:718][  0]LogConfig: Setting CVar [[r.ReflectionEnvironmentLightmapMixBasedOnRoughness:1]]
[2021.08.29-18.46.04:718][  0]LogConfig: Setting CVar [[r.ForwardShading:0]]
[2021.08.29-18.46.04:718][  0]LogConfig: Setting CVar [[r.VertexFoggingForOpaque:1]]
[2021.08.29-18.46.04:718][  0]LogConfig: Setting CVar [[r.AllowStaticLighting:1]]
[2021.08.29-18.46.04:718][  0]LogConfig: Setting CVar [[r.NormalMapsForStaticLighting:0]]
[2021.08.29-18.46.04:718][  0]LogConfig: Setting CVar [[r.GenerateMeshDistanceFields:0]]
[2021.08.29-18.46.04:718][  0]LogConfig: Setting CVar [[r.DistanceFieldBuild.EightBit:0]]
[2021.08.29-18.46.04:718][  0]LogConfig: Setting CVar [[r.GenerateLandscapeGIData:0]]
[2021.08.29-18.46.04:718][  0]LogConfig: Setting CVar [[r.DistanceFieldBuild.Compress:0]]
[2021.08.29-18.46.04:718][  0]LogConfig: Setting CVar [[r.TessellationAdaptivePixelsPerTriangle:48.000000]]
[2021.08.29-18.46.04:718][  0]LogConfig: Setting CVar [[r.SeparateTranslucency:1]]
[2021.08.29-18.46.04:718][  0]LogConfig: Setting CVar [[r.TranslucentSortPolicy:0]]
[2021.08.29-18.46.04:718][  0]LogConfig: Setting CVar [[r.CustomDepth:1]]
[2021.08.29-18.46.04:718][  0]LogConfig: Setting CVar [[r.CustomDepthTemporalAAJitter:1]]
[2021.08.29-18.46.04:718][  0]LogConfig: Setting CVar [[r.PostProcessing.PropagateAlpha:0]]
[2021.08.29-18.46.04:718][  0]LogConfig: Setting CVar [[r.DOF.Algorithm:1]]
[2021.08.29-18.46.04:719][  0]LogConfig: Setting CVar [[r.DefaultFeature.Bloom:1]]
[2021.08.29-18.46.04:719][  0]LogConfig: Setting CVar [[r.DefaultFeature.AmbientOcclusion:1]]
[2021.08.29-18.46.04:719][  0]LogConfig: Setting CVar [[r.DefaultFeature.AmbientOcclusionStaticFraction:1]]
[2021.08.29-18.46.04:719][  0]LogConfig: Setting CVar [[r.DefaultFeature.AutoExposure:1]]
[2021.08.29-18.46.04:719][  0]LogConfig: Setting CVar [[r.DefaultFeature.AutoExposure.Method:0]]
[2021.08.29-18.46.04:719][  0]LogConfig: Setting CVar [[r.DefaultFeature.AutoExposure.ExtendDefaultLuminanceRange:0]]
[2021.08.29-18.46.04:719][  0]LogConfig: Setting CVar [[r.UsePreExposure:0]]
[2021.08.29-18.46.04:719][  0]LogConfig: Setting CVar [[r.DefaultFeature.MotionBlur:0]]
[2021.08.29-18.46.04:719][  0]LogConfig: Setting CVar [[r.DefaultFeature.LensFlare:0]]
[2021.08.29-18.46.04:719][  0]LogConfig: Setting CVar [[r.TemporalAA.Upsampling:0]]
[2021.08.29-18.46.04:719][  0]LogConfig: Setting CVar [[r.DefaultFeature.AntiAliasing:2]]
[2021.08.29-18.46.04:719][  0]LogConfig: Setting CVar [[r.DefaultFeature.LightUnits:1]]
[2021.08.29-18.46.04:719][  0]LogConfig: Setting CVar [[r.DefaultBackBufferPixelFormat:4]]
[2021.08.29-18.46.04:719][  0]LogConfig: Setting CVar [[r.Shadow.UnbuiltPreviewInGame:1]]
[2021.08.29-18.46.04:719][  0]LogConfig: Setting CVar [[r.StencilForLODDither:0]]
[2021.08.29-18.46.04:719][  0]LogConfig: Setting CVar [[r.EarlyZPass:3]]
[2021.08.29-18.46.04:719][  0]LogConfig: Setting CVar [[r.EarlyZPassMovable:1]]
[2021.08.29-18.46.04:719][  0]LogConfig: Setting CVar [[r.EarlyZPassOnlyMaterialMasking:0]]
[2021.08.29-18.46.04:719][  0]LogConfig: Setting CVar [[r.DBuffer:1]]
[2021.08.29-18.46.04:720][  0]LogConfig: Setting CVar [[r.ClearSceneMethod:1]]
[2021.08.29-18.46.04:720][  0]LogConfig: Setting CVar [[r.BasePassOutputsVelocity:0]]
[2021.08.29-18.46.04:720][  0]LogConfig: Setting CVar [[r.SelectiveBasePassOutputs:0]]
[2021.08.29-18.46.04:720][  0]LogConfig: Setting CVar [[fx.GPUSimulationTextureSizeX:1024]]
[2021.08.29-18.46.04:720][  0]LogConfig: Setting CVar [[fx.GPUSimulationTextureSizeY:1024]]
[2021.08.29-18.46.04:720][  0]LogConfig: Setting CVar [[r.AllowGlobalClipPlane:0]]
[2021.08.29-18.46.04:720][  0]LogConfig: Setting CVar [[r.GBufferFormat:1]]
[2021.08.29-18.46.04:720][  0]LogConfig: Setting CVar [[r.MorphTarget.Mode:1]]
[2021.08.29-18.46.04:720][  0]LogConfig: Setting CVar [[vr.InstancedStereo:0]]
[2021.08.29-18.46.04:720][  0]LogConfig: Setting CVar [[vr.MultiView:0]]
[2021.08.29-18.46.04:720][  0]LogConfig: Setting CVar [[vr.MobileMultiView:0]]
[2021.08.29-18.46.04:720][  0]LogConfig: Setting CVar [[vr.MobileMultiView.Direct:0]]
[2021.08.29-18.46.04:720][  0]LogConfig: Setting CVar [[vr.MonoscopicFarField:0]]
[2021.08.29-18.46.04:720][  0]LogConfig: Setting CVar [[vr.RoundRobinOcclusion:0]]
[2021.08.29-18.46.04:720][  0]LogConfig: Setting CVar [[vr.ODSCapture:0]]
[2021.08.29-18.46.04:720][  0]LogConfig: Setting CVar [[r.WireframeCullThreshold:5.000000]]
[2021.08.29-18.46.04:720][  0]LogConfig: Setting CVar [[r.SupportStationarySkylight:1]]
[2021.08.29-18.46.04:720][  0]LogConfig: Setting CVar [[r.SupportLowQualityLightmaps:1]]
[2021.08.29-18.46.04:720][  0]LogConfig: Setting CVar [[r.SupportPointLightWholeSceneShadows:1]]
[2021.08.29-18.46.04:720][  0]LogConfig: Setting CVar [[r.SupportAtmosphericFog:1]]
[2021.08.29-18.46.04:720][  0]LogConfig: Setting CVar [[r.SkinCache.CompileShaders:0]]
[2021.08.29-18.46.04:720][  0]LogConfig: Setting CVar [[r.Mobile.EnableStaticAndCSMShadowReceivers:1]]
[2021.08.29-18.46.04:721][  0]LogConfig: Setting CVar [[r.Mobile.EnableMovableLightCSMShaderCulling:1]]
[2021.08.29-18.46.04:721][  0]LogConfig: Setting CVar [[r.Mobile.AllowDistanceFieldShadows:1]]
[2021.08.29-18.46.04:721][  0]LogConfig: Setting CVar [[r.Mobile.AllowMovableDirectionalLights:1]]
[2021.08.29-18.46.04:721][  0]LogConfig: Setting CVar [[r.MobileNumDynamicPointLights:4]]
[2021.08.29-18.46.04:721][  0]LogConfig: Setting CVar [[r.MobileDynamicPointLightsUseStaticBranch:1]]
[2021.08.29-18.46.04:721][  0]LogConfig: Setting CVar [[r.SkinCache.SceneMemoryLimitInMB:128.000000]]
[2021.08.29-18.46.04:721][  0]LogConfig: Setting CVar [[r.GPUSkin.Limit2BoneInfluences:0]]
[2021.08.29-18.46.04:721][  0]LogConfig: Setting CVar [[r.SupportDepthOnlyIndexBuffers:1]]
[2021.08.29-18.46.04:721][  0]LogConfig: Setting CVar [[r.SupportReversedIndexBuffers:1]]
[2021.08.29-18.46.04:721][  0]LogConfig: Setting CVar [[r.SupportMaterialLayers:0]]
[2021.08.29-18.46.04:721][  0]LogConfig: Applying CVar settings from Section [/Script/Engine.RendererOverrideSettings] File [S:/Unreal Projects/SetchOnLegs/SetchOnLegs/Saved/Config/Windows/Engine.ini]
[2021.08.29-18.46.04:721][  0]LogConfig: Applying CVar settings from Section [/Script/Engine.StreamingSettings] File [S:/Unreal Projects/SetchOnLegs/SetchOnLegs/Saved/Config/Windows/Engine.ini]
[2021.08.29-18.46.04:721][  0]LogConfig: Setting CVar [[s.MinBulkDataSizeForAsyncLoading:131072]]
[2021.08.29-18.46.04:721][  0]LogConfig: Setting CVar [[s.AsyncLoadingThreadEnabled:0]]
[2021.08.29-18.46.04:721][  0]LogConfig: Setting CVar [[s.EventDrivenLoaderEnabled:1]]
[2021.08.29-18.46.04:721][  0]LogConfig: Setting CVar [[s.WarnIfTimeLimitExceeded:0]]
[2021.08.29-18.46.04:721][  0]LogConfig: Setting CVar [[s.TimeLimitExceededMultiplier:1.5]]
[2021.08.29-18.46.04:721][  0]LogConfig: Setting CVar [[s.TimeLimitExceededMinTime:0.005]]
[2021.08.29-18.46.04:721][  0]LogConfig: Setting CVar [[s.UseBackgroundLevelStreaming:1]]
[2021.08.29-18.46.04:721][  0]LogConfig: Setting CVar [[s.PriorityAsyncLoadingExtraTime:15.0]]
[2021.08.29-18.46.04:721][  0]LogConfig: Setting CVar [[s.LevelStreamingActorsUpdateTimeLimit:5.0]]
[2021.08.29-18.46.04:721][  0]LogConfig: Setting CVar [[s.PriorityLevelStreamingActorsUpdateExtraTime:5.0]]
[2021.08.29-18.46.04:722][  0]LogConfig: Setting CVar [[s.LevelStreamingComponentsRegistrationGranularity:10]]
[2021.08.29-18.46.04:722][  0]LogConfig: Setting CVar [[s.UnregisterComponentsTimeLimit:1.0]]
[2021.08.29-18.46.04:722][  0]LogConfig: Setting CVar [[s.LevelStreamingComponentsUnregistrationGranularity:5]]
[2021.08.29-18.46.04:722][  0]LogConfig: Applying CVar settings from Section [/Script/Engine.GarbageCollectionSettings] File [S:/Unreal Projects/SetchOnLegs/SetchOnLegs/Saved/Config/Windows/Engine.ini]
[2021.08.29-18.46.04:722][  0]LogConfig: Setting CVar [[gc.MaxObjectsNotConsideredByGC:1]]
[2021.08.29-18.46.04:722][  0]LogConfig: Setting CVar [[gc.SizeOfPermanentObjectPool:0]]
[2021.08.29-18.46.04:722][  0]LogConfig: Setting CVar [[gc.FlushStreamingOnGC:0]]
[2021.08.29-18.46.04:722][  0]LogConfig: Setting CVar [[gc.NumRetriesBeforeForcingGC:10]]
[2021.08.29-18.46.04:722][  0]LogConfig: Setting CVar [[gc.AllowParallelGC:1]]
[2021.08.29-18.46.04:722][  0]LogConfig: Setting CVar [[gc.TimeBetweenPurgingPendingKillObjects:61.1]]
[2021.08.29-18.46.04:722][  0]LogConfig: Setting CVar [[gc.MaxObjectsInEditor:8388607]]
[2021.08.29-18.46.04:722][  0]LogConfig: Setting CVar [[gc.IncrementalBeginDestroyEnabled:1]]
[2021.08.29-18.46.04:722][  0]LogConfig: Setting CVar [[gc.CreateGCClusters:1]]
[2021.08.29-18.46.04:722][  0]LogConfig: Setting CVar [[gc.MergeGCClusters:0]]
[2021.08.29-18.46.04:722][  0]LogConfig: Setting CVar [[gc.MinGCClusterSize:5]]
[2021.08.29-18.46.04:722][  0]LogConfig: Setting CVar [[gc.ActorClusteringEnabled:0]]
[2021.08.29-18.46.04:722][  0]LogConfig: Setting CVar [[gc.BlueprintClusteringEnabled:0]]
[2021.08.29-18.46.04:722][  0]LogConfig: Setting CVar [[gc.UseDisregardForGCOnDedicatedServers:0]]
[2021.08.29-18.46.04:722][  0]LogConfig: Applying CVar settings from Section [/Script/Engine.NetworkSettings] File [S:/Unreal Projects/SetchOnLegs/SetchOnLegs/Saved/Config/Windows/Engine.ini]
[2021.08.29-18.46.04:722][  0]LogConfig: Applying CVar settings from Section [/Script/UnrealEd.CookerSettings] File [S:/Unreal Projects/SetchOnLegs/SetchOnLegs/Saved/Config/Windows/Engine.ini]
[2021.08.29-18.46.04:737][  0]LogConfig: Applying CVar settings from Section [ViewDistanceQuality@3] File [S:/Unreal Projects/SetchOnLegs/SetchOnLegs/Saved/Config/Windows/Scalability.ini]
[2021.08.29-18.46.04:737][  0]LogConfig: Setting CVar [[r.SkeletalMeshLODBias:0]]
[2021.08.29-18.46.04:737][  0]LogConfig: Setting CVar [[r.ViewDistanceScale:1.0]]
[2021.08.29-18.46.04:737][  0]LogConfig: Applying CVar settings from Section [AntiAliasingQuality@3] File [S:/Unreal Projects/SetchOnLegs/SetchOnLegs/Saved/Config/Windows/Scalability.ini]
[2021.08.29-18.46.04:737][  0]LogConfig: Setting CVar [[r.PostProcessAAQuality:4]]
[2021.08.29-18.46.04:737][  0]LogConfig: Applying CVar settings from Section [ShadowQuality@3] File [S:/Unreal Projects/SetchOnLegs/SetchOnLegs/Saved/Config/Windows/Scalability.ini]
[2021.08.29-18.46.04:737][  0]LogConfig: Setting CVar [[r.LightFunctionQuality:1]]
[2021.08.29-18.46.04:737][  0]LogConfig: Setting CVar [[r.ShadowQuality:5]]
[2021.08.29-18.46.04:737][  0]LogConfig: Setting CVar [[r.Shadow.CSM.MaxCascades:10]]
[2021.08.29-18.46.04:737][  0]LogConfig: Setting CVar [[r.Shadow.MaxResolution:2048]]
[2021.08.29-18.46.04:737][  0]LogConfig: Setting CVar [[r.Shadow.MaxCSMResolution:2048]]
[2021.08.29-18.46.04:737][  0]LogConfig: Setting CVar [[r.Shadow.RadiusThreshold:0.01]]
[2021.08.29-18.46.04:737][  0]LogConfig: Setting CVar [[r.Shadow.DistanceScale:1.0]]
[2021.08.29-18.46.04:737][  0]LogConfig: Setting CVar [[r.Shadow.CSM.TransitionScale:1.0]]
[2021.08.29-18.46.04:737][  0]LogConfig: Setting CVar [[r.Shadow.PreShadowResolutionFactor:1.0]]
[2021.08.29-18.46.04:738][  0]LogConfig: Setting CVar [[r.DistanceFieldShadowing:1]]
[2021.08.29-18.46.04:738][  0]LogConfig: Setting CVar [[r.DistanceFieldAO:1]]
[2021.08.29-18.46.04:738][  0]LogConfig: Setting CVar [[r.AOQuality:2]]
[2021.08.29-18.46.04:738][  0]LogConfig: Setting CVar [[r.VolumetricFog:1]]
[2021.08.29-18.46.04:738][  0]LogConfig: Setting CVar [[r.VolumetricFog.GridPixelSize:8]]
[2021.08.29-18.46.04:738][  0]LogConfig: Setting CVar [[r.VolumetricFog.GridSizeZ:128]]
[2021.08.29-18.46.04:738][  0]LogConfig: Setting CVar [[r.VolumetricFog.HistoryMissSupersampleCount:4]]
[2021.08.29-18.46.04:738][  0]LogConfig: Setting CVar [[r.LightMaxDrawDistanceScale:1]]
[2021.08.29-18.46.04:738][  0]LogConfig: Setting CVar [[r.CapsuleShadows:1]]
[2021.08.29-18.46.04:738][  0]LogConfig: Applying CVar settings from Section [PostProcessQuality@3] File [S:/Unreal Projects/SetchOnLegs/SetchOnLegs/Saved/Config/Windows/Scalability.ini]
[2021.08.29-18.46.04:738][  0]LogConfig: Setting CVar [[r.MotionBlurQuality:4]]
[2021.08.29-18.46.04:738][  0]LogConfig: Setting CVar [[r.AmbientOcclusionMipLevelFactor:0.4]]
[2021.08.29-18.46.04:738][  0]LogConfig: Setting CVar [[r.AmbientOcclusionMaxQuality:100]]
[2021.08.29-18.46.04:738][  0]LogConfig: Setting CVar [[r.AmbientOcclusionLevels:-1]]
[2021.08.29-18.46.04:738][  0]LogConfig: Setting CVar [[r.AmbientOcclusionRadiusScale:1.0]]
[2021.08.29-18.46.04:738][  0]LogConfig: Setting CVar [[r.DepthOfFieldQuality:2]]
[2021.08.29-18.46.04:738][  0]LogConfig: Setting CVar [[r.RenderTargetPoolMin:400]]
[2021.08.29-18.46.04:738][  0]LogConfig: Setting CVar [[r.LensFlareQuality:2]]
[2021.08.29-18.46.04:738][  0]LogConfig: Setting CVar [[r.SceneColorFringeQuality:1]]
[2021.08.29-18.46.04:738][  0]LogConfig: Setting CVar [[r.EyeAdaptationQuality:2]]
[2021.08.29-18.46.04:738][  0]LogConfig: Setting CVar [[r.BloomQuality:5]]
[2021.08.29-18.46.04:738][  0]LogConfig: Setting CVar [[r.FastBlurThreshold:100]]
[2021.08.29-18.46.04:738][  0]LogConfig: Setting CVar [[r.Upscale.Quality:3]]
[2021.08.29-18.46.04:739][  0]LogConfig: Setting CVar [[r.Tonemapper.GrainQuantization:1]]
[2021.08.29-18.46.04:739][  0]LogConfig: Setting CVar [[r.LightShaftQuality:1]]
[2021.08.29-18.46.04:739][  0]LogConfig: Setting CVar [[r.Filter.SizeScale:1]]
[2021.08.29-18.46.04:739][  0]LogConfig: Setting CVar [[r.Tonemapper.Quality:5]]
[2021.08.29-18.46.04:739][  0]LogConfig: Setting CVar [[r.DOF.Gather.AccumulatorQuality:1        ; higher gathering accumulator quality]]
[2021.08.29-18.46.04:739][  0]LogConfig: Setting CVar [[r.DOF.Gather.PostfilterMethod:1          ; Median3x3 postfilering method]]
[2021.08.29-18.46.04:739][  0]LogConfig: Setting CVar [[r.DOF.Gather.EnableBokehSettings:0       ; no bokeh simulation when gathering]]
[2021.08.29-18.46.04:739][  0]LogConfig: Setting CVar [[r.DOF.Gather.RingCount:4                 ; medium number of samples when gathering]]
[2021.08.29-18.46.04:739][  0]LogConfig: Setting CVar [[r.DOF.Scatter.ForegroundCompositing:1    ; additive foreground scattering]]
[2021.08.29-18.46.04:739][  0]LogConfig: Setting CVar [[r.DOF.Scatter.BackgroundCompositing:2    ; additive background scattering]]
[2021.08.29-18.46.04:739][  0]LogConfig: Setting CVar [[r.DOF.Scatter.EnableBokehSettings:1      ; bokeh simulation when scattering]]
[2021.08.29-18.46.04:739][  0]LogConfig: Setting CVar [[r.DOF.Scatter.MaxSpriteRatio:0.1         ; only a maximum of 10% of scattered bokeh]]
[2021.08.29-18.46.04:739][  0]LogConfig: Setting CVar [[r.DOF.Recombine.Quality:1                ; cheap slight out of focus]]
[2021.08.29-18.46.04:739][  0]LogConfig: Setting CVar [[r.DOF.Recombine.EnableBokehSettings:0    ; no bokeh simulation on slight out of focus]]
[2021.08.29-18.46.04:739][  0]LogConfig: Setting CVar [[r.DOF.TemporalAAQuality:1                ; more stable temporal accumulation]]
[2021.08.29-18.46.04:739][  0]LogConfig: Setting CVar [[r.DOF.Kernel.MaxForegroundRadius:0.025]]
[2021.08.29-18.46.04:739][  0]LogConfig: Setting CVar [[r.DOF.Kernel.MaxBackgroundRadius:0.025]]
[2021.08.29-18.46.04:739][  0]LogConfig: Applying CVar settings from Section [TextureQuality@3] File [S:/Unreal Projects/SetchOnLegs/SetchOnLegs/Saved/Config/Windows/Scalability.ini]
[2021.08.29-18.46.04:739][  0]LogConfig: Setting CVar [[r.Streaming.MipBias:0]]
[2021.08.29-18.46.04:739][  0]LogConfig: Setting CVar [[r.Streaming.AmortizeCPUToGPUCopy:0]]
[2021.08.29-18.46.04:739][  0]LogConfig: Setting CVar [[r.Streaming.MaxNumTexturesToStreamPerFrame:0]]
[2021.08.29-18.46.04:739][  0]LogConfig: Setting CVar [[r.Streaming.Boost:1]]
[2021.08.29-18.46.04:739][  0]LogConfig: Setting CVar [[r.MaxAnisotropy:8]]
[2021.08.29-18.46.04:740][  0]LogConfig: Setting CVar [[r.Streaming.LimitPoolSizeToVRAM:0]]
[2021.08.29-18.46.04:740][  0]LogConfig: Setting CVar [[r.Streaming.PoolSize:1000]]
[2021.08.29-18.46.04:740][  0]LogConfig: Setting CVar [[r.Streaming.MaxEffectiveScreenSize:0]]
[2021.08.29-18.46.04:740][  0]LogConfig: Applying CVar settings from Section [EffectsQuality@3] File [S:/Unreal Projects/SetchOnLegs/SetchOnLegs/Saved/Config/Windows/Scalability.ini]
[2021.08.29-18.46.04:740][  0]LogConfig: Setting CVar [[r.TranslucencyLightingVolumeDim:64]]
[2021.08.29-18.46.04:740][  0]LogConfig: Setting CVar [[r.RefractionQuality:2]]
[2021.08.29-18.46.04:740][  0]LogConfig: Setting CVar [[r.SSR.Quality:3]]
[2021.08.29-18.46.04:740][  0]LogConfig: Setting CVar [[r.SceneColorFormat:4]]
[2021.08.29-18.46.04:740][  0]LogConfig: Setting CVar [[r.DetailMode:2]]
[2021.08.29-18.46.04:740][  0]LogConfig: Setting CVar [[r.TranslucencyVolumeBlur:1]]
[2021.08.29-18.46.04:740][  0]LogConfig: Setting CVar [[r.MaterialQualityLevel:1 ; High quality]]
[2021.08.29-18.46.04:740][  0]LogConfig: Setting CVar [[r.SSS.Scale:1]]
[2021.08.29-18.46.04:740][  0]LogConfig: Setting CVar [[r.SSS.SampleSet:2]]
[2021.08.29-18.46.04:740][  0]LogConfig: Setting CVar [[r.SSS.Quality:1]]
[2021.08.29-18.46.04:740][  0]LogConfig: Setting CVar [[r.SSS.HalfRes:1]]
[2021.08.29-18.46.04:740][  0]LogConfig: Setting CVar [[r.EmitterSpawnRateScale:1.0]]
[2021.08.29-18.46.04:740][  0]LogConfig: Setting CVar [[r.ParticleLightQuality:2]]
[2021.08.29-18.46.04:740][  0]LogConfig: Applying CVar settings from Section [FoliageQuality@3] File [S:/Unreal Projects/SetchOnLegs/SetchOnLegs/Saved/Config/Windows/Scalability.ini]
[2021.08.29-18.46.04:740][  0]LogConfig: Setting CVar [[foliage.DensityScale:1.0]]
[2021.08.29-18.46.04:740][  0]LogConfig: Setting CVar [[grass.DensityScale:1.0]]
[2021.08.29-18.46.04:741][  0]LogInit: Selected Device Profile: [Windows]
[2021.08.29-18.46.04:741][  0]LogInit: Applying CVar settings loaded from the selected device profile: [Windows]
[2021.08.29-18.46.04:755][  0]LogHAL: Display: Platform has ~ 16 GB [17138323456 / 17179869184 / 16], which maps to Larger [LargestMinGB=32, LargerMinGB=12, DefaultMinGB=8, SmallerMinGB=6, SmallestMinGB=0)
[2021.08.29-18.46.04:755][  0]LogConfig: Setting CVar [[r.Vulkan.UseRealUBs:1]]
[2021.08.29-18.46.04:755][  0]LogInit: Going up to parent DeviceProfile []
[2021.08.29-18.46.04:756][  0]LogConfig: Applying CVar settings from Section [ViewDistanceQuality@3] File [S:/Unreal Projects/SetchOnLegs/SetchOnLegs/Saved/Config/Windows/Scalability.ini]
[2021.08.29-18.46.04:756][  0]LogConfig: Setting CVar [[r.SkeletalMeshLODBias:0]]
[2021.08.29-18.46.04:756][  0]LogConfig: Setting CVar [[r.ViewDistanceScale:1.0]]
[2021.08.29-18.46.04:756][  0]LogConfig: Applying CVar settings from Section [AntiAliasingQuality@3] File [S:/Unreal Projects/SetchOnLegs/SetchOnLegs/Saved/Config/Windows/Scalability.ini]
[2021.08.29-18.46.04:756][  0]LogConfig: Setting CVar [[r.PostProcessAAQuality:4]]
[2021.08.29-18.46.04:756][  0]LogConfig: Applying CVar settings from Section [ShadowQuality@3] File [S:/Unreal Projects/SetchOnLegs/SetchOnLegs/Saved/Config/Windows/Scalability.ini]
[2021.08.29-18.46.04:756][  0]LogConfig: Setting CVar [[r.LightFunctionQuality:1]]
[2021.08.29-18.46.04:756][  0]LogConfig: Setting CVar [[r.ShadowQuality:5]]
[2021.08.29-18.46.04:756][  0]LogConfig: Setting CVar [[r.Shadow.CSM.MaxCascades:10]]
[2021.08.29-18.46.04:756][  0]LogConfig: Setting CVar [[r.Shadow.MaxResolution:2048]]
[2021.08.29-18.46.04:756][  0]LogConfig: Setting CVar [[r.Shadow.MaxCSMResolution:2048]]
[2021.08.29-18.46.04:756][  0]LogConfig: Setting CVar [[r.Shadow.RadiusThreshold:0.01]]
[2021.08.29-18.46.04:756][  0]LogConfig: Setting CVar [[r.Shadow.DistanceScale:1.0]]
[2021.08.29-18.46.04:756][  0]LogConfig: Setting CVar [[r.Shadow.CSM.TransitionScale:1.0]]
[2021.08.29-18.46.04:756][  0]LogConfig: Setting CVar [[r.Shadow.PreShadowResolutionFactor:1.0]]
[2021.08.29-18.46.04:756][  0]LogConfig: Setting CVar [[r.DistanceFieldShadowing:1]]
[2021.08.29-18.46.04:756][  0]LogConfig: Setting CVar [[r.DistanceFieldAO:1]]
[2021.08.29-18.46.04:756][  0]LogConfig: Setting CVar [[r.AOQuality:2]]
[2021.08.29-18.46.04:756][  0]LogConfig: Setting CVar [[r.VolumetricFog:1]]
[2021.08.29-18.46.04:756][  0]LogConfig: Setting CVar [[r.VolumetricFog.GridPixelSize:8]]
[2021.08.29-18.46.04:756][  0]LogConfig: Setting CVar [[r.VolumetricFog.GridSizeZ:128]]
[2021.08.29-18.46.04:756][  0]LogConfig: Setting CVar [[r.VolumetricFog.HistoryMissSupersampleCount:4]]
[2021.08.29-18.46.04:756][  0]LogConfig: Setting CVar [[r.LightMaxDrawDistanceScale:1]]
[2021.08.29-18.46.04:756][  0]LogConfig: Setting CVar [[r.CapsuleShadows:1]]
[2021.08.29-18.46.04:756][  0]LogConfig: Applying CVar settings from Section [PostProcessQuality@3] File [S:/Unreal Projects/SetchOnLegs/SetchOnLegs/Saved/Config/Windows/Scalability.ini]
[2021.08.29-18.46.04:756][  0]LogConfig: Setting CVar [[r.MotionBlurQuality:4]]
[2021.08.29-18.46.04:756][  0]LogConfig: Setting CVar [[r.AmbientOcclusionMipLevelFactor:0.4]]
[2021.08.29-18.46.04:756][  0]LogConfig: Setting CVar [[r.AmbientOcclusionMaxQuality:100]]
[2021.08.29-18.46.04:756][  0]LogConfig: Setting CVar [[r.AmbientOcclusionLevels:-1]]
[2021.08.29-18.46.04:756][  0]LogConfig: Setting CVar [[r.AmbientOcclusionRadiusScale:1.0]]
[2021.08.29-18.46.04:756][  0]LogConfig: Setting CVar [[r.DepthOfFieldQuality:2]]
[2021.08.29-18.46.04:756][  0]LogConfig: Setting CVar [[r.RenderTargetPoolMin:400]]
[2021.08.29-18.46.04:756][  0]LogConfig: Setting CVar [[r.LensFlareQuality:2]]
[2021.08.29-18.46.04:756][  0]LogConfig: Setting CVar [[r.SceneColorFringeQuality:1]]
[2021.08.29-18.46.04:756][  0]LogConfig: Setting CVar [[r.EyeAdaptationQuality:2]]
[2021.08.29-18.46.04:756][  0]LogConfig: Setting CVar [[r.BloomQuality:5]]
[2021.08.29-18.46.04:756][  0]LogConfig: Setting CVar [[r.FastBlurThreshold:100]]
[2021.08.29-18.46.04:756][  0]LogConfig: Setting CVar [[r.Upscale.Quality:3]]
[2021.08.29-18.46.04:756][  0]LogConfig: Setting CVar [[r.Tonemapper.GrainQuantization:1]]
[2021.08.29-18.46.04:756][  0]LogConfig: Setting CVar [[r.LightShaftQuality:1]]
[2021.08.29-18.46.04:756][  0]LogConfig: Setting CVar [[r.Filter.SizeScale:1]]
[2021.08.29-18.46.04:756][  0]LogConfig: Setting CVar [[r.Tonemapper.Quality:5]]
[2021.08.29-18.46.04:757][  0]LogConfig: Setting CVar [[r.DOF.Gather.AccumulatorQuality:1        ; higher gathering accumulator quality]]
[2021.08.29-18.46.04:757][  0]LogConfig: Setting CVar [[r.DOF.Gather.PostfilterMethod:1          ; Median3x3 postfilering method]]
[2021.08.29-18.46.04:757][  0]LogConfig: Setting CVar [[r.DOF.Gather.EnableBokehSettings:0       ; no bokeh simulation when gathering]]
[2021.08.29-18.46.04:757][  0]LogConfig: Setting CVar [[r.DOF.Gather.RingCount:4                 ; medium number of samples when gathering]]
[2021.08.29-18.46.04:757][  0]LogConfig: Setting CVar [[r.DOF.Scatter.ForegroundCompositing:1    ; additive foreground scattering]]
[2021.08.29-18.46.04:757][  0]LogConfig: Setting CVar [[r.DOF.Scatter.BackgroundCompositing:2    ; additive background scattering]]
[2021.08.29-18.46.04:757][  0]LogConfig: Setting CVar [[r.DOF.Scatter.EnableBokehSettings:1      ; bokeh simulation when scattering]]
[2021.08.29-18.46.04:757][  0]LogConfig: Setting CVar [[r.DOF.Scatter.MaxSpriteRatio:0.1         ; only a maximum of 10% of scattered bokeh]]
[2021.08.29-18.46.04:757][  0]LogConfig: Setting CVar [[r.DOF.Recombine.Quality:1                ; cheap slight out of focus]]
[2021.08.29-18.46.04:757][  0]LogConfig: Setting CVar [[r.DOF.Recombine.EnableBokehSettings:0    ; no bokeh simulation on slight out of focus]]
[2021.08.29-18.46.04:757][  0]LogConfig: Setting CVar [[r.DOF.TemporalAAQuality:1                ; more stable temporal accumulation]]
[2021.08.29-18.46.04:757][  0]LogConfig: Setting CVar [[r.DOF.Kernel.MaxForegroundRadius:0.025]]
[2021.08.29-18.46.04:757][  0]LogConfig: Setting CVar [[r.DOF.Kernel.MaxBackgroundRadius:0.025]]
[2021.08.29-18.46.04:757][  0]LogConfig: Applying CVar settings from Section [TextureQuality@3] File [S:/Unreal Projects/SetchOnLegs/SetchOnLegs/Saved/Config/Windows/Scalability.ini]
[2021.08.29-18.46.04:757][  0]LogConfig: Setting CVar [[r.Streaming.MipBias:0]]
[2021.08.29-18.46.04:757][  0]LogConfig: Setting CVar [[r.Streaming.AmortizeCPUToGPUCopy:0]]
[2021.08.29-18.46.04:757][  0]LogConfig: Setting CVar [[r.Streaming.MaxNumTexturesToStreamPerFrame:0]]
[2021.08.29-18.46.04:757][  0]LogConfig: Setting CVar [[r.Streaming.Boost:1]]
[2021.08.29-18.46.04:757][  0]LogConfig: Setting CVar [[r.MaxAnisotropy:8]]
[2021.08.29-18.46.04:757][  0]LogConfig: Setting CVar [[r.Streaming.LimitPoolSizeToVRAM:0]]
[2021.08.29-18.46.04:757][  0]LogConfig: Setting CVar [[r.Streaming.PoolSize:1000]]
[2021.08.29-18.46.04:757][  0]LogConfig: Setting CVar [[r.Streaming.MaxEffectiveScreenSize:0]]
[2021.08.29-18.46.04:757][  0]LogConfig: Applying CVar settings from Section [EffectsQuality@3] File [S:/Unreal Projects/SetchOnLegs/SetchOnLegs/Saved/Config/Windows/Scalability.ini]
[2021.08.29-18.46.04:757][  0]LogConfig: Setting CVar [[r.TranslucencyLightingVolumeDim:64]]
[2021.08.29-18.46.04:757][  0]LogConfig: Setting CVar [[r.RefractionQuality:2]]
[2021.08.29-18.46.04:757][  0]LogConfig: Setting CVar [[r.SSR.Quality:3]]
[2021.08.29-18.46.04:757][  0]LogConfig: Setting CVar [[r.SceneColorFormat:4]]
[2021.08.29-18.46.04:757][  0]LogConfig: Setting CVar [[r.DetailMode:2]]
[2021.08.29-18.46.04:757][  0]LogConfig: Setting CVar [[r.TranslucencyVolumeBlur:1]]
[2021.08.29-18.46.04:757][  0]LogConfig: Setting CVar [[r.MaterialQualityLevel:1 ; High quality]]
[2021.08.29-18.46.04:757][  0]LogConfig: Setting CVar [[r.SSS.Scale:1]]
[2021.08.29-18.46.04:757][  0]LogConfig: Setting CVar [[r.SSS.SampleSet:2]]
[2021.08.29-18.46.04:757][  0]LogConfig: Setting CVar [[r.SSS.Quality:1]]
[2021.08.29-18.46.04:757][  0]LogConfig: Setting CVar [[r.SSS.HalfRes:1]]
[2021.08.29-18.46.04:757][  0]LogConfig: Setting CVar [[r.EmitterSpawnRateScale:1.0]]
[2021.08.29-18.46.04:757][  0]LogConfig: Setting CVar [[r.ParticleLightQuality:2]]
[2021.08.29-18.46.04:757][  0]LogConfig: Applying CVar settings from Section [FoliageQuality@3] File [S:/Unreal Projects/SetchOnLegs/SetchOnLegs/Saved/Config/Windows/Scalability.ini]
[2021.08.29-18.46.04:757][  0]LogConfig: Setting CVar [[foliage.DensityScale:1.0]]
[2021.08.29-18.46.04:757][  0]LogConfig: Setting CVar [[grass.DensityScale:1.0]]
[2021.08.29-18.46.04:757][  0]LogConfig: Applying CVar settings from Section [Startup] File [../../../Engine/Config/ConsoleVariables.ini]
[2021.08.29-18.46.04:758][  0]LogConfig: Setting CVar [[net.UseAdaptiveNetUpdateFrequency:0]]
[2021.08.29-18.46.04:758][  0]LogConfig: Applying CVar settings from Section [ConsoleVariables] File [S:/Unreal Projects/SetchOnLegs/SetchOnLegs/Saved/Config/Windows/Engine.ini]
[2021.08.29-18.46.04:758][  0]LogInit: Computer: DESKTOP-A8N2MRH
[2021.08.29-18.46.04:758][  0]LogInit: User: scott
[2021.08.29-18.46.04:758][  0]LogInit: CPU Page size=4096, Cores=4
[2021.08.29-18.46.04:758][  0]LogInit: High frequency timer resolution =10.000000 MHz
[2021.08.29-18.46.04:758][  0]LogMemory: Memory total: Physical=16.0GB (16GB approx)
[2021.08.29-18.46.04:758][  0]LogMemory: Platform Memory Stats for Windows
[2021.08.29-18.46.04:759][  0]LogMemory: Process Physical Memory: 108.04 MB used, 108.04 MB peak
[2021.08.29-18.46.04:759][  0]LogMemory: Process Virtual Memory: 99.06 MB used, 99.06 MB peak
[2021.08.29-18.46.04:759][  0]LogMemory: Physical Memory: 5637.75 MB used,  10706.63 MB free, 16344.38 MB total
[2021.08.29-18.46.04:759][  0]LogMemory: Virtual Memory: 4630.98 MB used,  134213096.00 MB free, 134217728.00 MB total
[2021.08.29-18.46.05:236][  0]LogInit: Using OS detected language (en-GB).
[2021.08.29-18.46.05:236][  0]LogInit: Using OS detected locale (en-GB).
[2021.08.29-18.46.05:238][  0]LogTextLocalizationManager: No specific localization for 'en-GB' exists, so the 'en' localization will be used.
[2021.08.29-18.46.05:703][  0]LogStreaming: Display: Took  0.467s to InitEngineTextLocalization.
[2021.08.29-18.46.05:704][  0]LogInit: Setting process to per monitor DPI aware
[2021.08.29-18.46.05:832][  0]LogSlate: New Slate User Created.  User Index 0, Is Virtual User: 0
[2021.08.29-18.46.05:832][  0]LogSlate: Slate User Registered.  User Index 0, Is Virtual User: 0
[2021.08.29-18.46.08:800][  0]LogHMD: Failed to initialize OpenVR with code 110
[2021.08.29-18.46.08:800][  0]LogD3D11RHI: D3D11 adapters:
[2021.08.29-18.46.08:934][  0]LogD3D11RHI:    0. 'NVIDIA GeForce GTX 1060 3GB' (Feature Level 11_0)
[2021.08.29-18.46.08:935][  0]LogD3D11RHI:       2988/0/8172 MB DedicatedVideo/DedicatedSystem/SharedSystem, Outputs:2, VendorId:0x10de
[2021.08.29-18.46.08:938][  0]LogD3D11RHI:    1. 'Microsoft Basic Render Driver' (Feature Level 11_0)
[2021.08.29-18.46.08:938][  0]LogD3D11RHI:       0/0/8172 MB DedicatedVideo/DedicatedSystem/SharedSystem, Outputs:0, VendorId:0x1414
[2021.08.29-18.46.08:938][  0]LogD3D11RHI: Chosen D3D11 Adapter: 0
[2021.08.29-18.46.08:944][  0]LogD3D11RHI: Creating new Direct3DDevice
[2021.08.29-18.46.08:945][  0]LogD3D11RHI:     GPU DeviceId: 0x1c02 (for the marketing name, search the web for "GPU Device Id")
[2021.08.29-18.46.08:945][  0]LogWindows: EnumDisplayDevices:
[2021.08.29-18.46.08:945][  0]LogWindows:    0. 'NVIDIA GeForce GTX 1060 3GB' (P:0 D:1)
[2021.08.29-18.46.08:945][  0]LogWindows:    1. 'NVIDIA GeForce GTX 1060 3GB' (P:1 D:1)
[2021.08.29-18.46.08:945][  0]LogWindows:    2. 'NVIDIA GeForce GTX 1060 3GB' (P:0 D:0)
[2021.08.29-18.46.08:946][  0]LogWindows:    3. 'NVIDIA GeForce GTX 1060 3GB' (P:0 D:0)
[2021.08.29-18.46.08:946][  0]LogWindows: DebugString: FoundDriverCount:4 
[2021.08.29-18.46.08:946][  0]LogD3D11RHI:     Adapter Name: NVIDIA GeForce GTX 1060 3GB
[2021.08.29-18.46.08:946][  0]LogD3D11RHI:   Driver Version: 471.68 (internal:30.0.14.7168, unified:471.68)
[2021.08.29-18.46.08:946][  0]LogD3D11RHI:      Driver Date: 8-5-2021
[2021.08.29-18.46.08:946][  0]LogRHI: Texture pool is 2091 MB (70% of 2988 MB)
[2021.08.29-18.46.09:039][  0]LogD3D11RHI: Async texture creation enabled
[2021.08.29-18.46.09:068][  0]LogD3D11RHI: GPU Timing Frequency: 1000.000000 (Debug: 2 1)
[2021.08.29-18.46.09:779][  0]LogTemp: Display: Loaded TP AllDesktopTargetPlatform
[2021.08.29-18.46.09:818][  0]LogTemp: Display: Loaded TP MacClientTargetPlatform
[2021.08.29-18.46.09:864][  0]LogTemp: Display: Loaded TP MacNoEditorTargetPlatform
[2021.08.29-18.46.09:903][  0]LogTemp: Display: Loaded TP MacServerTargetPlatform
[2021.08.29-18.46.09:945][  0]LogTemp: Display: Loaded TP MacTargetPlatform
[2021.08.29-18.46.09:994][  0]LogTemp: Display: Loaded TP WindowsClientTargetPlatform
[2021.08.29-18.46.10:041][  0]LogTemp: Display: Loaded TP WindowsNoEditorTargetPlatform
[2021.08.29-18.46.10:072][  0]LogTemp: Display: Loaded TP WindowsServerTargetPlatform
[2021.08.29-18.46.10:109][  0]LogTemp: Display: Loaded TP WindowsTargetPlatform
[2021.08.29-18.46.10:212][  0]LogTemp: Display: Loaded TP AndroidTargetPlatform
[2021.08.29-18.46.10:212][  0]LogTemp: Display: Loaded TP AndroidTargetPlatform
[2021.08.29-18.46.10:212][  0]LogTemp: Display: Loaded TP AndroidTargetPlatform
[2021.08.29-18.46.10:212][  0]LogTemp: Display: Loaded TP AndroidTargetPlatform
[2021.08.29-18.46.10:212][  0]LogTemp: Display: Loaded TP AndroidTargetPlatform
[2021.08.29-18.46.10:212][  0]LogTemp: Display: Loaded TP AndroidTargetPlatform
[2021.08.29-18.46.10:212][  0]LogTemp: Display: Loaded TP AndroidTargetPlatform
[2021.08.29-18.46.10:212][  0]LogTemp: Display: Loaded TP AndroidTargetPlatform
[2021.08.29-18.46.10:212][  0]LogTemp: Display: Loaded TP AndroidTargetPlatform
[2021.08.29-18.46.10:212][  0]LogTemp: Display: Loaded TP AndroidTargetPlatform
[2021.08.29-18.46.10:212][  0]LogTemp: Display: Loaded TP AndroidTargetPlatform
[2021.08.29-18.46.10:212][  0]LogTemp: Display: Loaded TP AndroidTargetPlatform
[2021.08.29-18.46.10:212][  0]LogTemp: Display: Loaded TP AndroidTargetPlatform
[2021.08.29-18.46.10:212][  0]LogTemp: Display: Loaded TP AndroidTargetPlatform
[2021.08.29-18.46.10:212][  0]LogTemp: Display: Loaded TP AndroidTargetPlatform
[2021.08.29-18.46.10:212][  0]LogTemp: Display: Loaded TP AndroidTargetPlatform
[2021.08.29-18.46.10:212][  0]LogTemp: Display: Loaded TP AndroidTargetPlatform
[2021.08.29-18.46.10:212][  0]LogTemp: Display: Loaded TP AndroidTargetPlatform
[2021.08.29-18.46.10:244][  0]LogTemp: Display: Loaded TP HTML5TargetPlatform
[2021.08.29-18.46.10:397][  0]LogTemp: Display: Loaded TP IOSTargetPlatform
[2021.08.29-18.46.10:397][  0]LogTemp: Display: Loaded TP IOSTargetPlatform
[2021.08.29-18.46.10:448][  0]LogTemp: Display: Loaded TP TVOSTargetPlatform
[2021.08.29-18.46.10:448][  0]LogTemp: Display: Loaded TP TVOSTargetPlatform
[2021.08.29-18.46.10:499][  0]LogTemp: Display: Loaded TP LinuxClientTargetPlatform
[2021.08.29-18.46.10:544][  0]LogTemp: Display: Loaded TP LinuxNoEditorTargetPlatform
[2021.08.29-18.46.10:581][  0]LogTemp: Display: Loaded TP LinuxServerTargetPlatform
[2021.08.29-18.46.10:613][  0]LogTemp: Display: Loaded TP LinuxTargetPlatform
[2021.08.29-18.46.10:696][  0]LogTemp: Display: Loaded TP LuminTargetPlatform
[2021.08.29-18.46.10:696][  0]LogTemp: Display: Loaded TP LuminTargetPlatform
[2021.08.29-18.46.10:696][  0]LogTargetPlatformManager: Display: Building Assets For Windows
[2021.08.29-18.46.11:428][  0]LogShaderCompilers: Guid format shader working directory is -11 characters bigger than the processId version (../../../../../../Unreal Projects/SetchOnLegs/SetchOnLegs/Intermediate/Shaders/WorkingDirectory/2356/).
[2021.08.29-18.46.11:428][  0]LogShaderCompilers: Cleaned the shader compiler working directory 'C:/Users/scott/AppData/Local/Temp/UnrealShaderWorkingDir/A9E9886E4575324FB0268EB46BA05DAF/'.
[2021.08.29-18.46.11:429][  0]LogXGEController: Cleaning working directory: C:/Users/scott/AppData/Local/Temp/UnrealXGEWorkingDir/
[2021.08.29-18.46.11:430][  0]LogXGEController: Cannot use XGE Controller as Incredibuild is not installed on this machine.
[2021.08.29-18.46.11:430][  0]LogShaderCompilers: Cannot use XGE Shader Compiler as Incredibuild is not installed on this machine.
[2021.08.29-18.46.11:430][  0]LogShaderCompilers: Display: Using Local Shader Compiler.
[2021.08.29-18.46.13:557][  0]LogDerivedDataCache: Display: Max Cache Size: 512 MB
[2021.08.29-18.46.13:613][  0]LogDerivedDataCache: Loaded boot cache 0.06s 71MB C:/Users/scott/AppData/Local/UnrealEngine/4.21/DerivedDataCache/Boot.ddc.
[2021.08.29-18.46.13:613][  0]LogDerivedDataCache: Display: Loaded Boot cache: C:/Users/scott/AppData/Local/UnrealEngine/4.21/DerivedDataCache/Boot.ddc
[2021.08.29-18.46.13:614][  0]LogDerivedDataCache: FDerivedDataBackendGraph:  Pak pak cache file ../../../../../../Unreal Projects/SetchOnLegs/SetchOnLegs/DerivedDataCache/DDC.ddp not found, will not use a pak cache.
[2021.08.29-18.46.13:614][  0]LogDerivedDataCache: Unable to find inner node Pak for hierarchical cache Hierarchy.
[2021.08.29-18.46.13:614][  0]LogDerivedDataCache: FDerivedDataBackendGraph:  CompressedPak pak cache file ../../../../../../Unreal Projects/SetchOnLegs/SetchOnLegs/DerivedDataCache/Compressed.ddp not found, will not use a pak cache.
[2021.08.29-18.46.13:614][  0]LogDerivedDataCache: Unable to find inner node CompressedPak for hierarchical cache Hierarchy.
[2021.08.29-18.46.13:648][  0]LogDerivedDataCache: Display: Pak cache opened for reading ../../../Engine/DerivedDataCache/Compressed.ddp.
[2021.08.29-18.46.13:648][  0]LogDerivedDataCache: FDerivedDataBackendGraph:  EnterprisePak pak cache file ../../../Enterprise/DerivedDataCache/Compressed.ddp not found, will not use a pak cache.
[2021.08.29-18.46.13:648][  0]LogDerivedDataCache: Unable to find inner node EnterprisePak for hierarchical cache Hierarchy.
[2021.08.29-18.46.13:659][  0]LogDerivedDataCache: Using Local data cache path C:/Users/scott/AppData/Local/UnrealEngine/Common/DerivedDataCache: Writable
[2021.08.29-18.46.13:659][  0]LogDerivedDataCache: Shared data cache path not found in *engine.ini, will not use an Shared cache.
[2021.08.29-18.46.13:659][  0]LogDerivedDataCache: Unable to find inner node Shared for hierarchical cache Hierarchy.
[2021.08.29-18.46.13:684][  0]LogMaterial: Verifying Global Shaders for PCD3D_SM5
[2021.08.29-18.46.13:685][  0]LogSlate: Using FreeType 2.6.0
[2021.08.29-18.46.13:699][  0]LogSlate: SlateFontServices - WITH_FREETYPE: 1, WITH_HARFBUZZ: 1
[2021.08.29-18.46.14:744][  0]LogAssetRegistry: FAssetRegistry took 0.0370 seconds to start up
[2021.08.29-18.46.15:082][  0]LogInit: Selected Device Profile: [Windows]
[2021.08.29-18.46.15:582][  0]LogSimplygon: Simplygon DLL not present - disabling.
[2021.08.29-18.46.15:657][  0]LogMeshReduction: Using SimplygonSwarm for distributed automatic mesh merging
[2021.08.29-18.46.15:657][  0]LogMeshReduction: Using ProxyLODMeshReduction for automatic mesh merging
[2021.08.29-18.46.15:657][  0]LogMeshReduction: Using QuadricMeshReduction for automatic static mesh reduction
[2021.08.29-18.46.15:657][  0]LogMeshReduction: No automatic skeletal mesh reduction module available
[2021.08.29-18.46.15:786][  0]LogNetVersion: SetchOnLegs 1.0.0, NetCL: 4541578, EngineNetVer: 5, GameNetVer: 0 (Checksum: 4021931193)
[2021.08.29-18.46.16:951][  0]LogPackageLocalizationCache: Processed 11 localized package path(s) for 2 prioritized culture(s) in 0.077260 seconds
[2021.08.29-18.46.16:958][  0]LogUObjectArray: 39775 objects as part of root set at end of initial load.
[2021.08.29-18.46.16:958][  0]LogUObjectAllocator: 6914656 out of 0 bytes used by permanent object pool.
[2021.08.29-18.46.16:958][  0]LogUObjectArray: CloseDisregardForGC: 0/0 objects in disregard for GC pool
[2021.08.29-18.46.28:196][  0]LogTcpMessaging: Initializing TcpMessaging bridge
[2021.08.29-18.46.28:268][  0]LogUdpMessaging: Initializing bridge on interface 0.0.0.0:0 to multicast group 230.0.0.1:6666.
[2021.08.29-18.46.30:050][  0]SourceControl: Source control is disabled
[2021.08.29-18.46.30:050][  0]SourceControl: Source control is disabled
[2021.08.29-18.46.30:092][  0]SourceControl: Source control is disabled
[2021.08.29-18.46.30:123][  0]SourceControl: Source control is disabled
[2021.08.29-18.46.31:498][  0]LogAndroidPermission: UAndroidPermissionCallbackProxy::GetInstance
[2021.08.29-18.46.31:723][  0]LogOcInput: OculusInput pre-init called
[2021.08.29-18.46.32:077][  0]LogEngine: Initializing Engine...
[2021.08.29-18.46.32:078][  0]LogHMD: Failed to initialize OpenVR with code 110
[2021.08.29-18.46.32:079][  0]LogStats: UGameplayTagsManager::ConstructGameplayTagTree: ImportINI prefixes -  0.000 s
[2021.08.29-18.46.32:079][  0]LogStats: UGameplayTagsManager::ConstructGameplayTagTree: Construct from data asset -  0.000 s
[2021.08.29-18.46.32:080][  0]LogStats: UGameplayTagsManager::ConstructGameplayTagTree: ImportINI -  0.000 s
[2021.08.29-18.46.32:080][  0]LogStats: UGameplayTagsManager::ConstructGameplayTagTree: GameplayTagTreeChangedEvent.Broadcast -  0.000 s
[2021.08.29-18.46.32:559][  0]LogInit: Initializing FReadOnlyCVARCache
[2021.08.29-18.46.32:598][  0]LogAIModule: Creating AISystem for world Untitled
[2021.08.29-18.46.32:616][  0]LogInit: XAudio2 using '22CV241 (NVIDIA High Definition Audio)' : 2 channels at 48 kHz using 16 bits per sample (channel mask 0x3)
[2021.08.29-18.46.32:639][  0]LogInit: FAudioDevice initialized.
[2021.08.29-18.46.32:640][  0]LogNetVersion: Set ProjectVersion to 1.0.0.0. Version Checksum will be recalculated on next use.
[2021.08.29-18.46.32:782][  0]LogDerivedDataCache: Saved boot cache 0.14s 71MB C:/Users/scott/AppData/Local/UnrealEngine/4.21/DerivedDataCache/Boot.ddc.
[2021.08.29-18.46.32:793][  0]LogInit: Texture streaming: Enabled
[2021.08.29-18.46.32:906][  0]LogEngineSessionManager: EngineSessionManager initialized
[2021.08.29-18.46.32:949][  0]LogInit: Transaction tracking system initialized
[2021.08.29-18.46.33:118][  0]BlueprintLog: New page: Editor Load
[2021.08.29-18.46.34:143][  0]LocalizationService: Localization service is disabled
[2021.08.29-18.46.35:485][  0]LogCook: Display: Max memory allowance for cook 16384mb min free memory 0mb
[2021.08.29-18.46.35:485][  0]LogCook: Display: Mobile HDR setting 1
[2021.08.29-18.46.35:485][  0]LogGameplayTags: Display: UGameplayTagsManager::DoneAddingNativeTags. DelegateIsBound: 0
[2021.08.29-18.46.35:486][  0]LogStats: UGameplayTagsManager::ConstructGameplayTagTree: ImportINI prefixes -  0.000 s
[2021.08.29-18.46.35:486][  0]LogStats: UGameplayTagsManager::ConstructGameplayTagTree: Construct from data asset -  0.000 s
[2021.08.29-18.46.35:486][  0]LogStats: UGameplayTagsManager::ConstructGameplayTagTree: ImportINI -  0.000 s
[2021.08.29-18.46.35:486][  0]LogStats: UGameplayTagsManager::ConstructGameplayTagTree: GameplayTagTreeChangedEvent.Broadcast -  0.000 s
[2021.08.29-18.46.36:053][  0]LogFileCache: Scanning file cache for directory 'S:/Unreal Projects/SetchOnLegs/SetchOnLegs/Content/' took 0.03s
[2021.08.29-18.46.37:158][  0]SourceControl: Source control is disabled
[2021.08.29-18.46.37:158][  0]Cmd: MAP LOAD FILE="../../../../../../Unreal Projects/SetchOnLegs/SetchOnLegs/Content/SetchOnLegs/02Levels/00Menus/Tutorial.umap" TEMPLATE=0 SHOWPROGRESS=1 FEATURELEVEL=3
[2021.08.29-18.46.37:164][  0]LightingResults: New page: Lighting Build
[2021.08.29-18.46.37:166][  0]MapCheck: New page: Map Check
[2021.08.29-18.46.37:166][  0]LightingResults: New page: Lighting Build
[2021.08.29-18.46.40:145][  0]LogAIModule: Creating AISystem for world Tutorial
[2021.08.29-18.46.40:165][  0]LogEditorServer: Finished looking for orphan Actors (0.000 secs)
[2021.08.29-18.46.40:195][  0]Cmd: MAP CHECKDEP NOCLEARLOG
[2021.08.29-18.46.40:196][  0]MapCheck: Map check complete: 0 Error(s), 0 Warning(s), took 0.182ms to complete.
[2021.08.29-18.46.40:196][  0]LogFileHelpers: Loading map 'Tutorial' took 3.038
[2021.08.29-18.46.40:348][  0]LogSlate: Updating window title bar state: overlay mode, drag disabled, window buttons hidden, title bar hidden
[2021.08.29-18.46.40:355][  0]LogSlate: Updating window title bar state: overlay mode, drag disabled, window buttons hidden, title bar hidden
[2021.08.29-18.46.40:363][  0]LogSlate: Updating window title bar state: overlay mode, drag disabled, window buttons hidden, title bar hidden
[2021.08.29-18.46.40:370][  0]LogSlate: Updating window title bar state: overlay mode, drag disabled, window buttons hidden, title bar hidden
[2021.08.29-18.46.40:409][  0]LogCollectionManager: Loaded 0 collections in 0.001027 seconds
[2021.08.29-18.46.40:447][  0]LogFileCache: Scanning file cache for directory 'S:/Unreal Projects/SetchOnLegs/SetchOnLegs/Saved/Collections/' took 0.01s
[2021.08.29-18.46.40:447][  0]LogFileCache: Scanning file cache for directory 'S:/Unreal Projects/SetchOnLegs/SetchOnLegs/Content/Developers/scott/Collections/' took 0.01s
[2021.08.29-18.46.40:447][  0]LogFileCache: Scanning file cache for directory 'S:/Unreal Projects/SetchOnLegs/SetchOnLegs/Content/Collections/' took 0.01s
[2021.08.29-18.46.40:447][  0]LogCollectionManager: Rebuilt the GUID cache for 0 collections in 0.000000 seconds
[2021.08.29-18.46.40:465][  0]LogContentBrowser: Native class hierarchy populated in 0.0173 seconds. Added 2651 classes and 620 folders.
[2021.08.29-18.46.40:479][  0]LogContentBrowser: Native class hierarchy updated for 'WidgetCarousel' in 0.0080 seconds. Added 0 classes and 0 folders.
[2021.08.29-18.46.40:513][  0]LogPakFile: Registered encryption key '00000000000000000000000000000000': 0 pak files mounted, 0 remain pending
[2021.08.29-18.46.40:522][  0]LogPakFile: Registered encryption key '00000000000000000000000000000000': 0 pak files mounted, 0 remain pending
[2021.08.29-18.46.40:540][  0]LogPakFile: Registered encryption key '00000000000000000000000000000000': 0 pak files mounted, 0 remain pending
[2021.08.29-18.46.40:546][  0]LogPakFile: Registered encryption key '00000000000000000000000000000000': 0 pak files mounted, 0 remain pending
[2021.08.29-18.46.40:553][  0]LogPakFile: Registered encryption key '00000000000000000000000000000000': 0 pak files mounted, 0 remain pending
[2021.08.29-18.46.40:559][  0]LogPakFile: Registered encryption key '00000000000000000000000000000000': 0 pak files mounted, 0 remain pending
[2021.08.29-18.46.40:564][  0]LogPakFile: Registered encryption key '00000000000000000000000000000000': 0 pak files mounted, 0 remain pending
[2021.08.29-18.46.40:571][  0]LogPakFile: Registered encryption key '00000000000000000000000000000000': 0 pak files mounted, 0 remain pending
[2021.08.29-18.46.40:576][  0]LogPakFile: Registered encryption key '00000000000000000000000000000000': 0 pak files mounted, 0 remain pending
[2021.08.29-18.46.40:583][  0]LogPakFile: Registered encryption key '00000000000000000000000000000000': 0 pak files mounted, 0 remain pending
[2021.08.29-18.46.40:589][  0]LogPakFile: Registered encryption key '00000000000000000000000000000000': 0 pak files mounted, 0 remain pending
[2021.08.29-18.46.40:595][  0]LogPakFile: Registered encryption key '00000000000000000000000000000000': 0 pak files mounted, 0 remain pending
[2021.08.29-18.46.40:602][  0]LogPakFile: Registered encryption key '00000000000000000000000000000000': 0 pak files mounted, 0 remain pending
[2021.08.29-18.46.40:607][  0]LogPakFile: Registered encryption key '00000000000000000000000000000000': 0 pak files mounted, 0 remain pending
[2021.08.29-18.46.40:613][  0]LogPakFile: Registered encryption key '00000000000000000000000000000000': 0 pak files mounted, 0 remain pending
[2021.08.29-18.46.40:619][  0]LogPakFile: Registered encryption key '00000000000000000000000000000000': 0 pak files mounted, 0 remain pending
[2021.08.29-18.46.40:640][  0]LogPakFile: Registered encryption key '00000000000000000000000000000000': 0 pak files mounted, 0 remain pending
[2021.08.29-18.46.40:645][  0]LogPakFile: Registered encryption key '00000000000000000000000000000000': 0 pak files mounted, 0 remain pending
[2021.08.29-18.46.40:651][  0]LogPakFile: Registered encryption key '00000000000000000000000000000000': 0 pak files mounted, 0 remain pending
[2021.08.29-18.46.40:658][  0]LogPakFile: Registered encryption key '00000000000000000000000000000000': 0 pak files mounted, 0 remain pending
[2021.08.29-18.46.40:685][  0]LogPakFile: Registered encryption key '00000000000000000000000000000000': 0 pak files mounted, 0 remain pending
[2021.08.29-18.46.40:691][  0]LogPakFile: Registered encryption key '00000000000000000000000000000000': 0 pak files mounted, 0 remain pending
[2021.08.29-18.46.40:696][  0]LogPakFile: Registered encryption key '00000000000000000000000000000000': 0 pak files mounted, 0 remain pending
[2021.08.29-18.46.40:702][  0]LogPakFile: Registered encryption key '00000000000000000000000000000000': 0 pak files mounted, 0 remain pending
[2021.08.29-18.46.40:708][  0]LogPakFile: Registered encryption key '00000000000000000000000000000000': 0 pak files mounted, 0 remain pending
[2021.08.29-18.46.40:714][  0]LogPakFile: Registered encryption key '00000000000000000000000000000000': 0 pak files mounted, 0 remain pending
[2021.08.29-18.46.41:032][  0]LogContentBrowser: Native class hierarchy updated for 'AddContentDialog' in 0.0089 seconds. Added 0 classes and 0 folders.
[2021.08.29-18.46.41:085][  0]LogContentBrowser: Native class hierarchy updated for 'SceneOutliner' in 0.0085 seconds. Added 1 classes and 2 folders.
[2021.08.29-18.46.41:110][  0]LogSlate: Took 0.005228 seconds to synchronously load lazily loaded font '../../../Engine/Content/Slate/Fonts/Roboto-Regular.ttf' (155K)
[2021.08.29-18.46.41:121][  0]LogSlate: Took 0.007197 seconds to synchronously load lazily loaded font '../../../Engine/Content/Slate/Fonts/Roboto-Bold.ttf' (160K)
[2021.08.29-18.46.41:130][  0]LogSlate: Took 0.006504 seconds to synchronously load lazily loaded font '../../../Engine/Content/Editor/Slate/Fonts/FontAwesome.ttf' (139K)
[2021.08.29-18.46.41:179][  0]LogRenderer: Reallocating scene render targets to support 976x532 Format 10 NumSamples 1 (Frame:1).
[2021.08.29-18.46.41:360][  0]LogContentBrowser: Native class hierarchy updated for 'HierarchicalLODOutliner' in 0.0090 seconds. Added 0 classes and 0 folders.
[2021.08.29-18.46.41:360][  0]LogLoad: (Engine Initialization) Total time: 42.21 seconds
[2021.08.29-18.46.41:360][  0]LogLoad: (Engine Initialization) Total Blueprint compile time: 0.00 seconds
[2021.08.29-18.46.41:417][  0]LogContentStreaming: Texture pool size now 1000 MB
[2021.08.29-18.46.41:880][  5]LogSlate: Took 0.005292 seconds to synchronously load lazily loaded font '../../../Engine/Content/Slate/Fonts/Roboto-Light.ttf' (167K)
[2021.08.29-18.46.41:901][  6]LogAssetRegistry: Asset discovery search completed in 27.1795 seconds
[2021.08.29-18.46.41:902][  6]LogCollectionManager: Rebuilt the object cache for 0 collections in 0.000000 seconds (found 0 objects)
[2021.08.29-18.46.41:902][  6]LogCollectionManager: Fixed up redirectors for 0 collections in 0.000050 seconds (updated 0 objects)
[2021.08.29-18.46.42:434][ 57]LogSlate: Took 0.000205 seconds to synchronously load lazily loaded font '../../../Engine/Content/Slate/Fonts/Roboto-Light.ttf' (167K)
[2021.08.29-18.46.42:438][ 57]LogSlate: FSceneViewport::OnFocusLost() reason 2
[2021.08.29-18.46.42:444][ 57]LogAssetEditorManager: Opening Asset editor for Blueprint /Game/SetchOnLegs/00Blueprint/12Misc/Core/BP_GameInstance.BP_GameInstance
[2021.08.29-18.46.43:133][ 57]LogContentBrowser: Native class hierarchy updated for 'BlueprintGraph' in 0.0096 seconds. Added 117 classes and 0 folders.
[2021.08.29-18.46.44:019][ 57]LogAssetEditorManager: Opening Asset editor for Blueprint /Game/SetchOnLegs/00Blueprint/07Spike/BP_Spike.BP_Spike
[2021.08.29-18.46.44:560][ 57]LogSlate: Took 0.006253 seconds to synchronously load lazily loaded font '../../../Engine/Content/Slate/Fonts/Roboto-BoldCondensed.ttf' (158K)
[2021.08.29-18.46.46:121][ 58]LogSlate: Took 0.004970 seconds to synchronously load lazily loaded font '../../../Engine/Content/Slate/Fonts/Roboto-Italic.ttf' (157K)
[2021.08.29-18.46.48:653][202]LogSlate: Window 'BP_GameInstance' being destroyed
[2021.08.29-18.49.04:904][ 21]BlueprintLog: New page: Compile BP_Spike
[2021.08.29-18.49.09:195][190]LogSavePackage: Moving '../../../../../../Unreal Projects/SetchOnLegs/SetchOnLegs/Saved/Tutorial66DBA90E48AE24D54AF1E5BFB2BF03AC.tmp' to '../../../../../../Unreal Projects/SetchOnLegs/SetchOnLegs/Content/SetchOnLegs/02Levels/00Menus/Tutorial.umap'
[2021.08.29-18.49.09:327][190]LogFileHelpers: Saving map 'Tutorial' took 0.513
[2021.08.29-18.49.09:745][190]LogSavePackage: Moving '../../../../../../Unreal Projects/SetchOnLegs/SetchOnLegs/Saved/BP_Spike8BE180054F358971C1905891BE9A712B.tmp' to '../../../../../../Unreal Projects/SetchOnLegs/SetchOnLegs/Content/SetchOnLegs/00Blueprint/07Spike/BP_Spike.uasset'
[2021.08.29-18.49.33:777][827]BlueprintLog: New page: Compile BP_Spike
[2021.08.29-18.49.35:185][868]LogSavePackage: Moving '../../../../../../Unreal Projects/SetchOnLegs/SetchOnLegs/Saved/BP_Spike5B463C1147613889EA36FB8706D8369B.tmp' to '../../../../../../Unreal Projects/SetchOnLegs/SetchOnLegs/Content/SetchOnLegs/00Blueprint/07Spike/BP_Spike.uasset'
[2021.08.29-18.51.33:400][544]BlueprintLog: New page: Compile BP_Spike
[2021.08.29-18.51.33:755][544]LogBlueprint: Error: [Compiler BP_Spike] In use pin  <Unnamed>  no longer exists on node  Set Movement Value . Please refresh node or break links to remove pin.
[2021.08.29-18.51.33:755][544]LogBlueprint: Error: [Compiler BP_Spike] In use pin  <Unnamed>  no longer exists on node  Set Movement Value . Please refresh node or break links to remove pin.
[2021.08.29-18.51.33:756][544]LogBlueprint: Error: [Compiler BP_Spike] In use pin  <Unnamed>  no longer exists on node  Footsteps . Please refresh node or break links to remove pin.
[2021.08.29-18.51.33:757][544]LogBlueprint: Error: [Compiler BP_Spike] In use pin  <Unnamed>  no longer exists on node  Reset Footsteps . Please refresh node or break links to remove pin.
[2021.08.29-18.51.34:073][544]LogBlueprint: Warning: [Compiler BP_Spike] [0334.92] Compile of BP_Spike failed. 4 Fatal Issue(s) 0 Warning(s) [in 672 ms] (/Game/SetchOnLegs/00Blueprint/07Spike/BP_Spike.BP_Spike)
[2021.08.29-18.51.35:026][572]LogSavePackage: Moving '../../../../../../Unreal Projects/SetchOnLegs/SetchOnLegs/Saved/BP_Spike01152D8E4053528826A7BDA8FE95FCDB.tmp' to '../../../../../../Unreal Projects/SetchOnLegs/SetchOnLegs/Content/SetchOnLegs/00Blueprint/07Spike/BP_Spike.uasset'
[2021.08.29-18.51.49:795][882]BlueprintLog: New page: Compile BP_Spike
[2021.08.29-18.51.50:151][882]LogBlueprint: Error: [Compiler BP_Spike] In use pin  <Unnamed>  no longer exists on node  Set Movement Value . Please refresh node or break links to remove pin.
[2021.08.29-18.51.50:151][882]LogBlueprint: Error: [Compiler BP_Spike] In use pin  <Unnamed>  no longer exists on node  Set Movement Value . Please refresh node or break links to remove pin.
[2021.08.29-18.51.50:153][882]LogBlueprint: Error: [Compiler BP_Spike] In use pin  <Unnamed>  no longer exists on node  Reset Footsteps . Please refresh node or break links to remove pin.
[2021.08.29-18.51.50:456][882]LogBlueprint: Warning: [Compiler BP_Spike] [0351.31] Compile of BP_Spike failed. 3 Fatal Issue(s) 0 Warning(s) [in 660 ms] (/Game/SetchOnLegs/00Blueprint/07Spike/BP_Spike.BP_Spike)
[2021.08.29-18.51.51:261][901]LogSavePackage: Moving '../../../../../../Unreal Projects/SetchOnLegs/SetchOnLegs/Saved/BP_Spike0A65EE144B8F9D61607245A450DD69D5.tmp' to '../../../../../../Unreal Projects/SetchOnLegs/SetchOnLegs/Content/SetchOnLegs/00Blueprint/07Spike/BP_Spike.uasset'
[2021.08.29-18.52.00:249][855]BlueprintLog: New page: Compile BP_Spike
[2021.08.29-18.52.00:603][855]LogBlueprint: Error: [Compiler BP_Spike] In use pin  <Unnamed>  no longer exists on node  Set Movement Value . Please refresh node or break links to remove pin.
[2021.08.29-18.52.00:603][855]LogBlueprint: Error: [Compiler BP_Spike] In use pin  <Unnamed>  no longer exists on node  Set Movement Value . Please refresh node or break links to remove pin.
[2021.08.29-18.52.00:864][855]LogBlueprint: Warning: [Compiler BP_Spike] [0361.72] Compile of BP_Spike failed. 2 Fatal Issue(s) 0 Warning(s) [in 614 ms] (/Game/SetchOnLegs/00Blueprint/07Spike/BP_Spike.BP_Spike)
[2021.08.29-18.52.39:945][ 54]BlueprintLog: New page: Compile BP_Spike
[2021.08.29-18.52.41:498][ 67]LogSavePackage: Moving '../../../../../../Unreal Projects/SetchOnLegs/SetchOnLegs/Saved/BP_Spike12990D434B3DEEDB235CE3B3C443CE63.tmp' to '../../../../../../Unreal Projects/SetchOnLegs/SetchOnLegs/Content/SetchOnLegs/00Blueprint/07Spike/BP_Spike.uasset'
[2021.08.29-18.53.12:284][189]BlueprintLog: New page: Compile BP_Spike
[2021.08.29-18.53.12:430][189]LogK2Compiler: Warning: ValidateVariableNames name CanJump (used in /Game/SetchOnLegs/00Blueprint/07Spike/BP_Spike.BP_Spike) is already taken by /Script/Engine.Character:CanJump
[2021.08.29-18.53.12:430][189]LogBlueprint: Warning: [Compiler BP_Spike] Found a member variable with a conflicting name (CanJump) - changed to CanJump_0.
[2021.08.29-18.53.12:942][189]LogBlueprint: Warning: [Compiler BP_Spike] [0433.79] Compile of BP_Spike successful, but with 1 Warning(s) [in 657 ms] (/Game/SetchOnLegs/00Blueprint/07Spike/BP_Spike.BP_Spike)
[2021.08.29-18.53.13:890][206]LogSavePackage: Moving '../../../../../../Unreal Projects/SetchOnLegs/SetchOnLegs/Saved/BP_SpikeC710661D4E029D6FEEA6ACB3974626E5.tmp' to '../../../../../../Unreal Projects/SetchOnLegs/SetchOnLegs/Content/SetchOnLegs/00Blueprint/07Spike/BP_Spike.uasset'
[2021.08.29-18.53.45:284][193]BlueprintLog: New page: Compile BP_Spike
[2021.08.29-18.53.46:956][216]LogSavePackage: Moving '../../../../../../Unreal Projects/SetchOnLegs/SetchOnLegs/Saved/BP_Spike2F7170184529DE1361DCF18EF2AC633F.tmp' to '../../../../../../Unreal Projects/SetchOnLegs/SetchOnLegs/Content/SetchOnLegs/00Blueprint/07Spike/BP_Spike.uasset'
[2021.08.29-18.53.50:694][529]LogTemp: Repeating last play command: Selected Viewport
[2021.08.29-18.53.50:772][529]LogBlueprintUserMessages: Early PlayInEditor Detection: Level '/Game/SetchOnLegs/02Levels/00Menus/Tutorial.Tutorial:PersistentLevel' has LevelScriptBlueprint '/Game/SetchOnLegs/02Levels/00Menus/Tutorial.Tutorial:PersistentLevel.Tutorial' with GeneratedClass '/Game/SetchOnLegs/02Levels/00Menus/Tutorial.Tutorial_C' with ClassGeneratedBy '/Game/SetchOnLegs/02Levels/00Menus/Tutorial.Tutorial:PersistentLevel.Tutorial'
[2021.08.29-18.53.50:772][529]LogPlayLevel: PlayLevel: No blueprints needed recompiling
[2021.08.29-18.53.50:772][529]PIE: New page: PIE session: Tutorial (29 Aug 2021 20:53:50)
[2021.08.29-18.53.50:785][529]LogPlayLevel: Creating play world package: /Game/SetchOnLegs/02Levels/00Menus/UEDPIE_0_Tutorial
[2021.08.29-18.53.50:795][529]LogPlayLevel: PIE: StaticDuplicateObject took: (0.009544s)
[2021.08.29-18.53.50:796][529]LogAIModule: Creating AISystem for world Tutorial
[2021.08.29-18.53.50:796][529]LogPlayLevel: PIE: World Init took: (0.000596s)
[2021.08.29-18.53.50:796][529]LogPlayLevel: PIE: Created PIE world by copying editor world from /Game/SetchOnLegs/02Levels/00Menus/Tutorial.Tutorial to /Game/SetchOnLegs/02Levels/00Menus/UEDPIE_0_Tutorial.Tutorial (0.010502s)
[2021.08.29-18.53.50:841][529]LogInit: XAudio2 using '22CV241 (NVIDIA High Definition Audio)' : 2 channels at 48 kHz using 16 bits per sample (channel mask 0x3)
[2021.08.29-18.53.50:855][529]LogInit: FAudioDevice initialized.
[2021.08.29-18.53.50:869][529]LogSlate: Updating window title bar state: overlay mode, drag disabled, window buttons hidden, title bar hidden
[2021.08.29-18.53.51:020][529]LogLoad: Game class is '2DSideScrollerGameMode_C'
[2021.08.29-18.53.51:025][529]LogWorld: Bringing World /Game/SetchOnLegs/02Levels/00Menus/UEDPIE_0_Tutorial.Tutorial up for play (max tick rate 0) at 2021.08.29-19.53.51
[2021.08.29-18.53.51:033][529]LogWorld: Bringing up level for play took: 0.010852
[2021.08.29-18.53.51:060][529]LogContentBrowser: Native class hierarchy updated for 'MovieSceneCapture' in 0.0085 seconds. Added 20 classes and 0 folders.
[2021.08.29-18.53.51:091][529]PIE: Play in editor start time for /Game/SetchOnLegs/02Levels/00Menus/UEDPIE_0_Tutorial 0.52
[2021.08.29-18.53.51:091][529]LogBlueprintUserMessages: Late PlayInEditor Detection: Level '/Game/SetchOnLegs/02Levels/00Menus/Tutorial.Tutorial:PersistentLevel' has LevelScriptBlueprint '/Game/SetchOnLegs/02Levels/00Menus/Tutorial.Tutorial:PersistentLevel.Tutorial' with GeneratedClass '/Game/SetchOnLegs/02Levels/00Menus/Tutorial.Tutorial_C' with ClassGeneratedBy '/Game/SetchOnLegs/02Levels/00Menus/Tutorial.Tutorial:PersistentLevel.Tutorial'
[2021.08.29-18.53.51:094][529]LogRenderer: Reallocating scene render targets to support 1292x756 Format 10 NumSamples 1 (Frame:1).
[2021.08.29-18.53.51:094][529]LogAudio: Warning: Detected orphaned looping sound 'Thunderstorm'.
[2021.08.29-18.53.52:947][612]LogBlueprintUserMessages: Early EndPlayMap Detection: Level '/Game/SetchOnLegs/02Levels/00Menus/Tutorial.Tutorial:PersistentLevel' has LevelScriptBlueprint '/Game/SetchOnLegs/02Levels/00Menus/Tutorial.Tutorial:PersistentLevel.Tutorial' with GeneratedClass '/Game/SetchOnLegs/02Levels/00Menus/Tutorial.Tutorial_C' with ClassGeneratedBy '/Game/SetchOnLegs/02Levels/00Menus/Tutorial.Tutorial:PersistentLevel.Tutorial'
[2021.08.29-18.53.52:975][612]LogSlate: Updating window title bar state: overlay mode, drag disabled, window buttons hidden, title bar hidden
[2021.08.29-18.53.53:043][612]LogSlate: Window 'SetchOnLegs Game Preview Standalone (64-bit/PCD3D_SM5)' being destroyed
[2021.08.29-18.53.53:075][612]LogPlayLevel: Display: Shutting down PIE online subsystems
[2021.08.29-18.53.53:076][612]LogBlueprintUserMessages: Late EndPlayMap Detection: Level '/Game/SetchOnLegs/02Levels/00Menus/Tutorial.Tutorial:PersistentLevel' has LevelScriptBlueprint '/Game/SetchOnLegs/02Levels/00Menus/Tutorial.Tutorial:PersistentLevel.Tutorial' with GeneratedClass '/Game/SetchOnLegs/02Levels/00Menus/Tutorial.Tutorial_C' with ClassGeneratedBy '/Game/SetchOnLegs/02Levels/00Menus/Tutorial.Tutorial:PersistentLevel.Tutorial'
[2021.08.29-18.53.53:138][613]LogPlayLevel: Display: Destroying online subsystem :Context_3
[2021.08.29-18.53.59:283][  4]LogAIModule: Creating AISystem for world GreasyGrove
[2021.08.29-18.53.59:398][  4]LogAssetEditorManager: Opening Asset editor for World /Game/SetchOnLegs/02Levels/02GreasyGrove/GreasyGrove.GreasyGrove
[2021.08.29-18.53.59:443][  4]Cmd: MAP LOAD FILE="../../../../../../Unreal Projects/SetchOnLegs/SetchOnLegs/Content/SetchOnLegs/02Levels/02GreasyGrove/GreasyGrove.umap" TEMPLATE=0 SHOWPROGRESS=1 FEATURELEVEL=3
[2021.08.29-18.53.59:443][  4]LightingResults: New page: Lighting Build
[2021.08.29-18.53.59:445][  4]LoadErrors: New page: Loading map: GreasyGrove.umap
[2021.08.29-18.53.59:446][  4]MapCheck: New page: Map Check
[2021.08.29-18.53.59:446][  4]LightingResults: New page: Lighting Build
[2021.08.29-18.53.59:620][  4]LogEditorServer: Finished looking for orphan Actors (0.000 secs)
[2021.08.29-18.53.59:785][  4]Cmd: MAP CHECKDEP NOCLEARLOG
[2021.08.29-18.53.59:785][  4]MapCheck: Map check complete: 0 Error(s), 0 Warning(s), took 0.143ms to complete.
[2021.08.29-18.53.59:785][  4]LogFileHelpers: Loading map 'GreasyGrove' took 0.342
[2021.08.29-18.54.00:837][ 68]LogTemp: Repeating last play command: Selected Viewport
[2021.08.29-18.54.00:910][ 68]LogBlueprintUserMessages: Early PlayInEditor Detection: Level '/Game/SetchOnLegs/02Levels/02GreasyGrove/GreasyGrove.GreasyGrove:PersistentLevel' has LevelScriptBlueprint '/Game/SetchOnLegs/02Levels/02GreasyGrove/GreasyGrove.GreasyGrove:PersistentLevel.GreasyGrove' with GeneratedClass '/Game/SetchOnLegs/02Levels/02GreasyGrove/GreasyGrove.GreasyGrove_C' with ClassGeneratedBy '/Game/SetchOnLegs/02Levels/02GreasyGrove/GreasyGrove.GreasyGrove:PersistentLevel.GreasyGrove'
[2021.08.29-18.54.00:910][ 68]LogPlayLevel: PlayLevel: No blueprints needed recompiling
[2021.08.29-18.54.00:910][ 68]PIE: New page: PIE session: GreasyGrove (29 Aug 2021 20:54:00)
[2021.08.29-18.54.00:910][ 68]LogPlayLevel: Creating play world package: /Game/SetchOnLegs/02Levels/02GreasyGrove/UEDPIE_0_GreasyGrove
[2021.08.29-18.54.00:942][ 68]LogPlayLevel: PIE: StaticDuplicateObject took: (0.031538s)
[2021.08.29-18.54.00:942][ 68]LogAIModule: Creating AISystem for world GreasyGrove
[2021.08.29-18.54.00:942][ 68]LogPlayLevel: PIE: World Init took: (0.000600s)
[2021.08.29-18.54.00:942][ 68]LogPlayLevel: PIE: Created PIE world by copying editor world from /Game/SetchOnLegs/02Levels/02GreasyGrove/GreasyGrove.GreasyGrove to /Game/SetchOnLegs/02Levels/02GreasyGrove/UEDPIE_0_GreasyGrove.GreasyGrove (0.032426s)
[2021.08.29-18.54.00:984][ 68]LogInit: XAudio2 using '22CV241 (NVIDIA High Definition Audio)' : 2 channels at 48 kHz using 16 bits per sample (channel mask 0x3)
[2021.08.29-18.54.00:999][ 68]LogInit: FAudioDevice initialized.
[2021.08.29-18.54.01:037][ 68]LogLoad: Game class is '2DSideScrollerGameMode_C'
[2021.08.29-18.54.01:069][ 68]LogWorld: Bringing World /Game/SetchOnLegs/02Levels/02GreasyGrove/UEDPIE_0_GreasyGrove.GreasyGrove up for play (max tick rate 0) at 2021.08.29-19.54.01
[2021.08.29-18.54.01:091][ 68]LogWorld: Bringing up level for play took: 0.052415
[2021.08.29-18.54.01:107][ 68]PIE: Play in editor start time for /Game/SetchOnLegs/02Levels/02GreasyGrove/UEDPIE_0_GreasyGrove 0.537
[2021.08.29-18.54.01:107][ 68]LogBlueprintUserMessages: Late PlayInEditor Detection: Level '/Game/SetchOnLegs/02Levels/02GreasyGrove/GreasyGrove.GreasyGrove:PersistentLevel' has LevelScriptBlueprint '/Game/SetchOnLegs/02Levels/02GreasyGrove/GreasyGrove.GreasyGrove:PersistentLevel.GreasyGrove' with GeneratedClass '/Game/SetchOnLegs/02Levels/02GreasyGrove/GreasyGrove.GreasyGrove_C' with ClassGeneratedBy '/Game/SetchOnLegs/02Levels/02GreasyGrove/GreasyGrove.GreasyGrove:PersistentLevel.GreasyGrove'
[2021.08.29-18.54.02:571][236]LogBlueprintUserMessages: Early EndPlayMap Detection: Level '/Game/SetchOnLegs/02Levels/02GreasyGrove/GreasyGrove.GreasyGrove:PersistentLevel' has LevelScriptBlueprint '/Game/SetchOnLegs/02Levels/02GreasyGrove/GreasyGrove.GreasyGrove:PersistentLevel.GreasyGrove' with GeneratedClass '/Game/SetchOnLegs/02Levels/02GreasyGrove/GreasyGrove.GreasyGrove_C' with ClassGeneratedBy '/Game/SetchOnLegs/02Levels/02GreasyGrove/GreasyGrove.GreasyGrove:PersistentLevel.GreasyGrove'
[2021.08.29-18.54.02:571][236]LogSlate: Updating window title bar state: overlay mode, drag disabled, window buttons hidden, title bar hidden
[2021.08.29-18.54.02:614][236]LogPlayLevel: Display: Shutting down PIE online subsystems
[2021.08.29-18.54.02:615][236]LogBlueprintUserMessages: Late EndPlayMap Detection: Level '/Game/SetchOnLegs/02Levels/02GreasyGrove/GreasyGrove.GreasyGrove:PersistentLevel' has LevelScriptBlueprint '/Game/SetchOnLegs/02Levels/02GreasyGrove/GreasyGrove.GreasyGrove:PersistentLevel.GreasyGrove' with GeneratedClass '/Game/SetchOnLegs/02Levels/02GreasyGrove/GreasyGrove.GreasyGrove_C' with ClassGeneratedBy '/Game/SetchOnLegs/02Levels/02GreasyGrove/GreasyGrove.GreasyGrove:PersistentLevel.GreasyGrove'
[2021.08.29-18.54.02:649][236]LogSlate: Updating window title bar state: overlay mode, drag disabled, window buttons hidden, title bar hidden
[2021.08.29-18.54.02:679][237]LogPlayLevel: Display: Destroying online subsystem :Context_4
[2021.08.29-18.54.04:325][357]LogTemp: Repeating last play command: Selected Viewport
[2021.08.29-18.54.04:409][357]LogBlueprintUserMessages: Early PlayInEditor Detection: Level '/Game/SetchOnLegs/02Levels/02GreasyGrove/GreasyGrove.GreasyGrove:PersistentLevel' has LevelScriptBlueprint '/Game/SetchOnLegs/02Levels/02GreasyGrove/GreasyGrove.GreasyGrove:PersistentLevel.GreasyGrove' with GeneratedClass '/Game/SetchOnLegs/02Levels/02GreasyGrove/GreasyGrove.GreasyGrove_C' with ClassGeneratedBy '/Game/SetchOnLegs/02Levels/02GreasyGrove/GreasyGrove.GreasyGrove:PersistentLevel.GreasyGrove'
[2021.08.29-18.54.04:409][357]LogPlayLevel: PlayLevel: No blueprints needed recompiling
[2021.08.29-18.54.04:410][357]PIE: New page: PIE session: GreasyGrove (29 Aug 2021 20:54:04)
[2021.08.29-18.54.04:410][357]LogPlayLevel: Creating play world package: /Game/SetchOnLegs/02Levels/02GreasyGrove/UEDPIE_0_GreasyGrove
[2021.08.29-18.54.04:442][357]LogPlayLevel: PIE: StaticDuplicateObject took: (0.031746s)
[2021.08.29-18.54.04:442][357]LogAIModule: Creating AISystem for world GreasyGrove
[2021.08.29-18.54.04:442][357]LogPlayLevel: PIE: World Init took: (0.000536s)
[2021.08.29-18.54.04:442][357]LogPlayLevel: PIE: Created PIE world by copying editor world from /Game/SetchOnLegs/02Levels/02GreasyGrove/GreasyGrove.GreasyGrove to /Game/SetchOnLegs/02Levels/02GreasyGrove/UEDPIE_0_GreasyGrove.GreasyGrove (0.032443s)
[2021.08.29-18.54.04:487][357]LogInit: XAudio2 using '22CV241 (NVIDIA High Definition Audio)' : 2 channels at 48 kHz using 16 bits per sample (channel mask 0x3)
[2021.08.29-18.54.04:500][357]LogInit: FAudioDevice initialized.
[2021.08.29-18.54.04:513][357]LogSlate: Updating window title bar state: overlay mode, drag disabled, window buttons hidden, title bar hidden
[2021.08.29-18.54.04:576][357]LogLoad: Game class is '2DSideScrollerGameMode_C'
[2021.08.29-18.54.04:604][357]LogWorld: Bringing World /Game/SetchOnLegs/02Levels/02GreasyGrove/UEDPIE_0_GreasyGrove.GreasyGrove up for play (max tick rate 0) at 2021.08.29-19.54.04
[2021.08.29-18.54.04:625][357]LogWorld: Bringing up level for play took: 0.048531
[2021.08.29-18.54.04:662][357]PIE: Play in editor start time for /Game/SetchOnLegs/02Levels/02GreasyGrove/UEDPIE_0_GreasyGrove 0.091
[2021.08.29-18.54.04:663][357]LogBlueprintUserMessages: Late PlayInEditor Detection: Level '/Game/SetchOnLegs/02Levels/02GreasyGrove/GreasyGrove.GreasyGrove:PersistentLevel' has LevelScriptBlueprint '/Game/SetchOnLegs/02Levels/02GreasyGrove/GreasyGrove.GreasyGrove:PersistentLevel.GreasyGrove' with GeneratedClass '/Game/SetchOnLegs/02Levels/02GreasyGrove/GreasyGrove.GreasyGrove_C' with ClassGeneratedBy '/Game/SetchOnLegs/02Levels/02GreasyGrove/GreasyGrove.GreasyGrove:PersistentLevel.GreasyGrove'
[2021.08.29-18.54.05:927][415]LogRenderer: Reallocating scene render targets to support 1920x1016 Format 10 NumSamples 1 (Frame:60).
[2021.08.29-18.54.12:017][709]LogBlueprintUserMessages: Early EndPlayMap Detection: Level '/Game/SetchOnLegs/02Levels/02GreasyGrove/GreasyGrove.GreasyGrove:PersistentLevel' has LevelScriptBlueprint '/Game/SetchOnLegs/02Levels/02GreasyGrove/GreasyGrove.GreasyGrove:PersistentLevel.GreasyGrove' with GeneratedClass '/Game/SetchOnLegs/02Levels/02GreasyGrove/GreasyGrove.GreasyGrove_C' with ClassGeneratedBy '/Game/SetchOnLegs/02Levels/02GreasyGrove/GreasyGrove.GreasyGrove:PersistentLevel.GreasyGrove'
[2021.08.29-18.54.12:017][709]LogSlate: Updating window title bar state: overlay mode, drag disabled, window buttons hidden, title bar hidden
[2021.08.29-18.54.12:085][709]LogSlate: Window 'SetchOnLegs Game Preview Standalone (64-bit/PCD3D_SM5)' being destroyed
[2021.08.29-18.54.12:137][709]LogPlayLevel: Display: Shutting down PIE online subsystems
[2021.08.29-18.54.12:137][709]LogBlueprintUserMessages: Late EndPlayMap Detection: Level '/Game/SetchOnLegs/02Levels/02GreasyGrove/GreasyGrove.GreasyGrove:PersistentLevel' has LevelScriptBlueprint '/Game/SetchOnLegs/02Levels/02GreasyGrove/GreasyGrove.GreasyGrove:PersistentLevel.GreasyGrove' with GeneratedClass '/Game/SetchOnLegs/02Levels/02GreasyGrove/GreasyGrove.GreasyGrove_C' with ClassGeneratedBy '/Game/SetchOnLegs/02Levels/02GreasyGrove/GreasyGrove.GreasyGrove:PersistentLevel.GreasyGrove'
[2021.08.29-18.54.12:202][710]LogPlayLevel: Display: Destroying online subsystem :Context_5
[2021.08.29-18.54.49:778][352]BlueprintLog: New page: Compile BP_Spike
[2021.08.29-18.54.50:951][352]LogSavePackage: Moving '../../../../../../Unreal Projects/SetchOnLegs/SetchOnLegs/Saved/BP_Spike3AF48A0944B7A06644ACEF94E23F0BE6.tmp' to '../../../../../../Unreal Projects/SetchOnLegs/SetchOnLegs/Content/SetchOnLegs/00Blueprint/07Spike/BP_Spike.uasset'
[2021.08.29-18.55.06:695][106]BlueprintLog: New page: Compile BP_Spike
[2021.08.29-18.55.08:205][149]LogSavePackage: Moving '../../../../../../Unreal Projects/SetchOnLegs/SetchOnLegs/Saved/BP_SpikeD4834FE5431947B1A372D2B73C146C9D.tmp' to '../../../../../../Unreal Projects/SetchOnLegs/SetchOnLegs/Content/SetchOnLegs/00Blueprint/07Spike/BP_Spike.uasset'
[2021.08.29-18.55.48:829][174]BlueprintLog: New page: Compile BP_Spike
[2021.08.29-18.55.50:382][214]LogSavePackage: Moving '../../../../../../Unreal Projects/SetchOnLegs/SetchOnLegs/Saved/BP_SpikeB2D1B21A423940CCB2F9A6A058167990.tmp' to '../../../../../../Unreal Projects/SetchOnLegs/SetchOnLegs/Content/SetchOnLegs/00Blueprint/07Spike/BP_Spike.uasset'
[2021.08.29-18.56.14:622][576]BlueprintLog: New page: Compile BP_Spike
[2021.08.29-18.56.17:350][606]LogSavePackage: Moving '../../../../../../Unreal Projects/SetchOnLegs/SetchOnLegs/Saved/BP_SpikeC0DC932C4439B8E7393E3E80FF43D7BE.tmp' to '../../../../../../Unreal Projects/SetchOnLegs/SetchOnLegs/Content/SetchOnLegs/00Blueprint/07Spike/BP_Spike.uasset'
[2021.08.29-18.56.50:447][831]BlueprintLog: New page: Compile BP_Spike
[2021.08.29-18.56.52:170][849]LogSavePackage: Moving '../../../../../../Unreal Projects/SetchOnLegs/SetchOnLegs/Saved/BP_Spike8D00C15B471A98CF91BA82B605B71DB5.tmp' to '../../../../../../Unreal Projects/SetchOnLegs/SetchOnLegs/Content/SetchOnLegs/00Blueprint/07Spike/BP_Spike.uasset'
[2021.08.29-18.57.38:284][860]LogSavePackage: Moving '../../../../../../Unreal Projects/SetchOnLegs/SetchOnLegs/Saved/GreasyGrove6C4B5AB941391253C90166B7DB470A1B.tmp' to '../../../../../../Unreal Projects/SetchOnLegs/SetchOnLegs/Content/SetchOnLegs/02Levels/02GreasyGrove/GreasyGrove.umap'
[2021.08.29-18.57.38:415][860]LogFileHelpers: Saving map 'GreasyGrove' took 0.789
[2021.08.29-18.57.38:826][860]LogSavePackage: Moving '../../../../../../Unreal Projects/SetchOnLegs/SetchOnLegs/Saved/BP_SpikeD37A19C343363A3F327E1DB2FA984EE2.tmp' to '../../../../../../Unreal Projects/SetchOnLegs/SetchOnLegs/Content/SetchOnLegs/00Blueprint/07Spike/BP_Spike.uasset'
[2021.08.29-18.58.00:968][  1]LogSavePackage: Moving '../../../../../../Unreal Projects/SetchOnLegs/SetchOnLegs/Saved/BP_SpikeD4B94F82440682AACC00D89389D6D972.tmp' to '../../../../../../Unreal Projects/SetchOnLegs/SetchOnLegs/Content/SetchOnLegs/00Blueprint/07Spike/BP_Spike.uasset'
[2021.08.29-18.58.35:726][949]LogSavePackage: Moving '../../../../../../Unreal Projects/SetchOnLegs/SetchOnLegs/Saved/BP_Spike4415C0A14CD4B46A19424B9D68E987DF.tmp' to '../../../../../../Unreal Projects/SetchOnLegs/SetchOnLegs/Content/SetchOnLegs/00Blueprint/07Spike/BP_Spike.uasset'
[2021.08.29-18.59.54:760][180]BlueprintLog: New page: Compile BP_Spike
[2021.08.29-18.59.56:382][188]LogSavePackage: Moving '../../../../../../Unreal Projects/SetchOnLegs/SetchOnLegs/Saved/BP_Spike4DE44DFD45406917F476ADA16195B8E4.tmp' to '../../../../../../Unreal Projects/SetchOnLegs/SetchOnLegs/Content/SetchOnLegs/00Blueprint/07Spike/BP_Spike.uasset'
[2021.08.29-19.00.12:056][357]BlueprintLog: New page: Compile BP_Spike
[2021.08.29-19.00.13:645][361]LogSavePackage: Moving '../../../../../../Unreal Projects/SetchOnLegs/SetchOnLegs/Saved/BP_SpikeBFFE44324BAA6DC7AD63F39E458268A5.tmp' to '../../../../../../Unreal Projects/SetchOnLegs/SetchOnLegs/Content/SetchOnLegs/00Blueprint/07Spike/BP_Spike.uasset'
[2021.08.29-19.00.56:683][930]BlueprintLog: New page: Compile BP_Spike
[2021.08.29-19.00.58:916][993]LogSavePackage: Moving '../../../../../../Unreal Projects/SetchOnLegs/SetchOnLegs/Saved/BP_Spike9A04ABD049AAFA2905AA7CA8A482DF4E.tmp' to '../../../../../../Unreal Projects/SetchOnLegs/SetchOnLegs/Content/SetchOnLegs/00Blueprint/07Spike/BP_Spike.uasset'
[2021.08.29-19.02.32:243][ 45]LogEditorTransaction: Undo Move Nodes
[2021.08.29-19.02.32:739][ 70]LogEditorTransaction: Undo Paste clipboard contents
[2021.08.29-19.02.39:127][717]BlueprintLog: New page: Compile BP_Spike
[2021.08.29-19.02.40:724][754]LogSavePackage: Moving '../../../../../../Unreal Projects/SetchOnLegs/SetchOnLegs/Saved/BP_Spike0214CD70417412E240DBB5804E73DECF.tmp' to '../../../../../../Unreal Projects/SetchOnLegs/SetchOnLegs/Content/SetchOnLegs/00Blueprint/07Spike/BP_Spike.uasset'
[2021.08.29-19.03.10:640][466]BlueprintLog: New page: Compile BP_Spike
[2021.08.29-19.03.12:244][492]LogSavePackage: Moving '../../../../../../Unreal Projects/SetchOnLegs/SetchOnLegs/Saved/BP_Spike48D961984C2A86991EABDE990155F63C.tmp' to '../../../../../../Unreal Projects/SetchOnLegs/SetchOnLegs/Content/SetchOnLegs/00Blueprint/07Spike/BP_Spike.uasset'
[2021.08.29-19.04.44:196][834]LogSavePackage: Moving '../../../../../../Unreal Projects/SetchOnLegs/SetchOnLegs/Saved/BP_Spike1B53027242B115845B660DA54C22D17B.tmp' to '../../../../../../Unreal Projects/SetchOnLegs/SetchOnLegs/Content/SetchOnLegs/00Blueprint/07Spike/BP_Spike.uasset'
[2021.08.29-19.05.40:321][988]BlueprintLog: New page: Compile BP_Spike
[2021.08.29-19.05.41:816][ 12]LogSavePackage: Moving '../../../../../../Unreal Projects/SetchOnLegs/SetchOnLegs/Saved/BP_Spike9E2F77FD465F1E2C2529DC86F32B4EF9.tmp' to '../../../../../../Unreal Projects/SetchOnLegs/SetchOnLegs/Content/SetchOnLegs/00Blueprint/07Spike/BP_Spike.uasset'
[2021.08.29-19.06.00:475][569]LogSlate: Window 'Save Content' being destroyed
[2021.08.29-19.06.00:900][569]LogSavePackage: Moving '../../../../../../Unreal Projects/SetchOnLegs/SetchOnLegs/Saved/BP_SpikeC4A540DE4F3C4E900A7991B085DE9B00.tmp' to '../../../../../../Unreal Projects/SetchOnLegs/SetchOnLegs/Content/SetchOnLegs/00Blueprint/07Spike/BP_Spike.uasset'
[2021.08.29-19.06.18:387][143]BlueprintLog: New page: Compile BP_Spike
[2021.08.29-19.06.20:043][186]LogSavePackage: Moving '../../../../../../Unreal Projects/SetchOnLegs/SetchOnLegs/Saved/BP_Spike830A65A443CC74A0E42CFCAB301B93A7.tmp' to '../../../../../../Unreal Projects/SetchOnLegs/SetchOnLegs/Content/SetchOnLegs/00Blueprint/07Spike/BP_Spike.uasset'
[2021.08.29-19.06.51:279][674]BlueprintLog: New page: Compile BP_Spike
[2021.08.29-19.06.51:672][674]LogBlueprint: Error: [Compiler BP_Spike] In use pin  <Unnamed>  no longer exists on node  Shoot . Please refresh node or break links to remove pin.
[2021.08.29-19.06.52:001][674]LogBlueprint: Warning: [Compiler BP_Spike] [1252.85] Compile of BP_Spike failed. 1 Fatal Issue(s) 0 Warning(s) [in 721 ms] (/Game/SetchOnLegs/00Blueprint/07Spike/BP_Spike.BP_Spike)
[2021.08.29-19.06.52:994][701]LogSavePackage: Moving '../../../../../../Unreal Projects/SetchOnLegs/SetchOnLegs/Saved/BP_SpikeE8ED28AB4E4FBA69EA3306A20A1721FD.tmp' to '../../../../../../Unreal Projects/SetchOnLegs/SetchOnLegs/Content/SetchOnLegs/00Blueprint/07Spike/BP_Spike.uasset'
[2021.08.29-19.07.01:081][501]BlueprintLog: New page: Compile BP_Spike
[2021.08.29-19.07.02:553][520]LogSavePackage: Moving '../../../../../../Unreal Projects/SetchOnLegs/SetchOnLegs/Saved/BP_Spike6AE445C94751DB7B47FB969B649C9E5C.tmp' to '../../../../../../Unreal Projects/SetchOnLegs/SetchOnLegs/Content/SetchOnLegs/00Blueprint/07Spike/BP_Spike.uasset'
[2021.08.29-19.07.29:026][549]BlueprintLog: New page: Compile BP_Spike
[2021.08.29-19.07.30:339][555]LogSavePackage: Moving '../../../../../../Unreal Projects/SetchOnLegs/SetchOnLegs/Saved/BP_SpikeB94F16B9467482C9057D0BB604DD9837.tmp' to '../../../../../../Unreal Projects/SetchOnLegs/SetchOnLegs/Content/SetchOnLegs/00Blueprint/07Spike/BP_Spike.uasset'
[2021.08.29-19.08.03:393][915]BlueprintLog: New page: Compile BP_Spike
[2021.08.29-19.08.04:547][915]LogSavePackage: Moving '../../../../../../Unreal Projects/SetchOnLegs/SetchOnLegs/Saved/BP_Spike479AD2E24019E761EA7528975B13E122.tmp' to '../../../../../../Unreal Projects/SetchOnLegs/SetchOnLegs/Content/SetchOnLegs/00Blueprint/07Spike/BP_Spike.uasset'
[2021.08.29-19.08.23:334][786]BlueprintLog: New page: Compile BP_Spike
[2021.08.29-19.08.24:813][813]LogSavePackage: Moving '../../../../../../Unreal Projects/SetchOnLegs/SetchOnLegs/Saved/BP_Spike95A1D7EA410579C9FDB699A5DF643CA0.tmp' to '../../../../../../Unreal Projects/SetchOnLegs/SetchOnLegs/Content/SetchOnLegs/00Blueprint/07Spike/BP_Spike.uasset'
[2021.08.29-19.08.57:634][225]LogSavePackage: Moving '../../../../../../Unreal Projects/SetchOnLegs/SetchOnLegs/Saved/BP_Spike5D0080424BE44FD89C4BD8A231814DF5.tmp' to '../../../../../../Unreal Projects/SetchOnLegs/SetchOnLegs/Content/SetchOnLegs/00Blueprint/07Spike/BP_Spike.uasset'
[2021.08.29-19.09.06:600][881]LogSlate: Window 'Delete Variable' being destroyed
[2021.08.29-19.09.27:312][918]LogSlate: Window 'Delete Variable' being destroyed
[2021.08.29-19.09.53:552][665]LogSlate: Window 'Delete Variable' being destroyed
[2021.08.29-19.10.02:299][579]BlueprintLog: New page: Compile BP_Spike
[2021.08.29-19.10.03:847][609]LogSavePackage: Moving '../../../../../../Unreal Projects/SetchOnLegs/SetchOnLegs/Saved/BP_SpikeA5C24D6440510E633346F087312B6AC4.tmp' to '../../../../../../Unreal Projects/SetchOnLegs/SetchOnLegs/Content/SetchOnLegs/00Blueprint/07Spike/BP_Spike.uasset'
[2021.08.29-19.10.08:717][122]LogEditorTransaction: Undo Delete current selection
[2021.08.29-19.10.09:286][157]LogEditorTransaction: Undo Delete current selection
[2021.08.29-19.10.10:912][302]BlueprintLog: New page: Compile BP_Spike
[2021.08.29-19.10.12:317][320]LogSavePackage: Moving '../../../../../../Unreal Projects/SetchOnLegs/SetchOnLegs/Saved/BP_SpikeDDC686B14124EC9D8B46638F7BB1264E.tmp' to '../../../../../../Unreal Projects/SetchOnLegs/SetchOnLegs/Content/SetchOnLegs/00Blueprint/07Spike/BP_Spike.uasset'
[2021.08.29-19.10.24:110][482]BlueprintLog: New page: Compile BP_Spike
[2021.08.29-19.10.25:267][482]LogSavePackage: Moving '../../../../../../Unreal Projects/SetchOnLegs/SetchOnLegs/Saved/BP_Spike078CB329459491125B670192A7294183.tmp' to '../../../../../../Unreal Projects/SetchOnLegs/SetchOnLegs/Content/SetchOnLegs/00Blueprint/07Spike/BP_Spike.uasset'
[2021.08.29-19.10.36:585][604]BlueprintLog: New page: Compile BP_Spike
[2021.08.29-19.10.37:831][605]LogSavePackage: Moving '../../../../../../Unreal Projects/SetchOnLegs/SetchOnLegs/Saved/BP_Spike12F9147B456C8BEACF8681844A8239F9.tmp' to '../../../../../../Unreal Projects/SetchOnLegs/SetchOnLegs/Content/SetchOnLegs/00Blueprint/07Spike/BP_Spike.uasset'
[2021.08.29-19.10.45:131][457]BlueprintLog: New page: Compile BP_GameInstance
[2021.08.29-19.10.45:756][505]LogSavePackage: Moving '../../../../../../Unreal Projects/SetchOnLegs/SetchOnLegs/Saved/BP_GameInstance37246C384309C6EE58B292B5D7B0C978.tmp' to '../../../../../../Unreal Projects/SetchOnLegs/SetchOnLegs/Content/SetchOnLegs/00Blueprint/12Misc/Core/BP_GameInstance.uasset'
[2021.08.29-19.10.48:081][722]LogSavePackage: Moving '../../../../../../Unreal Projects/SetchOnLegs/SetchOnLegs/Saved/BP_SpikeD7B6336B45EF63AEAD83ECBB6CE85CD7.tmp' to '../../../../../../Unreal Projects/SetchOnLegs/SetchOnLegs/Content/SetchOnLegs/00Blueprint/07Spike/BP_Spike.uasset'
[2021.08.29-19.10.48:199][722]LogSavePackage: Moving '../../../../../../Unreal Projects/SetchOnLegs/SetchOnLegs/Saved/BP_ExitLevelFadeD24226DF4C03C397F8D3DE8AECF4796A.tmp' to '../../../../../../Unreal Projects/SetchOnLegs/SetchOnLegs/Content/SetchOnLegs/00Blueprint/12Misc/Core/BP_ExitLevelFade.uasset'
[2021.08.29-19.10.48:294][722]LogSavePackage: Moving '../../../../../../Unreal Projects/SetchOnLegs/SetchOnLegs/Saved/BP_Checkpoint307205DF422C00F0BE38E59A6414F226.tmp' to '../../../../../../Unreal Projects/SetchOnLegs/SetchOnLegs/Content/SetchOnLegs/00Blueprint/12Misc/GameObjects/BP_Checkpoint.uasset'
[2021.08.29-19.10.48:454][722]LogSavePackage: Moving '../../../../../../Unreal Projects/SetchOnLegs/SetchOnLegs/Saved/Widget_FastTravelMenu0C3642364139221C5C303298182D6878.tmp' to '../../../../../../Unreal Projects/SetchOnLegs/SetchOnLegs/Content/SetchOnLegs/00Blueprint/08NPCs/02MikeTheMystical/Widget_FastTravelMenu.uasset'
[2021.08.29-19.10.59:254][842]BlueprintLog: New page: Compile BP_Spike
[2021.08.29-19.11.00:711][867]LogSavePackage: Moving '../../../../../../Unreal Projects/SetchOnLegs/SetchOnLegs/Saved/BP_Spike556A84A44B4BE3C7E8CA60AFD212D554.tmp' to '../../../../../../Unreal Projects/SetchOnLegs/SetchOnLegs/Content/SetchOnLegs/00Blueprint/07Spike/BP_Spike.uasset'
[2021.08.29-19.11.30:965][603]LogFileHelpers: Editor autosave (incl. sublevels) for '/Game/SetchOnLegs/02Levels/02GreasyGrove/GreasyGrove' took 0.043
[2021.08.29-19.12.43:834][281]Cmd: TRANSACTION UNDO
[2021.08.29-19.12.43:834][281]LogEditorTransaction: Undo Change Variable Category
[2021.08.29-19.13.06:241][483]BlueprintLog: New page: Compile BP_Spike
[2021.08.29-19.13.07:834][522]LogSavePackage: Moving '../../../../../../Unreal Projects/SetchOnLegs/SetchOnLegs/Saved/BP_Spike3254ACA940DC584F27849EA8D18E7349.tmp' to '../../../../../../Unreal Projects/SetchOnLegs/SetchOnLegs/Content/SetchOnLegs/00Blueprint/07Spike/BP_Spike.uasset'
[2021.08.29-19.18.14:312][464]BlueprintLog: New page: Compile BP_Spike
[2021.08.29-19.18.15:578][464]LogSavePackage: Moving '../../../../../../Unreal Projects/SetchOnLegs/SetchOnLegs/Saved/BP_Spike0C007B6D44FB9E25EBA44195EE833AA0.tmp' to '../../../../../../Unreal Projects/SetchOnLegs/SetchOnLegs/Content/SetchOnLegs/00Blueprint/07Spike/BP_Spike.uasset'
