"../../../Engine/Content/ArtTools/RenderToTexture/Enums/RenderToTexture_Enum.uasset" 0
"../../../Engine/Content/ArtTools/RenderToTexture/Enums/RenderToTexture_Flipbook_Enum.uasset" 1
"../../../Engine/Content/ArtTools/RenderToTexture/Enums/RenderToTexture_Imposter_Enum.uasset" 2
"../../../Engine/Content/EditorBlueprintResources/StandardMacros.uasset" 3
"../../../Engine/Content/ArtTools/RenderToTexture/Enums/EIntTypes.uasset" 4
"../../../Engine/Content/ArtTools/RenderToTexture/Macros/RenderToTextureFunctionLibrary.uasset" 5
"../../../Engine/Content/ArtTools/RenderToTexture/Enums/EFloatTypes.uasset" 6
"../../../Engine/Content/ArtTools/RenderToTexture/Macros/RenderToTextureMacros.uasset" 7
"../../../Engine/Content/Functions/Engine_MaterialFunctions01/Opacity/CameraDepthFade.uasset" 8
"../../../Engine/Content/EngineMaterials/T_Default_Material_Grid_M.uasset" 9
"../../../Engine/Content/EngineMaterials/T_Default_Material_Grid_N.uasset" 10
"../../../Engine/Content/EngineMaterials/WorldGridMaterial.uasset" 11
"../../../Engine/Content/ArtTools/RenderToTexture/Meshes/S_1_Unit_Plane.uasset" 12
"../../../Engine/Content/EngineMaterials/DefaultMaterial.uasset" 13
"../../../Engine/Content/BasicShapes/Cone.uasset" 14
"../../../Engine/Content/BasicShapes/Cube.uasset" 15
"../../../Engine/Content/BasicShapes/Cylinder.uasset" 16
"../../../Engine/Content/BasicShapes/Plane.uasset" 17
"../../../Engine/Content/BasicShapes/Sphere.uasset" 18
"../../../Engine/Content/EngineMaterials/DefaultPhysicalMaterial.uasset" 19
"../../../Engine/Content/BufferVisualization/AmbientOcclusion.uasset" 20
"../../../Engine/Content/BufferVisualization/BaseColor.uasset" 21
"../../../Engine/Content/BufferVisualization/CustomDepth.uasset" 22
"../../../Engine/Content/Functions/Engine_MaterialFunctions02/Utility/VectorLength.uasset" 23
"../../../Engine/Content/BufferVisualization/CustomDepthWorldUnits.uasset" 24
"../../../Engine/Content/Functions/Engine_MaterialFunctions02/Utility/BreakOutFloat2Components.uasset" 25
"../../../Engine/Content/Functions/Engine_MaterialFunctions01/Texturing/ScaleUVsByCenter.uasset" 26
"../../../Engine/Content/Functions/Engine_MaterialFunctions02/ScreenResolution.uasset" 27
"../../../Engine/Content/Functions/Engine_MaterialFunctions02/Texturing/ScreenAlignedUVs.uasset" 28
"../../../Engine/Content/Functions/Engine_MaterialFunctions02/Utility/MakeFloat2.uasset" 29
"../../../Engine/Content/Functions/Engine_MaterialFunctions02/Utility/MakeFloat3.uasset" 30
"../../../Engine/Content/EngineMaterials/MiniFont.uasset" 31
"../../../Engine/Content/BufferVisualization/CustomStencil.uasset" 32
"../../../Engine/Content/BufferVisualization/FinalImage.uasset" 33
"../../../Engine/Content/BufferVisualization/LightingModel.uasset" 34
"../../../Engine/Content/BufferVisualization/MaterialAO.uasset" 35
"../../../Engine/Content/BufferVisualization/Metallic.uasset" 36
"../../../Engine/Content/BufferVisualization/Opacity.uasset" 37
"../../../Engine/Content/BufferVisualization/PostTonemapHDRColor.uasset" 38
"../../../Engine/Content/BufferVisualization/PreTonemapHDRColor.uasset" 39
"../../../Engine/Content/BufferVisualization/Roughness.uasset" 40
"../../../Engine/Content/BufferVisualization/SceneColor.uasset" 41
"../../../Engine/Content/BufferVisualization/SceneDepth.uasset" 42
"../../../Engine/Content/BufferVisualization/SceneDepthWorldUnits.uasset" 43
"../../../Engine/Content/BufferVisualization/SeparateTranslucencyA.uasset" 44
"../../../Engine/Content/BufferVisualization/SeparateTranslucencyRGB.uasset" 45
"../../../Engine/Content/BufferVisualization/Specular.uasset" 46
"../../../Engine/Content/BufferVisualization/SubsurfaceColor.uasset" 47
"../../../Engine/Content/BufferVisualization/WorldNormal.uasset" 48
"../../../Engine/Content/EditorBlueprintResources/ActorMacros.uasset" 49
"../../../Engine/Content/EditorLandscapeResources/DataLayer.uasset" 50
"../../../Engine/Content/EditorLandscapeResources/DefaultAlphaTexture.uasset" 51
"../../../Engine/Content/EditorLandscapeResources/LandscapeGizmoHeight_Mat.uasset" 52
"../../../Engine/Content/EditorLandscapeResources/LandscapeGizmo_Mat.uasset" 53
"../../../Engine/Content/EditorLandscapeResources/LandscapeGizmo_Mat_Copied.uasset" 54
"../../../Engine/Content/EditorLandscapeResources/SplineEditorMeshMat.uasset" 55
"../../../Engine/Content/EditorLandscapeResources/SplineEditorMesh.uasset" 56
"../../../Engine/Content/EditorMaterials/Cross.uasset" 57
"../../../Engine/Content/EditorMaterials/Cross_Mat.uasset" 58
"../../../Engine/Content/EditorMaterials/GizmoMaterial.uasset" 59
"../../../Engine/Content/Functions/Engine_MaterialFunctions02/ExampleContent/Textures/flipbook.uasset" 60
"../../../Engine/Content/Functions/Engine_MaterialFunctions02/Texturing/FlipBook.uasset" 61
"../../../Engine/Content/Functions/Engine_MaterialFunctions02/Utility/Sign.uasset" 62
"../../../Engine/Content/Functions/Engine_MaterialFunctions02/Utility/Round.uasset" 63
"../../../Engine/Content/EditorResources/T_EditorHelp.uasset" 64
"../../../Engine/Content/EditorMaterials/HelpActorMaterial.uasset" 65
"../../../Engine/Content/EditorMaterials/CompositeARGBLayer.uasset" 66
"../../../Engine/Content/EditorMaterials/TilingAALineIntegral.uasset" 67
"../../../Engine/Content/EditorMaterials/TilingAALineBoxFiltered.uasset" 68
"../../../Engine/Content/Functions/Engine_MaterialFunctions03/Procedurals/ComputeFilterWidth.uasset" 69
"../../../Engine/Content/EditorMaterials/TilingAADots.uasset" 70
"../../../Engine/Content/EngineMaterials/BlendFunc_DefBase.uasset" 71
"../../../Engine/Content/EngineMaterials/BlendFunc_DefBlend.uasset" 72
"../../../Engine/Content/Functions/Engine_MaterialFunctions03/Blends/Blend_Screen.uasset" 73
"../../../Engine/Content/EditorMaterials/TilingAAGrid.uasset" 74
"../../../Engine/Content/EditorMaterials/LevelGridMaterial.uasset" 75
"../../../Engine/Content/EditorMaterials/MAT_Groups_Toggle.uasset" 76
"../../../Engine/Content/EditorMaterials/MAT_Groups_Visibility.uasset" 77
"../../../Engine/Content/EditorMaterials/AntialiasedGridFloor.uasset" 78
"../../../Engine/Content/EditorResources/TilePatine_D.uasset" 79
"../../../Engine/Content/EditorResources/TilePatine_N.uasset" 80
"../../../Engine/Content/EngineMaterials/Grid.uasset" 81
"../../../Engine/Content/EditorMaterials/PersonaFloorMat.uasset" 82
"../../../Engine/Content/EditorMaterials/PhAT_BoneSelectedMaterial.uasset" 83
"../../../Engine/Content/EditorMaterials/PhAT_ElemSelectedMaterial.uasset" 84
"../../../Engine/Content/EditorMaterials/PhAT_NoCollisionMaterial.uasset" 85
"../../../Engine/Content/EditorMaterials/PhAT_UnselectedMaterial.uasset" 86
"../../../Engine/Content/EditorMaterials/PreviewShadowIndicator.uasset" 87
"../../../Engine/Content/EditorMaterials/PreviewShadowIndicatorMaterial.uasset" 88
"../../../Engine/Content/EditorMaterials/TargetIcon.uasset" 89
"../../../Engine/Content/EditorMaterials/Tick.uasset" 90
"../../../Engine/Content/EditorMaterials/Tick_Mat.uasset" 91
"../../../Engine/Content/EditorMaterials/WidgetGridVertexColorMaterial.uasset" 92
"../../../Engine/Content/EditorMaterials/WidgetGridVertexColorMaterial_Ma.uasset" 93
"../../../Engine/Content/EditorMaterials/WidgetMaterial.uasset" 94
"../../../Engine/Content/EditorMaterials/WidgetMaterial_Current.uasset" 95
"../../../Engine/Content/EditorMaterials/WidgetMaterial_X.uasset" 96
"../../../Engine/Content/EditorMaterials/WidgetMaterial_Y.uasset" 97
"../../../Engine/Content/EditorMaterials/WidgetMaterial_Z.uasset" 98
"../../../Engine/Content/EditorMaterials/WidgetVertexColorMaterial.uasset" 99
"../../../Engine/Content/EditorMaterials/MatineeGroups/MAT_ColorTrack.uasset" 100
"../../../Engine/Content/EditorMaterials/MatineeGroups/MAT_Groups_Anim.uasset" 101
"../../../Engine/Content/EditorMaterials/MatineeGroups/MAT_Groups_AudioMaster.uasset" 102
"../../../Engine/Content/EditorMaterials/MatineeGroups/MAT_Groups_Director.uasset" 103
"../../../Engine/Content/EditorMaterials/MatineeGroups/MAT_Groups_Event.uasset" 104
"../../../Engine/Content/EditorMaterials/MatineeGroups/MAT_Groups_Fade.uasset" 105
"../../../Engine/Content/EditorMaterials/MatineeGroups/MAT_Groups_Float.uasset" 106
"../../../Engine/Content/EditorMaterials/MatineeGroups/MAT_Groups_Move.uasset" 107
"../../../Engine/Content/EditorMaterials/MatineeGroups/MAT_Groups_Slomo.uasset" 108
"../../../Engine/Content/EditorMaterials/MatineeGroups/MAT_Groups_Sound.uasset" 109
"../../../Engine/Content/EditorMaterials/MatineeGroups/MAT_Groups_Vector.uasset" 110
"../../../Engine/Content/EditorMaterials/ParticleSystems/PSysThumbnail_NoImage.uasset" 111
"../../../Engine/Content/EditorMaterials/ParticleSystems/PSysThumbnail_OOD.uasset" 112
"../../../Engine/Content/EditorMaterials/Thumbnails/FloorPlaneMaterial.uasset" 113
"../../../Engine/Content/EditorMeshes/EditorCube.uasset" 114
"../../../Engine/Content/EditorMeshes/EditorCylinder.uasset" 115
"../../../Engine/Content/EditorMeshes/EditorPlane.uasset" 116
"../../../Engine/Content/EditorMaterials/Thumbnails/SkySphereMaterial.uasset" 117
"../../../Engine/Content/EditorMeshes/EditorSkySphere.uasset" 118
"../../../Engine/Content/EditorMeshes/EditorSphere.uasset" 119
"../../../Engine/Content/EditorResources/MatineeCam_D.uasset" 120
"../../../Engine/Content/EditorMaterials/MatineeCam_mat.uasset" 121
"../../../Engine/Content/EditorMeshes/MatineeCam_SM.uasset" 122
"../../../Engine/Content/Functions/Engine_MaterialFunctions01/Shading/ConvertFromDiffSpec.uasset" 123
"../../../Engine/Content/EditorMaterials/GridMaterial.uasset" 124
"../../../Engine/Content/EditorMeshes/PhAT_FloorBox.uasset" 125
"../../../Engine/Content/EditorMaterials/Camera/CineMat.uasset" 126
"../../../Engine/Content/EditorMaterials/Camera/MI_CineMat_CameraBody.uasset" 127
"../../../Engine/Content/EngineDebugMaterials/M_SimpleOpaque.uasset" 128
"../../../Engine/Content/EditorMaterials/Camera/MI_CineMat_CamViewFinder.uasset" 129
"../../../Engine/Content/EditorMeshes/Camera/SM_CineCam.uasset" 130
"../../../Engine/Content/EditorMaterials/Camera/MI_CineMat_Rig.uasset" 131
"../../../Engine/Content/EditorMeshes/Camera/SM_CraneRig_Arm.uasset" 132
"../../../Engine/Content/EditorMeshes/Camera/SM_CraneRig_Base.uasset" 133
"../../../Engine/Content/EditorMeshes/Camera/SM_CraneRig_Body.uasset" 134
"../../../Engine/Content/EditorMeshes/Camera/SM_CraneRig_Mount.uasset" 135
"../../../Engine/Content/EditorMeshes/Camera/SM_RailRig_Mount.uasset" 136
"../../../Engine/Content/EditorMeshes/Camera/SM_RailRig_Track.uasset" 137
"../../../Engine/Content/EditorResources/Bad.uasset" 138
"../../../Engine/Content/EditorResources/BSPVertex.uasset" 139
"../../../Engine/Content/EditorResources/EmptyActor.uasset" 140
"../../../Engine/Content/EditorResources/MatInstActSprite.uasset" 141
"../../../Engine/Content/EditorResources/SceneManager.uasset" 142
"../../../Engine/Content/EditorResources/SmallFont.uasset" 143
"../../../Engine/Content/EditorResources/S_Actor.uasset" 144
"../../../Engine/Content/EditorResources/S_DecalActorIcon.uasset" 145
"../../../Engine/Content/EditorResources/S_Emitter.uasset" 146
"../../../Engine/Content/EditorResources/S_ExpoHeightFog.uasset" 147
"../../../Engine/Content/EditorResources/S_FTest.uasset" 148
"../../../Engine/Content/EditorResources/S_KBSJoint.uasset" 149
"../../../Engine/Content/EditorResources/S_KHinge.uasset" 150
"../../../Engine/Content/EditorResources/S_KPrismatic.uasset" 151
"../../../Engine/Content/EditorResources/S_LevelSequence.uasset" 152
"../../../Engine/Content/EditorResources/S_NavP.uasset" 153
"../../../Engine/Content/EditorResources/S_Note.uasset" 154
"../../../Engine/Content/EditorResources/S_Player.uasset" 155
"../../../Engine/Content/EditorResources/S_PortalActorIcon2.uasset" 156
"../../../Engine/Content/EditorResources/S_RadForce.uasset" 157
"../../../Engine/Content/EditorResources/S_ReflActorIcon.uasset" 158
"../../../Engine/Content/EditorResources/S_Terrain.uasset" 159
"../../../Engine/Content/EditorResources/S_TextRenderActorIcon.uasset" 160
"../../../Engine/Content/EditorResources/S_Thruster.uasset" 161
"../../../Engine/Content/EditorResources/S_Trigger.uasset" 162
"../../../Engine/Content/EditorResources/S_VectorFieldVol.uasset" 163
"../../../Engine/Content/EditorResources/S_WindDirectional.uasset" 164
"../../../Engine/Content/EditorResources/AI/S_NavLink.uasset" 165
"../../../Engine/Content/EditorResources/LightIcons/SkyLight.uasset" 166
"../../../Engine/Content/EditorResources/LightIcons/S_LightDirectional.uasset" 167
"../../../Engine/Content/EditorResources/LightIcons/S_LightDirectionalMove.uasset" 168
"../../../Engine/Content/EditorResources/LightIcons/S_LightError.uasset" 169
"../../../Engine/Content/EditorResources/LightIcons/S_LightPoint.uasset" 170
"../../../Engine/Content/EditorResources/LightIcons/S_LightPointMove.uasset" 171
"../../../Engine/Content/EditorResources/LightIcons/S_LightSpot.uasset" 172
"../../../Engine/Content/EditorResources/LightIcons/S_LightSpotMove.uasset" 173
"../../../Engine/Content/EditorResources/SequenceRecorder/Countdown.uasset" 174
"../../../Engine/Content/EditorResources/SequenceRecorder/RecordingIndicator.uasset" 175
"../../../Engine/Content/EditorResources/Spline/T_Loft_Spline.uasset" 176
"../../../Engine/Content/EditorSounds/Notifications/CompileFailed.uasset" 177
"../../../Engine/Content/EditorSounds/Notifications/CompileFailed_Cue.uasset" 178
"../../../Engine/Content/EditorSounds/Notifications/CompileSuccess.uasset" 179
"../../../Engine/Content/EditorSounds/Notifications/CompileStart_Cue.uasset" 180
"../../../Engine/Content/EditorSounds/Notifications/CompileSuccess_Cue.uasset" 181
"../../../Engine/Content/EngineDamageTypes/DmgTypeBP_Environmental.uasset" 182
"../../../Engine/Content/EngineDebugMaterials/HeatmapGradient.uasset" 183
"../../../Engine/Content/EngineDebugMaterials/BoneWeightMaterial.uasset" 184
"../../../Engine/Content/EngineDebugMaterials/ClothMaterial.uasset" 185
"../../../Engine/Content/EngineDebugMaterials/ClothMaterial_WF.uasset" 186
"../../../Engine/Content/EngineDebugMaterials/DebugEditorMaterial.uasset" 187
"../../../Engine/Content/EngineDebugMaterials/DebugMeshMaterial.uasset" 188
"../../../Engine/Content/EngineDebugMaterials/GeomMaterial.uasset" 189
"../../../Engine/Content/EngineDebugMaterials/LevelColorationLitMaterial.uasset" 190
"../../../Engine/Content/EngineDebugMaterials/LevelColorationUnlitMaterial.uasset" 191
"../../../Engine/Content/EngineMaterials/DefaultWhiteGrid.uasset" 192
"../../../Engine/Content/EngineDebugMaterials/MAT_LevelColorationLitLightmapUV.uasset" 193
"../../../Engine/Content/EngineDebugMaterials/M_SimpleTranslucent.uasset" 194
"../../../Engine/Content/EngineDebugMaterials/ShadedLevelColorationLitMaterial.uasset" 195
"../../../Engine/Content/EngineDebugMaterials/ShadedLevelColorationUnlitMateri.uasset" 196
"../../../Engine/Content/EngineDebugMaterials/VertexColorMaterial.uasset" 197
"../../../Engine/Content/EngineDebugMaterials/VertexColorViewMode_AlphaAsColor.uasset" 198
"../../../Engine/Content/EngineDebugMaterials/VertexColorViewMode_BlueOnly.uasset" 199
"../../../Engine/Content/EngineDebugMaterials/VertexColorViewMode_ColorOnly.uasset" 200
"../../../Engine/Content/EngineDebugMaterials/VertexColorViewMode_GreenOnly.uasset" 201
"../../../Engine/Content/EngineDebugMaterials/VertexColorViewMode_RedOnly.uasset" 202
"../../../Engine/Content/EngineDebugMaterials/WireframeMaterial.uasset" 203
"../../../Engine/Content/EngineFonts/Faces/RobotoBold.uasset" 204
"../../../Engine/Content/EngineFonts/Faces/RobotoBoldItalic.uasset" 205
"../../../Engine/Content/EngineFonts/Faces/RobotoItalic.uasset" 206
"../../../Engine/Content/EngineFonts/Faces/RobotoLight.uasset" 207
"../../../Engine/Content/EngineFonts/Faces/RobotoRegular.uasset" 208
"../../../Engine/Content/EngineFonts/Roboto.uasset" 209
"../../../Engine/Content/EngineFonts/Faces/RobotoTiny.uasset" 210
"../../../Engine/Content/EngineFonts/RobotoTiny.uasset" 211
"../../../Engine/Content/EngineFonts/SmallFont.uasset" 212
"../../../Engine/Content/EngineFonts/TinyFont.uasset" 213
"../../../Engine/Content/EngineMaterials/BaseFlattenDiffuseMap.uasset" 214
"../../../Engine/Content/EngineMaterials/BaseFlattenEmissiveMap.uasset" 215
"../../../Engine/Content/EngineMaterials/BaseFlattenGrayscaleMap.uasset" 216
"../../../Engine/Content/EngineMaterials/BaseFlattenNormalMap.uasset" 217
"../../../Engine/Content/EngineMaterials/BaseFlattenMaterial.uasset" 218
"../../../Engine/Content/EngineResources/WhiteSquareTexture.uasset" 219
"../../../Engine/Content/EngineMaterials/BlinkingCaret.uasset" 220
"../../../Engine/Content/EngineMaterials/DefaultBloomKernel.uasset" 221
"../../../Engine/Content/EngineMaterials/DefaultBokeh.uasset" 222
"../../../Engine/Content/EngineMaterials/DefaultDiffuse.uasset" 223
"../../../Engine/Content/EngineMaterials/DefaultDeferredDecalMaterial.uasset" 224
"../../../Engine/Content/EngineMaterials/DefaultLightFunctionMaterial.uasset" 225
"../../../Engine/Content/EngineMaterials/DefaultNormal.uasset" 226
"../../../Engine/Content/EngineMaterials/DefaultPostProcessMaterial.uasset" 227
"../../../Engine/Content/EngineFonts/RobotoDistanceField.uasset" 228
"../../../Engine/Content/EngineMaterials/DefaultTextMaterialOpaque.uasset" 229
"../../../Engine/Content/EngineMaterials/EditorBrushMaterial.uasset" 230
"../../../Engine/Content/EngineMaterials/Good64x64TilingNoiseHighFreq.uasset" 231
"../../../Engine/Content/EngineMaterials/Grid_N.uasset" 232
"../../../Engine/Content/EngineMaterials/HighResolutionScreenshotMaskFunction.uasset" 233
"../../../Engine/Content/EngineMaterials/HighResScreenshot.uasset" 234
"../../../Engine/Content/EngineMaterials/HighResScreenshotCaptureRegion.uasset" 235
"../../../Engine/Content/EngineMaterials/HighResScreenshotMask.uasset" 236
"../../../Engine/Content/EngineMaterials/LandscapeHolePhysicalMaterial.uasset" 237
"../../../Engine/Content/EngineMaterials/InvalidLightmapSettings.uasset" 238
"../../../Engine/Content/EngineMaterials/M_InvalidLightmapSettings.uasset" 239
"../../../Engine/Content/EngineMaterials/PaperDiffuse.uasset" 240
"../../../Engine/Content/EngineMaterials/PaperNormal.uasset" 241
"../../../Engine/Content/Functions/Engine_MaterialFunctions02/WorldPositionOffset/CameraOffset.uasset" 242
"../../../Engine/Content/EngineMaterials/PhAT_JointLimitMaterial.uasset" 243
"../../../Engine/Content/EngineMaterials/PhysMat_Rubber.uasset" 244
"../../../Engine/Content/EngineMaterials/PreintegratedSkinBRDF.uasset" 245
"../../../Engine/Content/EngineMaterials/RemoveSurfaceMaterial.uasset" 246
"../../../Engine/Content/EngineMaterials/WeightMapPlaceholderTexture.uasset" 247
"../../../Engine/Content/EngineMaterials/Widget3DPassThrough.uasset" 248
"../../../Engine/Content/EngineMaterials/Widget3DPassThrough_Masked.uasset" 249
"../../../Engine/Content/EngineMaterials/Widget3DPassThrough_Opaque.uasset" 250
"../../../Engine/Content/EngineMaterials/Widget3DPassThrough_Masked_OneSided.uasset" 251
"../../../Engine/Content/EngineMaterials/Widget3DPassThrough_Opaque_OneSided.uasset" 252
"../../../Engine/Content/EngineMaterials/Widget3DPassThrough_Translucent.uasset" 253
"../../../Engine/Content/EngineMaterials/Widget3DPassThrough_Translucent_OneSided.uasset" 254
"../../../Engine/Content/EngineMeshes/Cylinder.uasset" 255
"../../../Engine/Content/EngineMeshes/Sphere.uasset" 256
"../../../Engine/Content/EngineResources/Black.uasset" 257
"../../../Engine/Content/EngineResources/DefaultTexture.uasset" 258
"../../../Engine/Content/EngineResources/DefaultTextureCube.uasset" 259
"../../../Engine/Content/EngineResources/DefaultVolumeTexture2D.uasset" 260
"../../../Engine/Content/EngineResources/DefaultVolumeTexture.uasset" 261
"../../../Engine/Content/EngineResources/GradientTexture0.uasset" 262
"../../../Engine/Content/EngineResources/StreamingPauseIcon.uasset" 263
"../../../Engine/Content/EngineResources/M_StreamingPause.uasset" 264
"../../../Engine/Content/EngineSounds/Master.uasset" 265
"../../../Engine/Content/Functions/Engine_MaterialFunctions01/Shading/PowerToRoughness.uasset" 266
"../../../Engine/Content/Maps/Templates/Thumbnails/Default.uasset" 267
"../../../Engine/Content/Maps/Templates/Thumbnails/VR-Basic.uasset" 268
"../../../Engine/Content/MapTemplates/Sky/DaylightAmbientCubemap.uasset" 269
"../../../Engine/Content/MobileResources/T_MobileControls_texture.uasset" 270
"../../../Engine/Content/MobileResources/T_MobileMenu2.uasset" 271
"../../../Engine/Content/MobileResources/HUD/AnalogHat.uasset" 272
"../../../Engine/Content/MobileResources/HUD/VirtualJoystick_Background.uasset" 273
"../../../Engine/Content/MobileResources/HUD/VirtualJoystick_Thumb.uasset" 274
"../../../Engine/Content/MobileResources/HUD/DefaultVirtualJoysticks.uasset" 275
"../../../Engine/Content/MobileResources/HUD/LeftVirtualJoystickOnly.uasset" 276
"../../../Engine/Content/MobileResources/HUD/MobileHUDButton1_off.uasset" 277
"../../../Engine/Content/MobileResources/HUD/MobileHUDButton1_on.uasset" 278
"../../../Engine/Content/MobileResources/HUD/MobileHUDButton2_off.uasset" 279
"../../../Engine/Content/MobileResources/HUD/MobileHUDButton2_on.uasset" 280
"../../../Engine/Content/MobileResources/HUD/MobileHUDButton3.uasset" 281
"../../../Engine/Content/MobileResources/HUD/MobileHUDButtonFire.uasset" 282
"../../../Engine/Content/MobileResources/HUD/MobileHUDDirectionPad.uasset" 283
"../../../Engine/Content/MobileResources/HUD/MobileHUDDirectionPad2.uasset" 284
"../../../Engine/Content/MobileResources/HUD/MobileHUDDirectionPad3.uasset" 285
"../../../Engine/Content/MobileResources/HUD/MobileHUDDirectionStick.uasset" 286
"../../../Engine/Content/MobileResources/HUD/T_Castle_ThumbstickInner.uasset" 287
"../../../Engine/Content/MobileResources/HUD/T_Castle_ThumbstickOutter.uasset" 288
"../../../Engine/Content/Tutorial/ContentIntroCurve.uasset" 289
"../../../Engine/Content/Tutorial/Basics/TutorialAssets/icon_tab_Levels_40x.uasset" 290
"../../../Engine/Content/Tutorial/BlueprintTutorials/TutorialAssets/Blueprint_64x.uasset" 291
"../../../Engine/Content/VREditor/LaserPointer/VR_LaserPower_01.uasset" 292
"../../../Engine/Content/VREditor/TransformGizmo/TransformGizmoMaterial.uasset" 293
"../../../Engine/Content/VREditor/TransformGizmo/TranslucentTransformGizmoMaterial.uasset" 294
"../../../Engine/Content/VREditor/TransformGizmo/BoundingBoxCorner.uasset" 295
"../../../Engine/Content/VREditor/TransformGizmo/BoundingBoxEdge.uasset" 296
"../../../Engine/Content/VREditor/TransformGizmo/PlaneTranslationHandle.uasset" 297
"../../../Engine/Content/VREditor/TransformGizmo/Main.uasset" 298
"../../../Engine/Content/VREditor/TransformGizmo/Xray.uasset" 299
"../../../Engine/Content/VREditor/TransformGizmo/SM_Sequencer_Key.uasset" 300
"../../../Engine/Content/VREditor/TransformGizmo/SM_Sequencer_Node.uasset" 301
"D:/SetchOnLegs/SetchOnLegs/Content/SetchOnLegs/Blueprint/01HinceInHell/HinceInHellState.uasset" 302
"D:/SetchOnLegs/SetchOnLegs/Content/SetchOnLegs/Blueprint/02GreasyGrove/GBWF_State.uasset" 303
"D:/SetchOnLegs/SetchOnLegs/Content/SetchOnLegs/Blueprint/04AWitchesWelcome/Enum_WickedWitchState.uasset" 304
"D:/SetchOnLegs/SetchOnLegs/Content/SetchOnLegs/Sprites/Misc/TargetTex.uasset" 305
"D:/SetchOnLegs/SetchOnLegs/Content/SetchOnLegs/Blueprint/Spike/Widget_Target.uasset" 306
"D:/SetchOnLegs/SetchOnLegs/Content/SetchOnLegs/Sequences/Endgame/PanSequence.uasset" 307
"../../Plugins/2D/Paper2D/Content/PlaceholderTextures/DummySpriteTexture.uasset" 308
"../../Plugins/2D/Paper2D/Content/DummySprite.uasset" 309
"../../Plugins/2D/Paper2D/Content/DefaultPaperTerrainMaterial.uasset" 310
"../../Plugins/2D/Paper2D/Content/DefaultSpriteMaterial.uasset" 311
"../../Plugins/2D/Paper2D/Content/MaskedUnlitSpriteMaterial.uasset" 312
"../../Plugins/2D/Paper2D/Content/OpaqueUnlitSpriteMaterial.uasset" 313
"../../Plugins/Enterprise/DatasmithContent/Content/Blueprints/FBXImporter/ArrayOfActor.uasset" 314
"../../Plugins/Enterprise/DatasmithContent/Content/Blueprints/FBXImporter/ArrayOfSwitch.uasset" 315
"../../Plugins/Enterprise/DatasmithContent/Content/Blueprints/FBXImporter/BP_SceneNode.uasset" 316
"../../Plugins/Enterprise/DatasmithContent/Content/Blueprints/FBXImporter/BP_Switch.uasset" 317
"../../Plugins/Enterprise/DatasmithContent/Content/Blueprints/FBXImporter/BP_SceneRoot.uasset" 318
"../../Plugins/Enterprise/DatasmithContent/Content/Blueprints/FBXImporter/FBXImporterUtils.uasset" 319
"../../Plugins/Enterprise/DatasmithContent/Content/Blueprints/FBXImporter/Animation/DeltaGenAnimationTrackType.uasset" 320
"../../Plugins/Enterprise/DatasmithContent/Content/Blueprints/FBXImporter/Animation/VREDAnimationTrackComponent.uasset" 321
"../../Plugins/Enterprise/DatasmithContent/Content/Blueprints/FBXImporter/Animation/VREDAnimationTrackType.uasset" 322
"../../Plugins/Enterprise/DatasmithContent/Content/Blueprints/FBXImporter/Animation/VREDAnimCurveComponent.uasset" 323
"../../Plugins/Enterprise/DatasmithContent/Content/Blueprints/FBXImporter/Animation/VREDAnimCurveType.uasset" 324
"../../Plugins/Enterprise/DatasmithContent/Content/Blueprints/FBXImporter/Variants/VariantSwitchType.uasset" 325
"../../Plugins/Enterprise/DatasmithContent/Content/Blueprints/FBXImporter/Variants/VREDVariantSwitchType.uasset" 326
"../../Plugins/Enterprise/DatasmithContent/Content/Blueprints/FBXImporter/Variants/VREDVariantType.uasset" 327
"../../Plugins/Runtime/Oculus/OculusVR/Content/Materials/PokeAHoleMaterial.uasset" 328
"../../Plugins/Runtime/Oculus/OculusVR/Content/Textures/GearVRController_AO.uasset" 329
"../../Plugins/Runtime/Oculus/OculusVR/Content/Textures/GearVRController_Color.uasset" 330
"../../Plugins/Runtime/Oculus/OculusVR/Content/Textures/GearVRController_Normal.uasset" 331
"../../Plugins/Runtime/Oculus/OculusVR/Content/Materials/GearVRControllerMaterial.uasset" 332
"../../Plugins/Runtime/Oculus/OculusVR/Content/Meshes/GearVrController.uasset" 333
"../../Plugins/Runtime/Oculus/OculusVR/Content/Textures/touchController_albedo.uasset" 334
"../../Plugins/Runtime/Oculus/OculusVR/Content/Textures/touchController_controlmap.uasset" 335
"../../Plugins/Runtime/Oculus/OculusVR/Content/Materials/touchController_mat.uasset" 336
"../../Plugins/Runtime/Oculus/OculusVR/Content/Meshes/LeftTouchController.uasset" 337
"../../Plugins/Runtime/Oculus/OculusVR/Content/Meshes/RiftHMD.uasset" 338
"../../Plugins/Runtime/Oculus/OculusVR/Content/Meshes/RightTouchController.uasset" 339
"../../../Engine/Content/Maps/Entry_BuiltData.uasset" 340
"../../../Engine/Content/Maps/Entry.umap" 341
"D:/SetchOnLegs/SetchOnLegs/Content/SetchOnLegs/Blueprint/Menus/GM_Menu.uasset" 342
"D:/SetchOnLegs/SetchOnLegs/Content/SetchOnLegs/Fonts/CRUMPLED.uasset" 343
"D:/SetchOnLegs/SetchOnLegs/Content/SetchOnLegs/Fonts/CRUMPLED_Font.uasset" 344
"D:/SetchOnLegs/SetchOnLegs/Content/SetchOnLegs/Sprites/Menus/SplashScreen/UnrealSplashScreen.uasset" 345
"D:/SetchOnLegs/SetchOnLegs/Content/SetchOnLegs/Blueprint/Menus/Widget_SplashScreen.uasset" 346
"D:/SetchOnLegs/SetchOnLegs/Content/SetchOnLegs/Levels/Menus/SplashScreen.umap" 347
"D:/SetchOnLegs/SetchOnLegs/Content/SetchOnLegs/Blueprint/06TheCreator/Enraged/BP_CreatorRoarShake.uasset" 348
"D:/SetchOnLegs/SetchOnLegs/Content/SetchOnLegs/Audio/Menus/Fire.uasset" 349
"D:/SetchOnLegs/SetchOnLegs/Content/SetchOnLegs/Audio/Misc/Ouch.uasset" 350
"D:/SetchOnLegs/SetchOnLegs/Content/SetchOnLegs/Blueprint/Spike/SpikeState.uasset" 351
"../../Plugins/2D/Paper2D/Content/PlaceholderTextures/FlatNormalMap.uasset" 352
"../../Plugins/2D/Paper2D/Content/DefaultLitSpriteMaterial.uasset" 353
"../../Plugins/2D/Paper2D/Content/TranslucentUnlitSpriteMaterial.uasset" 354
"D:/SetchOnLegs/SetchOnLegs/Content/SetchOnLegs/Sprites/06TheCreator/Enraged/FireBall/FireBallTex.uasset" 355
"D:/SetchOnLegs/SetchOnLegs/Content/SetchOnLegs/Sprites/06TheCreator/Enraged/FireBall/Fireball1.uasset" 356
"D:/SetchOnLegs/SetchOnLegs/Content/SetchOnLegs/Sprites/06TheCreator/Enraged/FireBall/Fireball2.uasset" 357
"D:/SetchOnLegs/SetchOnLegs/Content/SetchOnLegs/Sprites/06TheCreator/Enraged/FireBall/A_Fireball.uasset" 358
"D:/SetchOnLegs/SetchOnLegs/Content/SetchOnLegs/Blueprint/06TheCreator/Enraged/BP_FireBall.uasset" 359
"D:/SetchOnLegs/SetchOnLegs/Content/SetchOnLegs/Sprites/06TheCreator/Enraged/FireBomb/EnragedBackground.uasset" 360
"D:/SetchOnLegs/SetchOnLegs/Content/SetchOnLegs/Sprites/06TheCreator/Enraged/FireBomb/EnragedBackground_Sprite_13.uasset" 361
"D:/SetchOnLegs/SetchOnLegs/Content/SetchOnLegs/Sprites/06TheCreator/Enraged/FireBomb/EnragedBackground_Sprite_14.uasset" 362
"D:/SetchOnLegs/SetchOnLegs/Content/SetchOnLegs/Sprites/06TheCreator/Enraged/FireBomb/EnragedBackground_Sprite_15.uasset" 363
"D:/SetchOnLegs/SetchOnLegs/Content/SetchOnLegs/Sprites/06TheCreator/Enraged/FireBomb/EnragedBackground_Sprite_16.uasset" 364
"D:/SetchOnLegs/SetchOnLegs/Content/SetchOnLegs/Sprites/06TheCreator/Enraged/FireBomb/EnragedBackground_Sprite_17.uasset" 365
"D:/SetchOnLegs/SetchOnLegs/Content/SetchOnLegs/Sprites/06TheCreator/Enraged/FireBomb/EnragedBackground_Sprite_18.uasset" 366
"D:/SetchOnLegs/SetchOnLegs/Content/SetchOnLegs/Sprites/06TheCreator/Enraged/FireBomb/EnragedBackground_Sprite_19.uasset" 367
"D:/SetchOnLegs/SetchOnLegs/Content/SetchOnLegs/Sprites/06TheCreator/Enraged/FireBomb/EnragedBackground_Sprite_20.uasset" 368
"D:/SetchOnLegs/SetchOnLegs/Content/SetchOnLegs/Sprites/06TheCreator/Enraged/FireBomb/A_MiniFireBomb.uasset" 369
"D:/SetchOnLegs/SetchOnLegs/Content/SetchOnLegs/Blueprint/06TheCreator/Enraged/BP_MiniFireBomb.uasset" 370
"D:/SetchOnLegs/SetchOnLegs/Content/SetchOnLegs/Audio/Creator/CreatorBombExplosion.uasset" 371
"D:/SetchOnLegs/SetchOnLegs/Content/SetchOnLegs/Sprites/06TheCreator/Enraged/FireBomb/EnragedBackground_Sprite_10.uasset" 372
"D:/SetchOnLegs/SetchOnLegs/Content/SetchOnLegs/Sprites/06TheCreator/Enraged/FireBomb/EnragedBackground_Sprite_11.uasset" 373
"D:/SetchOnLegs/SetchOnLegs/Content/SetchOnLegs/Sprites/06TheCreator/Enraged/FireBomb/EnragedBackground_Sprite_12.uasset" 374
"D:/SetchOnLegs/SetchOnLegs/Content/SetchOnLegs/Sprites/06TheCreator/Enraged/FireBomb/EnragedBackground_Sprite_5.uasset" 375
"D:/SetchOnLegs/SetchOnLegs/Content/SetchOnLegs/Sprites/06TheCreator/Enraged/FireBomb/EnragedBackground_Sprite_6.uasset" 376
"D:/SetchOnLegs/SetchOnLegs/Content/SetchOnLegs/Sprites/06TheCreator/Enraged/FireBomb/EnragedBackground_Sprite_7.uasset" 377
"D:/SetchOnLegs/SetchOnLegs/Content/SetchOnLegs/Sprites/06TheCreator/Enraged/FireBomb/EnragedBackground_Sprite_8.uasset" 378
"D:/SetchOnLegs/SetchOnLegs/Content/SetchOnLegs/Sprites/06TheCreator/Enraged/FireBomb/EnragedBackground_Sprite_9.uasset" 379
"D:/SetchOnLegs/SetchOnLegs/Content/SetchOnLegs/Sprites/06TheCreator/Enraged/FireBomb/A_FireBomb.uasset" 380
"D:/SetchOnLegs/SetchOnLegs/Content/SetchOnLegs/Blueprint/06TheCreator/Enraged/BP_FireBomb.uasset" 381
"D:/SetchOnLegs/SetchOnLegs/Content/SetchOnLegs/Audio/Creator/FirePillar.uasset" 382
"D:/SetchOnLegs/SetchOnLegs/Content/SetchOnLegs/Sprites/06TheCreator/Enraged/FirePillar/CreatorFirePillar.uasset" 383
"D:/SetchOnLegs/SetchOnLegs/Content/SetchOnLegs/Sprites/06TheCreator/Enraged/FirePillar/CreatorFirePillar_Sprite_19.uasset" 384
"D:/SetchOnLegs/SetchOnLegs/Content/SetchOnLegs/Sprites/06TheCreator/Enraged/FirePillar/CreatorFirePillar_Sprite_27.uasset" 385
"D:/SetchOnLegs/SetchOnLegs/Content/SetchOnLegs/Sprites/06TheCreator/Enraged/FirePillar/A_FirePillar.uasset" 386
"D:/SetchOnLegs/SetchOnLegs/Content/SetchOnLegs/Sprites/06TheCreator/Enraged/FirePillar/CreatorFirePillar_Sprite_0.uasset" 387
"D:/SetchOnLegs/SetchOnLegs/Content/SetchOnLegs/Sprites/06TheCreator/Enraged/FirePillar/CreatorFirePillar_Sprite_1.uasset" 388
"D:/SetchOnLegs/SetchOnLegs/Content/SetchOnLegs/Sprites/06TheCreator/Enraged/FirePillar/CreatorFirePillar_Sprite_9.uasset" 389
"D:/SetchOnLegs/SetchOnLegs/Content/SetchOnLegs/Sprites/06TheCreator/Enraged/FirePillar/A_FirePillarOut.uasset" 390
"D:/SetchOnLegs/SetchOnLegs/Content/SetchOnLegs/Blueprint/06TheCreator/Enraged/BP_FirePillar.uasset" 391
"D:/SetchOnLegs/SetchOnLegs/Content/SetchOnLegs/Sprites/Spike/Weapons/SpikeBulletTex.uasset" 392
"D:/SetchOnLegs/SetchOnLegs/Content/SetchOnLegs/Sprites/Spike/Weapons/SpikeBullet.uasset" 393
"D:/SetchOnLegs/SetchOnLegs/Content/SetchOnLegs/Blueprint/Spike/BP_Bullet.uasset" 394
"D:/SetchOnLegs/SetchOnLegs/Content/SetchOnLegs/Sprites/Spike/Weapons/ChargedBulletTex.uasset" 395
"D:/SetchOnLegs/SetchOnLegs/Content/SetchOnLegs/Sprites/Spike/Weapons/ChargedBullet.uasset" 396
"D:/SetchOnLegs/SetchOnLegs/Content/SetchOnLegs/Blueprint/Spike/BP_ChargedBullet.uasset" 397
"D:/SetchOnLegs/SetchOnLegs/Content/SetchOnLegs/Audio/Creator/CreatorEnraged.uasset" 398
"D:/SetchOnLegs/SetchOnLegs/Content/SetchOnLegs/Audio/Creator/CreatorRoar.uasset" 399
"D:/SetchOnLegs/SetchOnLegs/Content/SetchOnLegs/Audio/Creator/CreatorSpawn.uasset" 400
"D:/SetchOnLegs/SetchOnLegs/Content/SetchOnLegs/Sprites/06TheCreator/HealthBar.uasset" 401
"D:/SetchOnLegs/SetchOnLegs/Content/SetchOnLegs/Blueprint/06TheCreator/Enraged/Widget_TheCreatorEnraged.uasset" 402
"D:/SetchOnLegs/SetchOnLegs/Content/SetchOnLegs/Blueprint/Misc/Widget_FadeOutFadeIn.uasset" 403
"D:/SetchOnLegs/SetchOnLegs/Content/SetchOnLegs/Sprites/06TheCreator/Enraged/Character/BombFire/CreatorBombFire.uasset" 404
"D:/SetchOnLegs/SetchOnLegs/Content/SetchOnLegs/Sprites/06TheCreator/Enraged/Character/BombFire/CreatorBombFire_Sprite.uasset" 405
"D:/SetchOnLegs/SetchOnLegs/Content/SetchOnLegs/Sprites/06TheCreator/Enraged/Character/BombFire/A_BombFire.uasset" 406
"D:/SetchOnLegs/SetchOnLegs/Content/SetchOnLegs/Sprites/06TheCreator/Enraged/Character/Death/CreatorEnragedDeath1.uasset" 407
"D:/SetchOnLegs/SetchOnLegs/Content/SetchOnLegs/Sprites/06TheCreator/Enraged/Character/Death/CreatorEnragedDeath1_Sprite.uasset" 408
"D:/SetchOnLegs/SetchOnLegs/Content/SetchOnLegs/Sprites/06TheCreator/Enraged/Character/Death/CreatorEnragedDeath2.uasset" 409
"D:/SetchOnLegs/SetchOnLegs/Content/SetchOnLegs/Sprites/06TheCreator/Enraged/Character/Death/CreatorEnragedDeath2_Sprite.uasset" 410
"D:/SetchOnLegs/SetchOnLegs/Content/SetchOnLegs/Sprites/06TheCreator/Enraged/Character/Death/A_Death.uasset" 411
"D:/SetchOnLegs/SetchOnLegs/Content/SetchOnLegs/Sprites/06TheCreator/Enraged/Character/Fireballs/CreatorEnragedFireballs.uasset" 412
"D:/SetchOnLegs/SetchOnLegs/Content/SetchOnLegs/Sprites/06TheCreator/Enraged/Character/Fireballs/CreatorEnragedFireballs_Sprite.uasset" 413
"D:/SetchOnLegs/SetchOnLegs/Content/SetchOnLegs/Sprites/06TheCreator/Enraged/Character/Fireballs/A_Fireballs.uasset" 414
"D:/SetchOnLegs/SetchOnLegs/Content/SetchOnLegs/Sprites/06TheCreator/Enraged/Character/FirePillars/CreatorEnragedFirePillars.uasset" 415
"D:/SetchOnLegs/SetchOnLegs/Content/SetchOnLegs/Sprites/06TheCreator/Enraged/Character/FirePillars/CreatorEnragedFirePillars_Sprite.uasset" 416
"D:/SetchOnLegs/SetchOnLegs/Content/SetchOnLegs/Sprites/06TheCreator/Enraged/Character/FirePillars/A_FirePillars.uasset" 417
"D:/SetchOnLegs/SetchOnLegs/Content/SetchOnLegs/Sprites/06TheCreator/Enraged/Character/Idle/CreatorEnragedIdle.uasset" 418
"D:/SetchOnLegs/SetchOnLegs/Content/SetchOnLegs/Sprites/06TheCreator/Enraged/Character/Idle/CreatorEnragedIdle_Sprite.uasset" 419
"D:/SetchOnLegs/SetchOnLegs/Content/SetchOnLegs/Sprites/06TheCreator/Enraged/Character/Idle/A_Idle.uasset" 420
"D:/SetchOnLegs/SetchOnLegs/Content/SetchOnLegs/Sprites/06TheCreator/Enraged/Character/Roar/CreatorRoar.uasset" 421
"D:/SetchOnLegs/SetchOnLegs/Content/SetchOnLegs/Sprites/06TheCreator/Enraged/Character/Roar/CreatorRoar_Sprite.uasset" 422
"D:/SetchOnLegs/SetchOnLegs/Content/SetchOnLegs/Sprites/06TheCreator/Enraged/Character/Roar/A_Roar.uasset" 423
"D:/SetchOnLegs/SetchOnLegs/Content/SetchOnLegs/Sprites/06TheCreator/Enraged/Character/Spawn/CreatorEnragedSpawn1.uasset" 424
"D:/SetchOnLegs/SetchOnLegs/Content/SetchOnLegs/Sprites/06TheCreator/Enraged/Character/Spawn/CreatorEnragedSpawn1_Sprite.uasset" 425
"D:/SetchOnLegs/SetchOnLegs/Content/SetchOnLegs/Sprites/06TheCreator/Enraged/Character/Spawn/CreatorEnragedSpawn2.uasset" 426
"D:/SetchOnLegs/SetchOnLegs/Content/SetchOnLegs/Sprites/06TheCreator/Enraged/Character/Spawn/CreatorEnragedSpawn2_Sprite.uasset" 427
"D:/SetchOnLegs/SetchOnLegs/Content/SetchOnLegs/Sprites/06TheCreator/Enraged/Character/Spawn/CreatorEnragedSpawn3.uasset" 428
"D:/SetchOnLegs/SetchOnLegs/Content/SetchOnLegs/Sprites/06TheCreator/Enraged/Character/Spawn/CreatorEnragedSpawn3_Sprite.uasset" 429
"D:/SetchOnLegs/SetchOnLegs/Content/SetchOnLegs/Sprites/06TheCreator/Enraged/Character/Spawn/CreatorEnragedSpawn4.uasset" 430
"D:/SetchOnLegs/SetchOnLegs/Content/SetchOnLegs/Sprites/06TheCreator/Enraged/Character/Spawn/CreatorEnragedSpawn4_Sprite.uasset" 431
"D:/SetchOnLegs/SetchOnLegs/Content/SetchOnLegs/Sprites/06TheCreator/Enraged/Character/Spawn/A_Spawn.uasset" 432
"D:/SetchOnLegs/SetchOnLegs/Content/SetchOnLegs/Sprites/Spike/Character/SpikeSpriteSheet.uasset" 433
"D:/SetchOnLegs/SetchOnLegs/Content/SetchOnLegs/Sprites/Spike/Character/SpikeIdle.uasset" 434
"D:/SetchOnLegs/SetchOnLegs/Content/SetchOnLegs/Sprites/Spike/Character/A_Idle.uasset" 435
"D:/SetchOnLegs/SetchOnLegs/Content/SetchOnLegs/Blueprint/06TheCreator/Enraged/BP_TheCreatorEnraged.uasset" 436
"D:/SetchOnLegs/SetchOnLegs/Content/SetchOnLegs/Blueprint/Misc/BP_SaveInfo.uasset" 437
"D:/SetchOnLegs/SetchOnLegs/Content/SetchOnLegs/Audio/Misc/Checkpoint.uasset" 438
"D:/SetchOnLegs/SetchOnLegs/Content/SetchOnLegs/Sprites/Map/SetchOnLegsTileSheet.uasset" 439
"D:/SetchOnLegs/SetchOnLegs/Content/SetchOnLegs/Sprites/Map/CheckpointGot.uasset" 440
"D:/SetchOnLegs/SetchOnLegs/Content/SetchOnLegs/Sprites/Map/CheckpointNot.uasset" 441
"D:/SetchOnLegs/SetchOnLegs/Content/SetchOnLegs/Blueprint/Misc/BP_Checkpoint.uasset" 442
"D:/SetchOnLegs/SetchOnLegs/Content/SetchOnLegs/Blueprint/Misc/BP_GameInstance.uasset" 443
"D:/SetchOnLegs/SetchOnLegs/Content/SetchOnLegs/Audio/Misc/FoundingFatherEssenceHit.uasset" 444
"D:/SetchOnLegs/SetchOnLegs/Content/SetchOnLegs/Blueprint/Spike/Widget_FoundingFatherEssence.uasset" 445
"D:/SetchOnLegs/SetchOnLegs/Content/SetchOnLegs/Sprites/Spike/Weapons/PC_Computer_-_RPG_Maker_VX_Ace_-_Attack_11.uasset" 446
"D:/SetchOnLegs/SetchOnLegs/Content/SetchOnLegs/Sprites/Spike/Weapons/PC_Computer_-_RPG_Maker_VX_Ace_-_Attack_11_Sprite_10.uasset" 447
"D:/SetchOnLegs/SetchOnLegs/Content/SetchOnLegs/Sprites/Spike/Weapons/PC_Computer_-_RPG_Maker_VX_Ace_-_Attack_11_Sprite_11.uasset" 448
"D:/SetchOnLegs/SetchOnLegs/Content/SetchOnLegs/Sprites/Spike/Weapons/PC_Computer_-_RPG_Maker_VX_Ace_-_Attack_11_Sprite_12.uasset" 449
"D:/SetchOnLegs/SetchOnLegs/Content/SetchOnLegs/Sprites/Spike/Weapons/PC_Computer_-_RPG_Maker_VX_Ace_-_Attack_11_Sprite_13.uasset" 450
"D:/SetchOnLegs/SetchOnLegs/Content/SetchOnLegs/Sprites/Spike/Weapons/PC_Computer_-_RPG_Maker_VX_Ace_-_Attack_11_Sprite_6.uasset" 451
"D:/SetchOnLegs/SetchOnLegs/Content/SetchOnLegs/Sprites/Spike/Weapons/PC_Computer_-_RPG_Maker_VX_Ace_-_Attack_11_Sprite_7.uasset" 452
"D:/SetchOnLegs/SetchOnLegs/Content/SetchOnLegs/Sprites/Spike/Weapons/PC_Computer_-_RPG_Maker_VX_Ace_-_Attack_11_Sprite_8.uasset" 453
"D:/SetchOnLegs/SetchOnLegs/Content/SetchOnLegs/Sprites/Spike/Weapons/PC_Computer_-_RPG_Maker_VX_Ace_-_Attack_11_Sprite_9.uasset" 454
"D:/SetchOnLegs/SetchOnLegs/Content/SetchOnLegs/Sprites/Spike/Weapons/A_FoundingFatherEssence.uasset" 455
"D:/SetchOnLegs/SetchOnLegs/Content/SetchOnLegs/Blueprint/Spike/BP_FoundingFatherEssence.uasset" 456
"D:/SetchOnLegs/SetchOnLegs/Content/SetchOnLegs/Audio/Menus/splat.uasset" 457
"D:/SetchOnLegs/SetchOnLegs/Content/SetchOnLegs/Audio/Misc/ChargedShoot.uasset" 458
"D:/SetchOnLegs/SetchOnLegs/Content/SetchOnLegs/Audio/Misc/jump.uasset" 459
"D:/SetchOnLegs/SetchOnLegs/Content/SetchOnLegs/Audio/Misc/Shoot.uasset" 460
"D:/SetchOnLegs/SetchOnLegs/Content/SetchOnLegs/Audio/Menus/click.uasset" 461
"D:/SetchOnLegs/SetchOnLegs/Content/SetchOnLegs/Audio/Menus/PageFlip.uasset" 462
"D:/SetchOnLegs/SetchOnLegs/Content/SetchOnLegs/Sprites/Menus/Journal/Notebook.uasset" 463
"D:/SetchOnLegs/SetchOnLegs/Content/SetchOnLegs/Sprites/Menus/Journal/PauseButton.uasset" 464
"D:/SetchOnLegs/SetchOnLegs/Content/SetchOnLegs/Blueprint/Menus/Journal/Widget_Controls.uasset" 465
"D:/SetchOnLegs/SetchOnLegs/Content/SetchOnLegs/Blueprint/Menus/Journal/Widget_JournalAchievments.uasset" 466
"D:/SetchOnLegs/SetchOnLegs/Content/SetchOnLegs/Sprites/03TheButcher/TheButcher/ButcherIdle.uasset" 467
"D:/SetchOnLegs/SetchOnLegs/Content/SetchOnLegs/Sprites/Home/HomeTick.uasset" 468
"D:/SetchOnLegs/SetchOnLegs/Content/SetchOnLegs/Sprites/Menus/Journal/Border.uasset" 469
"D:/SetchOnLegs/SetchOnLegs/Content/SetchOnLegs/Blueprint/Menus/Journal/Characters/Widget_JournalButcher.uasset" 470
"D:/SetchOnLegs/SetchOnLegs/Content/SetchOnLegs/Sprites/06TheCreator/Character/Idle/CreatorIdle1Tex.uasset" 471
"D:/SetchOnLegs/SetchOnLegs/Content/SetchOnLegs/Sprites/06TheCreator/Character/Idle/CreatorIdle1.uasset" 472
"D:/SetchOnLegs/SetchOnLegs/Content/SetchOnLegs/Blueprint/Menus/Journal/Characters/Widget_JournalCreator.uasset" 473
"D:/SetchOnLegs/SetchOnLegs/Content/SetchOnLegs/Sprites/04AWitchesWelcome/WickedWitch/Form1/WickedWitch1.uasset" 474
"D:/SetchOnLegs/SetchOnLegs/Content/SetchOnLegs/Sprites/04AWitchesWelcome/WickedWitch/Form1/WickedWitch1_Sprite_1.uasset" 475
"D:/SetchOnLegs/SetchOnLegs/Content/SetchOnLegs/Blueprint/Menus/Journal/Characters/Widget_JournalWickedWitch.uasset" 476
"D:/SetchOnLegs/SetchOnLegs/Content/SetchOnLegs/Blueprint/Menus/Journal/Characters/Widget_JournalFarmerFuckface.uasset" 477
"D:/SetchOnLegs/SetchOnLegs/Content/SetchOnLegs/Sprites/02GreasyGrove/GBWFCharacter/Textures/Idle/GBWFIdle1.uasset" 478
"D:/SetchOnLegs/SetchOnLegs/Content/SetchOnLegs/Blueprint/Menus/Journal/Characters/Widget_JournalGreasyGrove.uasset" 479
"D:/SetchOnLegs/SetchOnLegs/Content/SetchOnLegs/Sprites/Misc/GuruConnorTex.uasset" 480
"D:/SetchOnLegs/SetchOnLegs/Content/SetchOnLegs/Sprites/Misc/GuruConnor.uasset" 481
"D:/SetchOnLegs/SetchOnLegs/Content/SetchOnLegs/Blueprint/Menus/Journal/Characters/Widget_JournalGuruConnor.uasset" 482
"D:/SetchOnLegs/SetchOnLegs/Content/SetchOnLegs/Sprites/01HinceInHell/HinceInHellCharacter/HinceInHell.uasset" 483
"D:/SetchOnLegs/SetchOnLegs/Content/SetchOnLegs/Sprites/01HinceInHell/HinceInHellCharacter/HinceInHellMoving1.uasset" 484
"D:/SetchOnLegs/SetchOnLegs/Content/SetchOnLegs/Blueprint/Menus/Journal/Characters/Widget_JournalHinceInHell.uasset" 485
"D:/SetchOnLegs/SetchOnLegs/Content/SetchOnLegs/Sprites/Mike/MikeIdle.uasset" 486
"D:/SetchOnLegs/SetchOnLegs/Content/SetchOnLegs/Blueprint/Menus/Journal/Characters/Widget_JournalMikeTheMystical.uasset" 487
"D:/SetchOnLegs/SetchOnLegs/Content/SetchOnLegs/Blueprint/Menus/Journal/Widget_JournalCharacters.uasset" 488
"D:/SetchOnLegs/SetchOnLegs/Content/SetchOnLegs/Blueprint/Menus/Journal/Widget_JournalCollectiblesPage2.uasset" 489
"D:/SetchOnLegs/SetchOnLegs/Content/SetchOnLegs/Sprites/01HinceInHell/HinceInHellCollectibleTex.uasset" 490
"D:/SetchOnLegs/SetchOnLegs/Content/SetchOnLegs/Sprites/01HinceInHell/HinceInHellCollectible.uasset" 491
"D:/SetchOnLegs/SetchOnLegs/Content/SetchOnLegs/Sprites/02GreasyGrove/EHICTex.uasset" 492
"D:/SetchOnLegs/SetchOnLegs/Content/SetchOnLegs/Sprites/02GreasyGrove/EHIC.uasset" 493
"D:/SetchOnLegs/SetchOnLegs/Content/SetchOnLegs/Sprites/03TheButcher/BeeInspiredLogoTex.uasset" 494
"D:/SetchOnLegs/SetchOnLegs/Content/SetchOnLegs/Sprites/03TheButcher/BeeInspiredLogo.uasset" 495
"D:/SetchOnLegs/SetchOnLegs/Content/SetchOnLegs/Sprites/04AWitchesWelcome/HentaiMagazineTex.uasset" 496
"D:/SetchOnLegs/SetchOnLegs/Content/SetchOnLegs/Sprites/04AWitchesWelcome/HentaiMagazine.uasset" 497
"D:/SetchOnLegs/SetchOnLegs/Content/SetchOnLegs/Blueprint/Menus/Journal/Widget_JournalCollectiblesPage1.uasset" 498
"D:/SetchOnLegs/SetchOnLegs/Content/SetchOnLegs/Blueprint/Menus/Journal/Widget_JournalGeneralStats.uasset" 499
"D:/SetchOnLegs/SetchOnLegs/Content/SetchOnLegs/Blueprint/Menus/Journal/Widget_JournalObjectives.uasset" 500
"D:/SetchOnLegs/SetchOnLegs/Content/SetchOnLegs/Blueprint/Menus/Journal/Widget_JournalDefault.uasset" 501
"D:/SetchOnLegs/SetchOnLegs/Content/SetchOnLegs/Sprites/Misc/CurrencyTex.uasset" 502
"D:/SetchOnLegs/SetchOnLegs/Content/SetchOnLegs/Sprites/Misc/Currency.uasset" 503
"D:/SetchOnLegs/SetchOnLegs/Content/SetchOnLegs/Sprites/Misc/DeathCountTex.uasset" 504
"D:/SetchOnLegs/SetchOnLegs/Content/SetchOnLegs/Sprites/Spike/Character/SpikeHead.uasset" 505
"D:/SetchOnLegs/SetchOnLegs/Content/SetchOnLegs/Blueprint/Spike/Widget_HUD.uasset" 506
"D:/SetchOnLegs/SetchOnLegs/Content/SetchOnLegs/Sprites/Spike/Character/SpikeClimbing1.uasset" 507
"D:/SetchOnLegs/SetchOnLegs/Content/SetchOnLegs/Sprites/Spike/Character/SpikeClimbing2.uasset" 508
"D:/SetchOnLegs/SetchOnLegs/Content/SetchOnLegs/Sprites/Spike/Character/A_Climbing.uasset" 509
"D:/SetchOnLegs/SetchOnLegs/Content/SetchOnLegs/Sprites/Spike/Character/SpikeCrouching.uasset" 510
"D:/SetchOnLegs/SetchOnLegs/Content/SetchOnLegs/Sprites/Spike/Character/A_Crouching.uasset" 511
"D:/SetchOnLegs/SetchOnLegs/Content/SetchOnLegs/Sprites/Spike/Character/Dead.uasset" 512
"D:/SetchOnLegs/SetchOnLegs/Content/SetchOnLegs/Sprites/Spike/Character/SpikeDead1.uasset" 513
"D:/SetchOnLegs/SetchOnLegs/Content/SetchOnLegs/Sprites/Spike/Character/SpikeDead2.uasset" 514
"D:/SetchOnLegs/SetchOnLegs/Content/SetchOnLegs/Sprites/Spike/Character/SpikeDead3.uasset" 515
"D:/SetchOnLegs/SetchOnLegs/Content/SetchOnLegs/Sprites/Spike/Character/SpikeDead4.uasset" 516
"D:/SetchOnLegs/SetchOnLegs/Content/SetchOnLegs/Sprites/Spike/Character/SpikeDead5.uasset" 517
"D:/SetchOnLegs/SetchOnLegs/Content/SetchOnLegs/Sprites/Spike/Character/SpikeDead6.uasset" 518
"D:/SetchOnLegs/SetchOnLegs/Content/SetchOnLegs/Sprites/Spike/Character/A_Dead.uasset" 519
"D:/SetchOnLegs/SetchOnLegs/Content/SetchOnLegs/Sprites/Spike/Character/SpikeFire.uasset" 520
"D:/SetchOnLegs/SetchOnLegs/Content/SetchOnLegs/Sprites/Spike/Character/A_Fire.uasset" 521
"D:/SetchOnLegs/SetchOnLegs/Content/SetchOnLegs/Sprites/Spike/Character/SpikeHit.uasset" 522
"D:/SetchOnLegs/SetchOnLegs/Content/SetchOnLegs/Sprites/Spike/Character/A_Hit.uasset" 523
"D:/SetchOnLegs/SetchOnLegs/Content/SetchOnLegs/Sprites/Spike/Character/SpikeJumping.uasset" 524
"D:/SetchOnLegs/SetchOnLegs/Content/SetchOnLegs/Sprites/Spike/Character/A_Jumping.uasset" 525
"D:/SetchOnLegs/SetchOnLegs/Content/SetchOnLegs/Sprites/Spike/Character/SpikeWalking1.uasset" 526
"D:/SetchOnLegs/SetchOnLegs/Content/SetchOnLegs/Sprites/Spike/Character/SpikeWalking2.uasset" 527
"D:/SetchOnLegs/SetchOnLegs/Content/SetchOnLegs/Sprites/Spike/Character/SpikeWalking3.uasset" 528
"D:/SetchOnLegs/SetchOnLegs/Content/SetchOnLegs/Sprites/Spike/Character/SpikeWalking4.uasset" 529
"D:/SetchOnLegs/SetchOnLegs/Content/SetchOnLegs/Sprites/Spike/Character/SpikeWalking5.uasset" 530
"D:/SetchOnLegs/SetchOnLegs/Content/SetchOnLegs/Sprites/Spike/Character/SpikeWalking6.uasset" 531
"D:/SetchOnLegs/SetchOnLegs/Content/SetchOnLegs/Sprites/Spike/Character/SpikeWalking7.uasset" 532
"D:/SetchOnLegs/SetchOnLegs/Content/SetchOnLegs/Sprites/Spike/Character/SpikeWalking8.uasset" 533
"D:/SetchOnLegs/SetchOnLegs/Content/SetchOnLegs/Sprites/Spike/Character/A_SpikeWalking.uasset" 534
"D:/SetchOnLegs/SetchOnLegs/Content/SetchOnLegs/Blueprint/Spike/BP_Spike.uasset" 535
"D:/SetchOnLegs/SetchOnLegs/Content/SetchOnLegs/Audio/Misc/portal.uasset" 536
"D:/SetchOnLegs/SetchOnLegs/Content/SetchOnLegs/Sprites/Misc/Portal/Portal.uasset" 537
"D:/SetchOnLegs/SetchOnLegs/Content/SetchOnLegs/Sprites/Misc/Portal/Portal_Sprite_0.uasset" 538
"D:/SetchOnLegs/SetchOnLegs/Content/SetchOnLegs/Sprites/Misc/Portal/Portal_Sprite_1.uasset" 539
"D:/SetchOnLegs/SetchOnLegs/Content/SetchOnLegs/Sprites/Misc/Portal/Portal_Sprite_10.uasset" 540
"D:/SetchOnLegs/SetchOnLegs/Content/SetchOnLegs/Sprites/Misc/Portal/Portal_Sprite_11.uasset" 541
"D:/SetchOnLegs/SetchOnLegs/Content/SetchOnLegs/Sprites/Misc/Portal/Portal_Sprite_12.uasset" 542
"D:/SetchOnLegs/SetchOnLegs/Content/SetchOnLegs/Sprites/Misc/Portal/Portal_Sprite_13.uasset" 543
"D:/SetchOnLegs/SetchOnLegs/Content/SetchOnLegs/Sprites/Misc/Portal/Portal_Sprite_14.uasset" 544
"D:/SetchOnLegs/SetchOnLegs/Content/SetchOnLegs/Sprites/Misc/Portal/Portal_Sprite_2.uasset" 545
"D:/SetchOnLegs/SetchOnLegs/Content/SetchOnLegs/Sprites/Misc/Portal/Portal_Sprite_3.uasset" 546
"D:/SetchOnLegs/SetchOnLegs/Content/SetchOnLegs/Sprites/Misc/Portal/Portal_Sprite_4.uasset" 547
"D:/SetchOnLegs/SetchOnLegs/Content/SetchOnLegs/Sprites/Misc/Portal/Portal_Sprite_5.uasset" 548
"D:/SetchOnLegs/SetchOnLegs/Content/SetchOnLegs/Sprites/Misc/Portal/Portal_Sprite_6.uasset" 549
"D:/SetchOnLegs/SetchOnLegs/Content/SetchOnLegs/Sprites/Misc/Portal/Portal_Sprite_7.uasset" 550
"D:/SetchOnLegs/SetchOnLegs/Content/SetchOnLegs/Sprites/Misc/Portal/Portal_Sprite_8.uasset" 551
"D:/SetchOnLegs/SetchOnLegs/Content/SetchOnLegs/Sprites/Misc/Portal/Portal_Sprite_9.uasset" 552
"D:/SetchOnLegs/SetchOnLegs/Content/SetchOnLegs/Sprites/Misc/Portal/A_Portal.uasset" 553
"D:/SetchOnLegs/SetchOnLegs/Content/SetchOnLegs/Blueprint/04AWitchesWelcome/BP_MazePortal.uasset" 554
"D:/SetchOnLegs/SetchOnLegs/Content/SetchOnLegs/Audio/Misc/Bouncepad.uasset" 555
"D:/SetchOnLegs/SetchOnLegs/Content/SetchOnLegs/Sprites/Misc/BouncepadTex.uasset" 556
"D:/SetchOnLegs/SetchOnLegs/Content/SetchOnLegs/Sprites/Misc/BouncePad.uasset" 557
"D:/SetchOnLegs/SetchOnLegs/Content/SetchOnLegs/Blueprint/Misc/BP_Bouncepad.uasset" 558
"D:/SetchOnLegs/SetchOnLegs/Content/SetchOnLegs/Audio/Misc/DisappearingPlatformDisappear.uasset" 559
"D:/SetchOnLegs/SetchOnLegs/Content/SetchOnLegs/Sprites/Map/SetchOnLegsTileSheet_Sprite_79.uasset" 560
"D:/SetchOnLegs/SetchOnLegs/Content/SetchOnLegs/Sprites/Misc/DisappearingPadTex1.uasset" 561
"D:/SetchOnLegs/SetchOnLegs/Content/SetchOnLegs/Sprites/Misc/DisappearingPad1.uasset" 562
"D:/SetchOnLegs/SetchOnLegs/Content/SetchOnLegs/Blueprint/Misc/BP_DisappearingPlatform.uasset" 563
"D:/SetchOnLegs/SetchOnLegs/Content/SetchOnLegs/Audio/Misc/DisappearingPlatformReappear.uasset" 564
"D:/SetchOnLegs/SetchOnLegs/Content/SetchOnLegs/Sprites/Misc/DisappearingPadTex2.uasset" 565
"D:/SetchOnLegs/SetchOnLegs/Content/SetchOnLegs/Sprites/Misc/DisappearingPad2.uasset" 566
"D:/SetchOnLegs/SetchOnLegs/Content/SetchOnLegs/Blueprint/Misc/BP_DisappearingPlatformReset.uasset" 567
"D:/SetchOnLegs/SetchOnLegs/Content/SetchOnLegs/Blueprint/Misc/Widget_QuickFadeOut.uasset" 568
"D:/SetchOnLegs/SetchOnLegs/Content/SetchOnLegs/Blueprint/Misc/BP_ExitLevelFade.uasset" 569
"D:/SetchOnLegs/SetchOnLegs/Content/SetchOnLegs/Audio/Misc/Killpad.uasset" 570
"D:/SetchOnLegs/SetchOnLegs/Content/SetchOnLegs/Sprites/Misc/KillpadTex.uasset" 571
"D:/SetchOnLegs/SetchOnLegs/Content/SetchOnLegs/Sprites/Misc/Killpad.uasset" 572
"D:/SetchOnLegs/SetchOnLegs/Content/SetchOnLegs/Blueprint/Misc/BP_Killpad.uasset" 573
"D:/SetchOnLegs/SetchOnLegs/Content/SetchOnLegs/Blueprint/Misc/BP_Ladder.uasset" 574
"D:/SetchOnLegs/SetchOnLegs/Content/SetchOnLegs/Blueprint/Misc/BP_MovingPlatform.uasset" 575
"D:/SetchOnLegs/SetchOnLegs/Content/SetchOnLegs/Audio/Misc/Pickup.uasset" 576
"D:/SetchOnLegs/SetchOnLegs/Content/SetchOnLegs/Blueprint/Misc/BP_Pickup.uasset" 577
"D:/SetchOnLegs/SetchOnLegs/Content/SetchOnLegs/Blueprint/Prompts/BP_Prompt.uasset" 578
"D:/SetchOnLegs/SetchOnLegs/Content/SetchOnLegs/Sprites/Shop/ShopBackground1.uasset" 579
"D:/SetchOnLegs/SetchOnLegs/Content/SetchOnLegs/Sprites/Shop/ShopBackgroundPlayer.uasset" 580
"D:/SetchOnLegs/SetchOnLegs/Content/SetchOnLegs/Sprites/Shop/ShopBackgroundPlayer_Video.uasset" 581
"D:/SetchOnLegs/SetchOnLegs/Content/SetchOnLegs/Audio/Misc/ShopButton.uasset" 582
"D:/SetchOnLegs/SetchOnLegs/Content/SetchOnLegs/Audio/Misc/PokeShort.uasset" 583
"D:/SetchOnLegs/SetchOnLegs/Content/SetchOnLegs/Sprites/Shop/ButchersBloodVessel.uasset" 584
"D:/SetchOnLegs/SetchOnLegs/Content/SetchOnLegs/Sprites/Shop/Drogba.uasset" 585
"D:/SetchOnLegs/SetchOnLegs/Content/SetchOnLegs/Sprites/Shop/FlameOfTheUnderworld.uasset" 586
"D:/SetchOnLegs/SetchOnLegs/Content/SetchOnLegs/Sprites/Shop/Hazard.uasset" 587
"D:/SetchOnLegs/SetchOnLegs/Content/SetchOnLegs/Sprites/Shop/JarOfGrease.uasset" 588
"D:/SetchOnLegs/SetchOnLegs/Content/SetchOnLegs/Sprites/Shop/Kante.uasset" 589
"D:/SetchOnLegs/SetchOnLegs/Content/SetchOnLegs/Sprites/Shop/RobGreen.uasset" 590
"D:/SetchOnLegs/SetchOnLegs/Content/SetchOnLegs/Sprites/Shop/ShopButton.uasset" 591
"D:/SetchOnLegs/SetchOnLegs/Content/SetchOnLegs/Sprites/Shop/Torres.uasset" 592
"D:/SetchOnLegs/SetchOnLegs/Content/SetchOnLegs/Blueprint/Shop/Widget_Shop.uasset" 593
"D:/SetchOnLegs/SetchOnLegs/Content/SetchOnLegs/Sprites/Shop/GuruConnorHead.uasset" 594
"D:/SetchOnLegs/SetchOnLegs/Content/SetchOnLegs/Blueprint/Shop/Widget_ShopPrompt.uasset" 595
"D:/SetchOnLegs/SetchOnLegs/Content/SetchOnLegs/Blueprint/Shop/BP_GuruConnor.uasset" 596
"D:/SetchOnLegs/SetchOnLegs/Content/SetchOnLegs/Blueprint/Shop/BP_ShopPrompt.uasset" 597
"D:/SetchOnLegs/SetchOnLegs/Content/SetchOnLegs/Sprites/04AWitchesWelcome/WitchesWelcomeBackground.uasset" 598
"D:/SetchOnLegs/SetchOnLegs/Content/SetchOnLegs/Levels/AWitchesWelcome/AWitchesWelcome_BuiltData.uasset" 599
"D:/SetchOnLegs/SetchOnLegs/Content/SetchOnLegs/Sprites/04AWitchesWelcome/WithcesWelcomeBackgroundPlayer.uasset" 600
"D:/SetchOnLegs/SetchOnLegs/Content/SetchOnLegs/Sprites/04AWitchesWelcome/BackgroundPlayer_Video.uasset" 601
"D:/SetchOnLegs/SetchOnLegs/Content/SetchOnLegs/Sprites/04AWitchesWelcome/BackgroundPlayer_Video_Mat.uasset" 602
"D:/SetchOnLegs/SetchOnLegs/Content/SetchOnLegs/Audio/AWitchesWelcome/AWitchesWelcome.uasset" 603
"D:/SetchOnLegs/SetchOnLegs/Content/SetchOnLegs/Audio/Misc/Collectible.uasset" 604
"D:/SetchOnLegs/SetchOnLegs/Content/SetchOnLegs/Audio/Misc/MegaPickup.uasset" 605
"D:/SetchOnLegs/SetchOnLegs/Content/SetchOnLegs/Audio/Misc/ShopMusic.uasset" 606
"D:/SetchOnLegs/SetchOnLegs/Content/SetchOnLegs/Blueprint/Prompts/Collectibles/Widget_WickedWitchCollectible.uasset" 607
"D:/SetchOnLegs/SetchOnLegs/Content/SetchOnLegs/Blueprint/Prompts/Creator/Widget_WitchesWelcome.uasset" 608
"D:/SetchOnLegs/SetchOnLegs/Content/SetchOnLegs/Sprites/Map/SetchOnLegsTileSet.uasset" 609
"D:/SetchOnLegs/SetchOnLegs/Content/SetchOnLegs/Sprites/04AWitchesWelcome/Map/AWitchesWelcomeTileMap.uasset" 610
"D:/SetchOnLegs/SetchOnLegs/Content/SetchOnLegs/Sprites/04AWitchesWelcome/Map/AWitchesWelcomeTileMap2.uasset" 611
"D:/SetchOnLegs/SetchOnLegs/Content/SetchOnLegs/Sprites/04AWitchesWelcome/Map/BossBackgroundTex.uasset" 612
"D:/SetchOnLegs/SetchOnLegs/Content/SetchOnLegs/Sprites/04AWitchesWelcome/Map/BossBackground.uasset" 613
"D:/SetchOnLegs/SetchOnLegs/Content/SetchOnLegs/Sprites/04AWitchesWelcome/Map/BushesTex.uasset" 614
"D:/SetchOnLegs/SetchOnLegs/Content/SetchOnLegs/Sprites/04AWitchesWelcome/Map/Bushes.uasset" 615
"D:/SetchOnLegs/SetchOnLegs/Content/SetchOnLegs/Sprites/04AWitchesWelcome/Map/TreeTex.uasset" 616
"D:/SetchOnLegs/SetchOnLegs/Content/SetchOnLegs/Sprites/04AWitchesWelcome/Map/Tree.uasset" 617
"D:/SetchOnLegs/SetchOnLegs/Content/SetchOnLegs/Sprites/Map/Ladder.uasset" 618
"D:/SetchOnLegs/SetchOnLegs/Content/SetchOnLegs/Levels/AWitchesWelcome/AWitchesWelcome.umap" 619
"D:/SetchOnLegs/SetchOnLegs/Content/2DSideScrollerBP/Blueprints/2DSideScrollerGameMode.uasset" 620
"D:/SetchOnLegs/SetchOnLegs/Content/SetchOnLegs/Sprites/01HinceInHell/Traps/Flame.uasset" 621
"D:/SetchOnLegs/SetchOnLegs/Content/SetchOnLegs/Sprites/01HinceInHell/Traps/Flame_Sprite_11.uasset" 622
"D:/SetchOnLegs/SetchOnLegs/Content/SetchOnLegs/Blueprint/01HinceInHell/BP_Fireball.uasset" 623
"D:/SetchOnLegs/SetchOnLegs/Content/SetchOnLegs/Blueprint/Misc/BP_FallTrap.uasset" 624
"D:/SetchOnLegs/SetchOnLegs/Content/SetchOnLegs/Sprites/01HinceInHell/Map/BossBackgroundVideo.uasset" 625
"D:/SetchOnLegs/SetchOnLegs/Content/SetchOnLegs/Levels/HinceInHell/HinceInHell_BuiltData.uasset" 626
"D:/SetchOnLegs/SetchOnLegs/Content/SetchOnLegs/Sprites/01HinceInHell/Map/BossBackgroundPlayer.uasset" 627
"D:/SetchOnLegs/SetchOnLegs/Content/SetchOnLegs/Audio/HinceInHell/HinceInHellMusic.uasset" 628
"D:/SetchOnLegs/SetchOnLegs/Content/SetchOnLegs/Blueprint/Misc/Widget_LevelIntro.uasset" 629
"D:/SetchOnLegs/SetchOnLegs/Content/SetchOnLegs/Blueprint/Prompts/Collectibles/Widget_HinceInHellCollectible.uasset" 630
"D:/SetchOnLegs/SetchOnLegs/Content/SetchOnLegs/Sprites/01HinceInHell/Map/BossBackgroundTex.uasset" 631
"D:/SetchOnLegs/SetchOnLegs/Content/SetchOnLegs/Sprites/01HinceInHell/Map/BossBackground.uasset" 632
"D:/SetchOnLegs/SetchOnLegs/Content/SetchOnLegs/Sprites/01HinceInHell/Map/HinceInHellTileMap.uasset" 633
"D:/SetchOnLegs/SetchOnLegs/Content/SetchOnLegs/Sprites/01HinceInHell/Map/RockTex.uasset" 634
"D:/SetchOnLegs/SetchOnLegs/Content/SetchOnLegs/Sprites/01HinceInHell/Map/Rock.uasset" 635
"D:/SetchOnLegs/SetchOnLegs/Content/SetchOnLegs/Sprites/01HinceInHell/Map/Sign1Tex.uasset" 636
"D:/SetchOnLegs/SetchOnLegs/Content/SetchOnLegs/Sprites/01HinceInHell/Map/Sign1.uasset" 637
"D:/SetchOnLegs/SetchOnLegs/Content/SetchOnLegs/Sprites/01HinceInHell/Map/Sign2Tex.uasset" 638
"D:/SetchOnLegs/SetchOnLegs/Content/SetchOnLegs/Sprites/01HinceInHell/Map/Sign2.uasset" 639
"D:/SetchOnLegs/SetchOnLegs/Content/SetchOnLegs/Levels/HinceInHell/HinceInHell.umap" 640
